#
# A fatal error has been detected by the Java Runtime Environment:
#
#  EXCEPTION_ACCESS_VIOLATION (0xc0000005) at pc=0x00000000543234b3, pid=9856, tid=0x0000000000000fc8
#
# JRE version: Java(TM) SE Runtime Environment (8.0_161-b12) (build 1.8.0_161-b12)
# Java VM: Java HotSpot(TM) 64-Bit Server VM (25.161-b12 mixed mode windows-amd64 compressed oops)
# Problematic frame:
# V  [jvm.dll+0x5134b3]
#
# Failed to write core dump. Minidumps are not enabled by default on client versions of Windows
#
# If you would like to submit a bug report, please visit:
#   http://bugreport.java.com/bugreport/crash.jsp
#

---------------  T H R E A D  ---------------

Current thread (0x0000000016b91000):  JavaThread "C2 CompilerThread1" daemon [_thread_in_native, id=4040, stack(0x0000000017350000,0x0000000017450000)]

siginfo: ExceptionCode=0xc0000005, reading address 0xffffffffffffffff

Registers:
RAX=0x00000000000001f4, RBX=0x0000000000000040, RCX=0x040000002550a060, RDX=0x0000000025509ad8
RSP=0x000000001744c430, RBP=0x000000001744c530, RSI=0x0000000000000001, RDI=0x00000000000001d0
R8 =0x0000000000000001, R9 =0x0000000000000002, R10=0x0000000025509a20, R11=0x000000001744c910
R12=0x00000000255098d0, R13=0x0000000000000008, R14=0x00000000252e6200, R15=0x0000000000000001
RIP=0x00000000543234b3, EFLAGS=0x0000000000010297

Top of Stack: (sp=0x000000001744c430)
0x000000001744c430:   000000001744c910 000000002417de48
0x000000001744c440:   0000000000000001 0000000025509a20
0x000000001744c450:   000000001dd5a980 000000001dd5a940
0x000000001744c460:   0000000000000001 00000000ffffffff
0x000000001744c470:   00000000255098d0 0000004000000002
0x000000001744c480:   0000000000000000 0000000000000007
0x000000001744c490:   00000000207d7fe0 0000000000000000
0x000000001744c4a0:   000000001e5e90a0 0000000100000918
0x000000001744c4b0:   0000000025509a20 0000000000000008
0x000000001744c4c0:   00000000252e6200 0000000000000918
0x000000001744c4d0:   0000000000000010 00000000252e6200
0x000000001744c4e0:   0000000000384490 00000000252e5fd0
0x000000001744c4f0:   00000000252edfb8 0000000016b6c690
0x000000001744c500:   0000000000000000 0000000000000000
0x000000001744c510:   0000000000000000 0000000000000000
0x000000001744c520:   0000000000000000 00000000002aba20 

Instructions: (pc=0x00000000543234b3)
0x0000000054323493:   90 49 83 3c fe 00 0f 84 cf 02 00 00 45 8b 4a 48
0x00000000543234a3:   45 33 c0 45 85 c9 74 23 49 8b 52 40 90 48 8b 0a
0x00000000543234b3:   8b 41 4c 49 83 3c c6 00 75 05 49 3b cc 75 0c 41
0x00000000543234c3:   ff c0 48 83 c2 08 45 3b c1 72 e2 45 3b c1 0f 82 


Register to memory mapping:

RAX=0x00000000000001f4 is an unknown value
RBX=0x0000000000000040 is an unknown value
RCX=0x040000002550a060 is an unknown value
RDX=0x0000000025509ad8 is an unknown value
RSP=0x000000001744c430 is pointing into the stack for thread: 0x0000000016b91000
RBP=0x000000001744c530 is pointing into the stack for thread: 0x0000000016b91000
RSI=0x0000000000000001 is an unknown value
RDI=0x00000000000001d0 is an unknown value
R8 =0x0000000000000001 is an unknown value
R9 =0x0000000000000002 is an unknown value
R10=0x0000000025509a20 is an unknown value
R11=0x000000001744c910 is pointing into the stack for thread: 0x0000000016b91000
R12=0x00000000255098d0 is an unknown value
R13=0x0000000000000008 is an unknown value
R14=0x00000000252e6200 is an unknown value
R15=0x0000000000000001 is an unknown value


Stack: [0x0000000017350000,0x0000000017450000],  sp=0x000000001744c430,  free space=1009k
Native frames: (J=compiled Java code, j=interpreted, Vv=VM code, C=native code)
V  [jvm.dll+0x5134b3]
V  [jvm.dll+0x469d23]
V  [jvm.dll+0x47505b]
V  [jvm.dll+0x477967]
V  [jvm.dll+0x45a172]
V  [jvm.dll+0xa6052]
V  [jvm.dll+0xa699f]
V  [jvm.dll+0x24533f]
V  [jvm.dll+0x29cc4a]
C  [msvcr100.dll+0x21d9f]
C  [msvcr100.dll+0x21e3b]
C  [KERNEL32.DLL+0x8364]
C  [ntdll.dll+0x670d1]


Current CompileTask:
C2:  14688 7357       4       org.eclipse.jetty.webapp.WebAppClassLoader::loadClass (7 bytes)


---------------  P R O C E S S  ---------------

Java Threads: ( => current thread )
  0x0000000021097000 JavaThread "Abandoned connection cleanup thread" daemon [_thread_blocked, id=4808, stack(0x0000000021c60000,0x0000000021d60000)]
  0x0000000017815000 JavaThread "HashSessionScavenger-0" daemon [_thread_blocked, id=11108, stack(0x000000001cc30000,0x000000001cd30000)]
  0x0000000018f2f800 JavaThread "ShutdownMonitor" daemon [_thread_in_native, id=6644, stack(0x000000001a990000,0x000000001aa90000)]
  0x0000000016bf4800 JavaThread "Service Thread" daemon [_thread_blocked, id=808, stack(0x0000000017550000,0x0000000017650000)]
  0x0000000016b93000 JavaThread "C1 CompilerThread2" daemon [_thread_blocked, id=8004, stack(0x0000000017450000,0x0000000017550000)]
=>0x0000000016b91000 JavaThread "C2 CompilerThread1" daemon [_thread_in_native, id=4040, stack(0x0000000017350000,0x0000000017450000)]
  0x0000000016b8c000 JavaThread "C2 CompilerThread0" daemon [_thread_in_native, id=212, stack(0x0000000017250000,0x0000000017350000)]
  0x0000000016b79800 JavaThread "Monitor Ctrl-Break" daemon [_thread_in_native, id=9304, stack(0x0000000017150000,0x0000000017250000)]
  0x000000001580f800 JavaThread "Attach Listener" daemon [_thread_blocked, id=4400, stack(0x0000000017050000,0x0000000017150000)]
  0x0000000016b58800 JavaThread "Signal Dispatcher" daemon [_thread_blocked, id=8300, stack(0x0000000016f50000,0x0000000017050000)]
  0x00000000157ea800 JavaThread "Finalizer" daemon [_thread_blocked, id=6916, stack(0x0000000016a50000,0x0000000016b50000)]
  0x00000000031f2000 JavaThread "Reference Handler" daemon [_thread_blocked, id=2092, stack(0x0000000016950000,0x0000000016a50000)]
  0x0000000003103800 JavaThread "main" [_thread_in_vm, id=11080, stack(0x0000000002e40000,0x0000000002f40000)]

Other Threads:
  0x00000000157c9000 VMThread [stack: 0x0000000016850000,0x0000000016950000] [id=11856]
  0x0000000016c97000 WatcherThread [stack: 0x0000000017650000,0x0000000017750000] [id=2376]

VM state:not at safepoint (normal execution)

VM Mutex/Monitor currently owned by a thread: None

Heap:
 PSYoungGen      total 256512K, used 208599K [0x00000000eb200000, 0x00000000ffd00000, 0x0000000100000000)
  eden space 252928K, 82% used [0x00000000eb200000,0x00000000f7db5eb8,0x00000000fa900000)
  from space 3584K, 0% used [0x00000000fa900000,0x00000000fa900000,0x00000000fac80000)
  to   space 43008K, 0% used [0x00000000fd300000,0x00000000fd300000,0x00000000ffd00000)
 ParOldGen       total 84480K, used 22403K [0x00000000c1600000, 0x00000000c6880000, 0x00000000eb200000)
  object space 84480K, 26% used [0x00000000c1600000,0x00000000c2be0f98,0x00000000c6880000)
 Metaspace       used 44038K, capacity 44696K, committed 45056K, reserved 1089536K
  class space    used 5157K, capacity 5374K, committed 5376K, reserved 1048576K

Card table byte_map: [0x00000000125c0000,0x00000000127c0000] byte_map_base: 0x0000000011fb5000

Marking Bits: (ParMarkBitMap*) 0x000000005462f860
 Begin Bits: [0x0000000012d10000, 0x0000000013cb8000)
 End Bits:   [0x0000000013cb8000, 0x0000000014c60000)

Polling page: 0x0000000000fd0000

CodeCache: size=245760Kb used=25631Kb max_used=25650Kb free=220128Kb
 bounds [0x0000000003200000, 0x0000000004b30000, 0x0000000012200000]
 total_blobs=7243 nmethods=6758 adapters=397
 compilation: enabled

Compilation events (10 events):
Event: 14.634 Thread 0x0000000016b93000 7510   !   2       com.sun.proxy.$Proxy26::equals (39 bytes)
Event: 14.634 Thread 0x0000000016b93000 nmethod 7510 0x0000000004b0b990 code [0x0000000004b0bb20, 0x0000000004b0bef8]
Event: 14.634 Thread 0x0000000016b93000 7511   !   2       com.sun.proxy.$Proxy29::annotationType (29 bytes)
Event: 14.634 Thread 0x0000000016b93000 nmethod 7511 0x0000000004b0c190 code [0x0000000004b0c320, 0x0000000004b0c5d8]
Event: 14.641 Thread 0x0000000016b93000 7512       2       java.util.AbstractMap::hashCode (43 bytes)
Event: 14.642 Thread 0x0000000016b93000 nmethod 7512 0x0000000004b0c750 code [0x0000000004b0c900, 0x0000000004b0cbe8]
Event: 14.646 Thread 0x0000000016b93000 7513       1       java.util.Collections$EmptyMap::hashCode (2 bytes)
Event: 14.646 Thread 0x0000000016b93000 nmethod 7513 0x0000000004b0cd50 code [0x0000000004b0cea0, 0x0000000004b0cfb0]
Event: 14.651 Thread 0x0000000016b93000 7514       2       org.springframework.util.MimeType::isWildcardType (10 bytes)
Event: 14.651 Thread 0x0000000016b93000 nmethod 7514 0x0000000004b0d010 code [0x0000000004b0d180, 0x0000000004b0d308]

GC Heap History (10 events):
Event: 8.625 GC heap before
{Heap before GC invocations=14 (full 2):
 PSYoungGen      total 184320K, used 183806K [0x00000000eb200000, 0x00000000fb800000, 0x0000000100000000)
  eden space 158720K, 100% used [0x00000000eb200000,0x00000000f4d00000,0x00000000f4d00000)
  from space 25600K, 97% used [0x00000000f4d00000,0x00000000f657fa58,0x00000000f6600000)
  to   space 29696K, 0% used [0x00000000f9b00000,0x00000000f9b00000,0x00000000fb800000)
 ParOldGen       total 93696K, used 42850K [0x00000000c1600000, 0x00000000c7180000, 0x00000000eb200000)
  object space 93696K, 45% used [0x00000000c1600000,0x00000000c3fd8ac0,0x00000000c7180000)
 Metaspace       used 22262K, capacity 22686K, committed 22912K, reserved 1069056K
  class space    used 2541K, capacity 2682K, committed 2688K, reserved 1048576K
Event: 8.662 GC heap after
Heap after GC invocations=14 (full 2):
 PSYoungGen      total 231936K, used 29688K [0x00000000eb200000, 0x00000000fc780000, 0x0000000100000000)
  eden space 202240K, 0% used [0x00000000eb200000,0x00000000eb200000,0x00000000f7780000)
  from space 29696K, 99% used [0x00000000f9b00000,0x00000000fb7fe2b0,0x00000000fb800000)
  to   space 36352K, 0% used [0x00000000f7780000,0x00000000f7780000,0x00000000f9b00000)
 ParOldGen       total 93696K, used 48530K [0x00000000c1600000, 0x00000000c7180000, 0x00000000eb200000)
  object space 93696K, 51% used [0x00000000c1600000,0x00000000c4564ba8,0x00000000c7180000)
 Metaspace       used 22262K, capacity 22686K, committed 22912K, reserved 1069056K
  class space    used 2541K, capacity 2682K, committed 2688K, reserved 1048576K
}
Event: 9.626 GC heap before
{Heap before GC invocations=15 (full 2):
 PSYoungGen      total 231936K, used 231928K [0x00000000eb200000, 0x00000000fc780000, 0x0000000100000000)
  eden space 202240K, 100% used [0x00000000eb200000,0x00000000f7780000,0x00000000f7780000)
  from space 29696K, 99% used [0x00000000f9b00000,0x00000000fb7fe2b0,0x00000000fb800000)
  to   space 36352K, 0% used [0x00000000f7780000,0x00000000f7780000,0x00000000f9b00000)
 ParOldGen       total 93696K, used 48530K [0x00000000c1600000, 0x00000000c7180000, 0x00000000eb200000)
  object space 93696K, 51% used [0x00000000c1600000,0x00000000c4564ba8,0x00000000c7180000)
 Metaspace       used 23549K, capacity 24014K, committed 24448K, reserved 1071104K
  class space    used 2688K, capacity 2849K, committed 2944K, reserved 1048576K
Event: 9.683 GC heap after
Heap after GC invocations=15 (full 2):
 PSYoungGen      total 238592K, used 36320K [0x00000000eb200000, 0x0000000100000000, 0x0000000100000000)
  eden space 202240K, 0% used [0x00000000eb200000,0x00000000eb200000,0x00000000f7780000)
  from space 36352K, 99% used [0x00000000f7780000,0x00000000f9af8328,0x00000000f9b00000)
  to   space 45568K, 0% used [0x00000000fd380000,0x00000000fd380000,0x0000000100000000)
 ParOldGen       total 93696K, used 57264K [0x00000000c1600000, 0x00000000c7180000, 0x00000000eb200000)
  object space 93696K, 61% used [0x00000000c1600000,0x00000000c4dec118,0x00000000c7180000)
 Metaspace       used 23549K, capacity 24014K, committed 24448K, reserved 1071104K
  class space    used 2688K, capacity 2849K, committed 2944K, reserved 1048576K
}
Event: 11.753 GC heap before
{Heap before GC invocations=16 (full 2):
 PSYoungGen      total 238592K, used 238560K [0x00000000eb200000, 0x0000000100000000, 0x0000000100000000)
  eden space 202240K, 100% used [0x00000000eb200000,0x00000000f7780000,0x00000000f7780000)
  from space 36352K, 99% used [0x00000000f7780000,0x00000000f9af8328,0x00000000f9b00000)
  to   space 45568K, 0% used [0x00000000fd380000,0x00000000fd380000,0x0000000100000000)
 ParOldGen       total 93696K, used 57264K [0x00000000c1600000, 0x00000000c7180000, 0x00000000eb200000)
  object space 93696K, 61% used [0x00000000c1600000,0x00000000c4dec118,0x00000000c7180000)
 Metaspace       used 35778K, capacity 36370K, committed 36736K, reserved 1081344K
  class space    used 4227K, capacity 4407K, committed 4480K, reserved 1048576K
Event: 11.782 GC heap after
Heap after GC invocations=16 (full 2):
 PSYoungGen      total 298496K, used 13889K [0x00000000eb200000, 0x0000000100000000, 0x0000000100000000)
  eden space 252928K, 0% used [0x00000000eb200000,0x00000000eb200000,0x00000000fa900000)
  from space 45568K, 30% used [0x00000000fd380000,0x00000000fe110768,0x0000000100000000)
  to   space 43520K, 0% used [0x00000000fa900000,0x00000000fa900000,0x00000000fd380000)
 ParOldGen       total 93696K, used 58872K [0x00000000c1600000, 0x00000000c7180000, 0x00000000eb200000)
  object space 93696K, 62% used [0x00000000c1600000,0x00000000c4f7e368,0x00000000c7180000)
 Metaspace       used 35778K, capacity 36370K, committed 36736K, reserved 1081344K
  class space    used 4227K, capacity 4407K, committed 4480K, reserved 1048576K
}
Event: 12.720 GC heap before
{Heap before GC invocations=17 (full 2):
 PSYoungGen      total 298496K, used 73822K [0x00000000eb200000, 0x0000000100000000, 0x0000000100000000)
  eden space 252928K, 23% used [0x00000000eb200000,0x00000000eec87458,0x00000000fa900000)
  from space 45568K, 30% used [0x00000000fd380000,0x00000000fe110768,0x0000000100000000)
  to   space 43520K, 0% used [0x00000000fa900000,0x00000000fa900000,0x00000000fd380000)
 ParOldGen       total 93696K, used 58872K [0x00000000c1600000, 0x00000000c7180000, 0x00000000eb200000)
  object space 93696K, 62% used [0x00000000c1600000,0x00000000c4f7e368,0x00000000c7180000)
 Metaspace       used 37225K, capacity 37822K, committed 38144K, reserved 1083392K
  class space    used 4366K, capacity 4553K, committed 4608K, reserved 1048576K
Event: 12.732 GC heap after
Heap after GC invocations=17 (full 2):
 PSYoungGen      total 256512K, used 3102K [0x00000000eb200000, 0x00000000ffd00000, 0x0000000100000000)
  eden space 252928K, 0% used [0x00000000eb200000,0x00000000eb200000,0x00000000fa900000)
  from space 3584K, 86% used [0x00000000fa900000,0x00000000fac07950,0x00000000fac80000)
  to   space 43008K, 0% used [0x00000000fd300000,0x00000000fd300000,0x00000000ffd00000)
 ParOldGen       total 93696K, used 62380K [0x00000000c1600000, 0x00000000c7180000, 0x00000000eb200000)
  object space 93696K, 66% used [0x00000000c1600000,0x00000000c52eb260,0x00000000c7180000)
 Metaspace       used 37225K, capacity 37822K, committed 38144K, reserved 1083392K
  class space    used 4366K, capacity 4553K, committed 4608K, reserved 1048576K
}
Event: 12.732 GC heap before
{Heap before GC invocations=18 (full 3):
 PSYoungGen      total 256512K, used 3102K [0x00000000eb200000, 0x00000000ffd00000, 0x0000000100000000)
  eden space 252928K, 0% used [0x00000000eb200000,0x00000000eb200000,0x00000000fa900000)
  from space 3584K, 86% used [0x00000000fa900000,0x00000000fac07950,0x00000000fac80000)
  to   space 43008K, 0% used [0x00000000fd300000,0x00000000fd300000,0x00000000ffd00000)
 ParOldGen       total 93696K, used 62380K [0x00000000c1600000, 0x00000000c7180000, 0x00000000eb200000)
  object space 93696K, 66% used [0x00000000c1600000,0x00000000c52eb260,0x00000000c7180000)
 Metaspace       used 37225K, capacity 37822K, committed 38144K, reserved 1083392K
  class space    used 4366K, capacity 4553K, committed 4608K, reserved 1048576K
Event: 12.880 GC heap after
Heap after GC invocations=18 (full 3):
 PSYoungGen      total 256512K, used 0K [0x00000000eb200000, 0x00000000ffd00000, 0x0000000100000000)
  eden space 252928K, 0% used [0x00000000eb200000,0x00000000eb200000,0x00000000fa900000)
  from space 3584K, 0% used [0x00000000fa900000,0x00000000fa900000,0x00000000fac80000)
  to   space 43008K, 0% used [0x00000000fd300000,0x00000000fd300000,0x00000000ffd00000)
 ParOldGen       total 84480K, used 22403K [0x00000000c1600000, 0x00000000c6880000, 0x00000000eb200000)
  object space 84480K, 26% used [0x00000000c1600000,0x00000000c2be0f98,0x00000000c6880000)
 Metaspace       used 37168K, capacity 37732K, committed 38144K, reserved 1083392K
  class space    used 4357K, capacity 4538K, committed 4608K, reserved 1048576K
}

Deoptimization events (10 events):
Event: 14.266 Thread 0x0000000003103800 Uncommon trap: reason=class_check action=maybe_recompile pc=0x0000000004185160 method=org.aspectj.weaver.reflect.JavaLangTypeToResolvedTypeConverter.fromType(Ljava/lang/reflect/Type;)Lorg/aspectj/weaver/ResolvedType; @ 341
Event: 14.272 Thread 0x0000000003103800 Uncommon trap: reason=unstable_if action=reinterpret pc=0x0000000004a17bbc method=org.aspectj.apache.bcel.classfile.ConstantPool.<init>(Ljava/io/DataInputStream;)V @ 89
Event: 14.295 Thread 0x0000000003103800 Uncommon trap: reason=unstable_if action=reinterpret pc=0x0000000004a25c14 method=org.aspectj.weaver.TypeFactory.createTypeFromSignature(Ljava/lang/String;)Lorg/aspectj/weaver/UnresolvedType; @ 523
Event: 14.385 Thread 0x0000000003103800 Uncommon trap: reason=unstable_if action=reinterpret pc=0x00000000049d7af0 method=java.util.concurrent.ConcurrentHashMap.putVal(Ljava/lang/Object;Ljava/lang/Object;Z)Ljava/lang/Object; @ 331
Event: 14.385 Thread 0x0000000003103800 Uncommon trap: reason=unstable_if action=reinterpret pc=0x00000000048ee290 method=java.util.concurrent.ConcurrentHashMap.get(Ljava/lang/Object;)Ljava/lang/Object; @ 86
Event: 14.385 Thread 0x0000000003103800 Uncommon trap: reason=unstable_if action=reinterpret pc=0x00000000047828b0 method=java.util.concurrent.ConcurrentHashMap.get(Ljava/lang/Object;)Ljava/lang/Object; @ 86
Event: 14.389 Thread 0x0000000003103800 Uncommon trap: reason=unstable_if action=reinterpret pc=0x0000000004868ee4 method=org.aspectj.weaver.World.resolve(Lorg/aspectj/weaver/UnresolvedType;Z)Lorg/aspectj/weaver/ResolvedType; @ 249
Event: 14.411 Thread 0x0000000003103800 Uncommon trap: reason=unstable_if action=reinterpret pc=0x000000000360e6e8 method=java.util.concurrent.ConcurrentHashMap.transfer([Ljava/util/concurrent/ConcurrentHashMap$Node;[Ljava/util/concurrent/ConcurrentHashMap$Node;)V @ 356
Event: 14.411 Thread 0x0000000003103800 Uncommon trap: reason=unstable_if action=reinterpret pc=0x00000000035f96e0 method=java.util.concurrent.ConcurrentHashMap.transfer([Ljava/util/concurrent/ConcurrentHashMap$Node;[Ljava/util/concurrent/ConcurrentHashMap$Node;)V @ 356
Event: 14.416 Thread 0x0000000003103800 Uncommon trap: reason=unloaded action=reinterpret pc=0x00000000044ca504 method=org.aspectj.apache.bcel.classfile.Constant.readConstant(Ljava/io/DataInputStream;)Lorg/aspectj/apache/bcel/classfile/Constant; @ 164

Classes redefined (0 events):
No events

Internal exceptions (10 events):
Event: 14.348 Thread 0x0000000003103800 Exception <a 'java/lang/ClassNotFoundException': org/springframework/http/converter/xml/AbstractXmlHttpMessageConverterBeanInfo> (0x00000000f2ce4fc0) thrown at [C:\re\workspace\8-2-build-windows-amd64-cygwin\jdk8u161\10277\hotspot\src\share\vm\classfile\s
Event: 14.349 Thread 0x0000000003103800 Exception <a 'java/lang/ClassNotFoundException': org/springframework/http/converter/xml/AbstractXmlHttpMessageConverterCustomizer> (0x00000000f2d0e538) thrown at [C:\re\workspace\8-2-build-windows-amd64-cygwin\jdk8u161\10277\hotspot\src\share\vm\classfile
Event: 14.350 Thread 0x0000000003103800 Exception <a 'java/lang/ClassNotFoundException': org/springframework/http/converter/xml/AbstractJaxb2HttpMessageConverterCustomizer> (0x00000000f2d3d1c0) thrown at [C:\re\workspace\8-2-build-windows-amd64-cygwin\jdk8u161\10277\hotspot\src\share\vm\classfi
Event: 14.351 Thread 0x0000000003103800 Exception <a 'java/lang/ClassNotFoundException': org/springframework/http/converter/xml/Jaxb2RootElementHttpMessageConverterCustomizer> (0x00000000f2d6a990) thrown at [C:\re\workspace\8-2-build-windows-amd64-cygwin\jdk8u161\10277\hotspot\src\share\vm\clas
Event: 14.366 Thread 0x0000000003103800 Exception <a 'java/lang/ClassNotFoundException': org/springframework/http/converter/json/Jackson2ObjectMapperFactoryBeanBeanInfo> (0x00000000f2ee2388) thrown at [C:\re\workspace\8-2-build-windows-amd64-cygwin\jdk8u161\10277\hotspot\src\share\vm\classfile\
Event: 14.367 Thread 0x0000000003103800 Exception <a 'java/lang/ClassNotFoundException': org/springframework/http/converter/json/Jackson2ObjectMapperFactoryBeanCustomizer> (0x00000000f2f0bfa8) thrown at [C:\re\workspace\8-2-build-windows-amd64-cygwin\jdk8u161\10277\hotspot\src\share\vm\classfil
Event: 14.623 Thread 0x0000000003103800 Exception <a 'java/lang/ClassNotFoundException': org/springframework/web/servlet/mvc/method/annotation/JsonViewResponseBodyAdviceBeanInfo> (0x00000000f708da18) thrown at [C:\re\workspace\8-2-build-windows-amd64-cygwin\jdk8u161\10277\hotspot\src\share\vm\c
Event: 14.624 Thread 0x0000000003103800 Exception <a 'java/lang/ClassNotFoundException': org/springframework/web/servlet/mvc/method/annotation/AbstractMappingJacksonResponseBodyAdviceBeanInfo> (0x00000000f70bd7d8) thrown at [C:\re\workspace\8-2-build-windows-amd64-cygwin\jdk8u161\10277\hotspot\
Event: 14.625 Thread 0x0000000003103800 Exception <a 'java/lang/ClassNotFoundException': org/springframework/web/servlet/mvc/method/annotation/AbstractMappingJacksonResponseBodyAdviceCustomizer> (0x00000000f70eda98) thrown at [C:\re\workspace\8-2-build-windows-amd64-cygwin\jdk8u161\10277\hotspo
Event: 14.626 Thread 0x0000000003103800 Exception <a 'java/lang/ClassNotFoundException': org/springframework/web/servlet/mvc/method/annotation/JsonViewResponseBodyAdviceCustomizer> (0x00000000f7121c00) thrown at [C:\re\workspace\8-2-build-windows-amd64-cygwin\jdk8u161\10277\hotspot\src\share\vm

Events (10 events):
Event: 14.625 loading class org/springframework/web/servlet/mvc/method/annotation/JsonViewResponseBodyAdviceCustomizer
Event: 14.625 loading class org/springframework/web/servlet/mvc/method/annotation/JsonViewResponseBodyAdviceCustomizer done
Event: 14.625 loading class org/springframework/web/servlet/mvc/method/annotation/JsonViewResponseBodyAdviceCustomizer
Event: 14.625 loading class org/springframework/web/servlet/mvc/method/annotation/JsonViewResponseBodyAdviceCustomizer done
Event: 14.625 loading class org/springframework/web/servlet/mvc/method/annotation/JsonViewResponseBodyAdviceCustomizer
Event: 14.625 loading class org/springframework/web/servlet/mvc/method/annotation/JsonViewResponseBodyAdviceCustomizer done
Event: 14.625 loading class org/springframework/web/servlet/mvc/method/annotation/JsonViewResponseBodyAdviceCustomizer
Event: 14.626 loading class org/springframework/web/servlet/mvc/method/annotation/JsonViewResponseBodyAdviceCustomizer done
Event: 14.626 loading class org/springframework/web/servlet/mvc/method/annotation/JsonViewResponseBodyAdviceCustomizer
Event: 14.626 loading class org/springframework/web/servlet/mvc/method/annotation/JsonViewResponseBodyAdviceCustomizer done


Dynamic libraries:
0x00007ff66b860000 - 0x00007ff66b897000 	C:\Program Files\Java\jdk1.8.0_161\bin\java.exe
0x00007ffdf2a30000 - 0x00007ffdf2c01000 	C:\WINDOWS\SYSTEM32\ntdll.dll
0x00007ffdf0df0000 - 0x00007ffdf0e9b000 	C:\WINDOWS\System32\KERNEL32.DLL
0x00007ffdef060000 - 0x00007ffdef27d000 	C:\WINDOWS\System32\KERNELBASE.dll
0x00007ffdf2980000 - 0x00007ffdf2a22000 	C:\WINDOWS\System32\ADVAPI32.dll
0x00007ffdf28e0000 - 0x00007ffdf297e000 	C:\WINDOWS\System32\msvcrt.dll
0x00007ffdf1100000 - 0x00007ffdf1159000 	C:\WINDOWS\System32\sechost.dll
0x00007ffdf0200000 - 0x00007ffdf0321000 	C:\WINDOWS\System32\RPCRT4.dll
0x00007ffdf0ea0000 - 0x00007ffdf1005000 	C:\WINDOWS\System32\USER32.dll
0x00007ffdef040000 - 0x00007ffdef05e000 	C:\WINDOWS\System32\win32u.dll
0x00007ffdeffc0000 - 0x00007ffdefff4000 	C:\WINDOWS\System32\GDI32.dll
0x00007ffdef280000 - 0x00007ffdef402000 	C:\WINDOWS\System32\gdi32full.dll
0x00007ffde2f80000 - 0x00007ffde31f9000 	C:\WINDOWS\WinSxS\amd64_microsoft.windows.common-controls_6595b64144ccf1df_6.0.14393.447_none_42191651c6827bb3\COMCTL32.dll
0x00007ffdf08b0000 - 0x00007ffdf0b78000 	C:\WINDOWS\System32\combase.dll
0x00007ffdefcc0000 - 0x00007ffdefdb5000 	C:\WINDOWS\System32\ucrtbase.dll
0x00007ffdeefd0000 - 0x00007ffdef03a000 	C:\WINDOWS\System32\bcryptPrimitives.dll
0x00007ffdf0100000 - 0x00007ffdf012e000 	C:\WINDOWS\System32\IMM32.DLL
0x00000000546b0000 - 0x0000000054782000 	C:\Program Files\Java\jdk1.8.0_161\jre\bin\msvcr100.dll
0x0000000053e10000 - 0x00000000546af000 	C:\Program Files\Java\jdk1.8.0_161\jre\bin\server\jvm.dll
0x00007ffdf0d40000 - 0x00007ffdf0d48000 	C:\WINDOWS\System32\PSAPI.DLL
0x00007ffdec3f0000 - 0x00007ffdec3f9000 	C:\WINDOWS\SYSTEM32\WSOCK32.dll
0x00007ffded2f0000 - 0x00007ffded313000 	C:\WINDOWS\SYSTEM32\WINMM.dll
0x00007ffde7e60000 - 0x00007ffde7e6a000 	C:\WINDOWS\SYSTEM32\VERSION.dll
0x00007ffdf1160000 - 0x00007ffdf11ca000 	C:\WINDOWS\System32\WS2_32.dll
0x00007ffded2c0000 - 0x00007ffded2eb000 	C:\WINDOWS\SYSTEM32\WINMMBASE.dll
0x00007ffdeef20000 - 0x00007ffdeef62000 	C:\WINDOWS\System32\cfgmgr32.dll
0x0000000053e00000 - 0x0000000053e0f000 	C:\Program Files\Java\jdk1.8.0_161\jre\bin\verify.dll
0x0000000053dd0000 - 0x0000000053df9000 	C:\Program Files\Java\jdk1.8.0_161\jre\bin\java.dll
0x0000000053da0000 - 0x0000000053dc3000 	C:\Program Files\Java\jdk1.8.0_161\jre\bin\instrument.dll
0x0000000053d80000 - 0x0000000053d96000 	C:\Program Files\Java\jdk1.8.0_161\jre\bin\zip.dll
0x00007ffdf13d0000 - 0x00007ffdf28d9000 	C:\WINDOWS\System32\SHELL32.dll
0x00007ffdef410000 - 0x00007ffdefaea000 	C:\WINDOWS\System32\windows.storage.dll
0x00007ffdeee90000 - 0x00007ffdeeedc000 	C:\WINDOWS\System32\powrprof.dll
0x00007ffdf1370000 - 0x00007ffdf13c2000 	C:\WINDOWS\System32\shlwapi.dll
0x00007ffdeef10000 - 0x00007ffdeef1f000 	C:\WINDOWS\System32\kernel.appcore.dll
0x00007ffdefdc0000 - 0x00007ffdefe69000 	C:\WINDOWS\System32\shcore.dll
0x00007ffdeeee0000 - 0x00007ffdeeef4000 	C:\WINDOWS\System32\profapi.dll
0x00007ffdec320000 - 0x00007ffdec33a000 	C:\Program Files\Jetbrains\IntelliJ IDEA 2018.1.5\bin\breakgen64.dll
0x0000000053c70000 - 0x0000000053c8a000 	C:\Program Files\Java\jdk1.8.0_161\jre\bin\net.dll
0x00007ffdee790000 - 0x00007ffdee7ec000 	C:\WINDOWS\system32\mswsock.dll
0x00007ffdee930000 - 0x00007ffdee947000 	C:\WINDOWS\SYSTEM32\CRYPTSP.dll
0x00007ffdee3a0000 - 0x00007ffdee3d3000 	C:\WINDOWS\system32\rsaenh.dll
0x00007ffdeea40000 - 0x00007ffdeea6b000 	C:\WINDOWS\SYSTEM32\bcrypt.dll
0x00007ffdee610000 - 0x00007ffdee62f000 	C:\WINDOWS\SYSTEM32\USERENV.dll
0x00007ffdee950000 - 0x00007ffdee95b000 	C:\WINDOWS\SYSTEM32\CRYPTBASE.dll
0x00007ffdee520000 - 0x00007ffdee558000 	C:\WINDOWS\SYSTEM32\IPHLPAPI.DLL
0x00007ffdf0130000 - 0x00007ffdf0138000 	C:\WINDOWS\System32\NSI.dll
0x00007ffde81c0000 - 0x00007ffde81d6000 	C:\WINDOWS\SYSTEM32\dhcpcsvc6.DLL
0x00007ffde86f0000 - 0x00007ffde870a000 	C:\WINDOWS\SYSTEM32\dhcpcsvc.DLL
0x0000000053c50000 - 0x0000000053c61000 	C:\Program Files\Java\jdk1.8.0_161\jre\bin\nio.dll
0x00007ffdec460000 - 0x00007ffdec46a000 	C:\Users\Administrator\AppData\Local\Temp\jansi-1.17.1-8660138897978326298.dll
0x00007ffdec310000 - 0x00007ffdec31a000 	C:\Users\Administrator\AppData\Local\Temp\jansi-1.17.1-2023411966962271019.dll
0x0000000053d70000 - 0x0000000053d7d000 	C:\Program Files\Java\jdk1.8.0_161\jre\bin\management.dll
0x00007ffde1920000 - 0x00007ffde1ab2000 	C:\WINDOWS\SYSTEM32\dbghelp.dll

VM Arguments:
jvm_args: -Dmaven.multiModuleProjectDirectory=C:\Users\Administrator\Desktop\agencyOfFarmers -Dmaven.home=D:\apache-maven-3.5.4-bin\apache-maven-3.5.4 -Dclassworlds.conf=D:\apache-maven-3.5.4-bin\apache-maven-3.5.4\bin\m2.conf -javaagent:C:\Program Files\Jetbrains\IntelliJ IDEA 2018.1.5\lib\idea_rt.jar=10846:C:\Program Files\Jetbrains\IntelliJ IDEA 2018.1.5\bin -Dfile.encoding=UTF-8 
java_command: org.codehaus.classworlds.Launcher -Didea.version=2018.1.6 jetty:run
java_class_path (initial): D:\apache-maven-3.5.4-bin\apache-maven-3.5.4\boot\plexus-classworlds-2.5.2.jar;C:\Program Files\Jetbrains\IntelliJ IDEA 2018.1.5\lib\idea_rt.jar
Launcher Type: SUN_STANDARD

Environment Variables:
JAVA_HOME=C:\Program Files\Java\jdk1.8.0_161
JRE_HOME=C:\Program Files\Java\jre1.8.0_161
CLASSPATH=.;C:\Program Files\Java\jdk1.8.0_161\lib\dt.jar;C:\Program Files\Java\jdk1.8.0_161\lib\tools.jar;C:\Users\Administrator\Desktop\work\apache-tomcat-8.0.50\lib;
PATH=C:\Program Files\Java\jdk1.8.0_161\bin;C:\ProgramData\Oracle\Java\javapath;C:\WINDOWS\system32;C:\WINDOWS;C:\WINDOWS\System32\Wbem;D:\MATLAB7\bin\win32;C:\MATLAB7\bin\win32;C:\Program Files\Java\jdk1.8.0_161;H:\Program Files\Git\cmd;C:\Program Files\Microsoft SQL Server\Client SDK\ODBC\130\Tools\Binn\;C:\Program Files (x86)\Microsoft SQL Server\140\Tools\Binn\;C:\Program Files\Microsoft SQL Server\140\Tools\Binn\;C:\Program Files\Microsoft SQL Server\140\DTS\Binn\;C:\Program Files (x86)\Microsoft SQL Server\Client SDK\ODBC\130\Tools\Binn\;C:\Program Files (x86)\Microsoft SQL Server\140\DTS\Binn\;C:\Program Files (x86)\Microsoft SQL Server\140\Tools\Binn\ManagementStudio\;C:\Program Files (x86)\Xoreax\IncrediBuild;C:\Program Files\Java\jdk1.8.0_161\jre\bin;C:\Program Files\Java\jre1.8.0_161;e:\quartus\bin;C:\Program Files\Git\cmd;C:\Program Files\TortoiseGit\bin;D:\apache-maven-3.5.4-bin\apache-maven-3.5.4\bin;D:\bin;C:\Program Files\MySQL\MySQL Server 5.5\bin;C:\Program Files\MySQL\MySQL Server 5.5\lib;D:\Èí¼þ\Scripts\;D:\Èí¼þ\;C:\Users\Administrator\AppData\Local\Microsoft\WindowsApps
USERNAME=Administrator
OS=Windows_NT
PROCESSOR_IDENTIFIER=Intel64 Family 6 Model 78 Stepping 3, GenuineIntel



---------------  S Y S T E M  ---------------

OS: Windows 10.0 , 64 bit Build 14393 (10.0.14393.0)

CPU:total 4 (initial active 4) (2 cores per cpu, 2 threads per core) family 6 model 78 stepping 3, cmov, cx8, fxsr, mmx, sse, sse2, sse3, ssse3, sse4.1, sse4.2, popcnt, avx, avx2, aes, clmul, erms, 3dnowpref, lzcnt, ht, tsc, tscinvbit, bmi1, bmi2, adx

Memory: 4k page, physical 4097960k(226184k free), swap 9284236k(1285220k free)

vm_info: Java HotSpot(TM) 64-Bit Server VM (25.161-b12) for windows-amd64 JRE (1.8.0_161-b12), built on Dec 19 2017 17:52:25 by "java_re" with MS VC++ 10.0 (VS2010)

time: Tue Jul 24 11:47:22 2018
elapsed time: 14 seconds (0d 0h 0m 14s)

