#
# A fatal error has been detected by the Java Runtime Environment:
#
#  EXCEPTION_ACCESS_VIOLATION (0xc0000005) at pc=0x0000000056414b78, pid=7192, tid=0x00000000000023a0
#
# JRE version: Java(TM) SE Runtime Environment (8.0_161-b12) (build 1.8.0_161-b12)
# Java VM: Java HotSpot(TM) 64-Bit Server VM (25.161-b12 mixed mode windows-amd64 compressed oops)
# Problematic frame:
# V  [jvm.dll+0x114b78]
#
# Failed to write core dump. Minidumps are not enabled by default on client versions of Windows
#
# If you would like to submit a bug report, please visit:
#   http://bugreport.java.com/bugreport/crash.jsp
#

---------------  T H R E A D  ---------------

Current thread (0x000000000338d800):  GCTaskThread [stack: 0x0000000012c80000,0x0000000012d80000] [id=9120]

siginfo: ExceptionCode=0xc0000005, reading address 0xffffffffffffffff

Registers:
RAX=0x0000000012f80000, RBX=0x0000000004000000, RCX=0x0000000000000000, RDX=0x0000000000000000
RSP=0x0000000012d7f940, RBP=0x00000000ef198ac4, RSI=0x0000000000000003, RDI=0x0000000003460420
R8 =0x007fffffffa15000, R9 =0x0000000000000003, R10=0x000000000000000c, R11=0x0000000000000673
R12=0x00000000ef198ad8, R13=0x0000000100008fb8, R14=0x0000000100008fc0, R15=0x00000000ef198a80
RIP=0x0000000056414b78, EFLAGS=0x0000000000010246

Top of Stack: (sp=0x0000000012d7f940)
0x0000000012d7f940:   00000000ef198b48 00000000ef198abc
0x0000000012d7f950:   0000000000000003 0000000003460420
0x0000000012d7f960:   0000000000000000 00000000000003d8
0x0000000012d7f970:   000000000338e3b8 0000000100000000
0x0000000012d7f980:   0000000000000671 00000000566f8990
0x0000000012d7f990:   00000000161373d8 00000000159455d0
0x0000000012d7f9a0:   0000000003460420 000000000338dfe0
0x0000000012d7f9b0:   0000000000000000 0000000100000000
0x0000000012d7f9c0:   0000000000000000 0000000000000000
0x0000000012d7f9d0:   0000000000000000 0000000056516d83
0x0000000012d7f9e0:   0000000000000000 0000000000000000
0x0000000012d7f9f0:   000020768d55c329 000000000338e3b8
0x0000000012d7fa00:   000000000338dfe0 00000000000003d8
0x0000000012d7fa10:   000000000338dfe0 0000000003383960
0x0000000012d7fa20:   000000000338dfd0 00000000159455d0
0x0000000012d7fa30:   0000000003460420 00000000566f59b3 

Instructions: (pc=0x0000000056414b78)
0x0000000056414b58:   05 03 ad 70 00 49 c1 e8 03 49 d3 e8 41 0f b6 c0
0x0000000056414b68:   49 c1 e8 06 24 3f 0f b6 d0 48 8b 05 18 ad 70 00
0x0000000056414b78:   4a 8b 0c c0 48 0f a3 d1 0f 82 59 01 00 00 0f b6
0x0000000056414b88:   15 54 b9 6f 00 84 d2 74 16 44 8b 43 08 8b 0d 0d 


Register to memory mapping:

RAX=0x0000000012f80000 is an unknown value
RBX=0x0000000004000000 is an unknown value
RCX=0x0000000000000000 is an unknown value
RDX=0x0000000000000000 is an unknown value
RSP=0x0000000012d7f940 is an unknown value
RBP=0x00000000ef198ac4 is an unknown value
RSI=0x0000000000000003 is an unknown value
RDI=0x0000000003460420 is an unknown value
R8 =0x007fffffffa15000 is an unknown value
R9 =0x0000000000000003 is an unknown value
R10=0x000000000000000c is an unknown value
R11=0x0000000000000673 is an unknown value
R12=0x00000000ef198ad8 is an oop
java.lang.String 
 - klass: 'java/lang/String'
R13=0x0000000100008fb8 is pointing into metadata
R14=0x0000000100008fc0 is pointing into metadata
R15=0x00000000ef198a80 is an oop
java.lang.reflect.Method 
 - klass: 'java/lang/reflect/Method'


Stack: [0x0000000012c80000,0x0000000012d80000],  sp=0x0000000012d7f940,  free space=1022k
Native frames: (J=compiled Java code, j=interpreted, Vv=VM code, C=native code)
V  [jvm.dll+0x114b78]
V  [jvm.dll+0x3f8990]
V  [jvm.dll+0x3f59b3]
V  [jvm.dll+0x3f380e]
V  [jvm.dll+0x29cc4a]
C  [msvcr100.dll+0x21d9f]
C  [msvcr100.dll+0x21e3b]
C  [KERNEL32.DLL+0x8364]
C  [ntdll.dll+0x670d1]


---------------  P R O C E S S  ---------------

Java Threads: ( => current thread )
  0x0000000018567000 JavaThread "Abandoned connection cleanup thread" daemon [_thread_blocked, id=3636, stack(0x0000000019a50000,0x0000000019b50000)]
  0x0000000015aca000 JavaThread "Service Thread" daemon [_thread_blocked, id=2640, stack(0x00000000177e0000,0x00000000178e0000)]
  0x0000000016e96000 JavaThread "C1 CompilerThread2" daemon [_thread_blocked, id=5076, stack(0x00000000176e0000,0x00000000177e0000)]
  0x0000000016e3f800 JavaThread "C2 CompilerThread1" daemon [_thread_blocked, id=11584, stack(0x00000000175e0000,0x00000000176e0000)]
  0x0000000016e3c000 JavaThread "C2 CompilerThread0" daemon [_thread_blocked, id=84, stack(0x00000000174e0000,0x00000000175e0000)]
  0x0000000016e3a800 JavaThread "Monitor Ctrl-Break" daemon [_thread_in_native, id=1940, stack(0x00000000173e0000,0x00000000174e0000)]
  0x0000000015a98000 JavaThread "Attach Listener" daemon [_thread_blocked, id=8704, stack(0x00000000172e0000,0x00000000173e0000)]
  0x0000000015a85000 JavaThread "Signal Dispatcher" daemon [_thread_blocked, id=11008, stack(0x00000000171e0000,0x00000000172e0000)]
  0x0000000015a5f000 JavaThread "Finalizer" daemon [_thread_blocked, id=10000, stack(0x0000000016ce0000,0x0000000016de0000)]
  0x0000000003466000 JavaThread "Reference Handler" daemon [_thread_blocked, id=7100, stack(0x0000000016be0000,0x0000000016ce0000)]
  0x0000000003376800 JavaThread "main" [_thread_blocked, id=10092, stack(0x0000000002cf0000,0x0000000002df0000)]

Other Threads:
  0x0000000015a37800 VMThread [stack: 0x0000000016ae0000,0x0000000016be0000] [id=9260]
  0x0000000015acc000 WatcherThread [stack: 0x00000000178e0000,0x00000000179e0000] [id=8840]

=>0x000000000338d800 (exited) GCTaskThread [stack: 0x0000000012c80000,0x0000000012d80000] [id=9120]

VM state:at safepoint (normal execution)

VM Mutex/Monitor currently owned by a thread:  ([mutex/lock_event])
[0x0000000003374560] Threads_lock - owner thread: 0x0000000015a37800
[0x0000000003373c60] Heap_lock - owner thread: 0x0000000003376800

Heap:
 PSYoungGen      total 71680K, used 4004K [0x00000000eb200000, 0x00000000f3d00000, 0x0000000100000000)
  eden space 64512K, 0% used [0x00000000eb200000,0x00000000eb200000,0x00000000ef100000)
  from space 7168K, 55% used [0x00000000ef100000,0x00000000ef4e90f8,0x00000000ef800000)
  to   space 6656K, 0% used [0x00000000f3680000,0x00000000f3680000,0x00000000f3d00000)
 ParOldGen       total 44032K, used 8786K [0x00000000c1600000, 0x00000000c4100000, 0x00000000eb200000)
  object space 44032K, 19% used [0x00000000c1600000,0x00000000c1e94a28,0x00000000c4100000)
 Metaspace       used 20866K, capacity 21012K, committed 21248K, reserved 1069056K
  class space    used 2451K, capacity 2465K, committed 2560K, reserved 1048576K

Card table byte_map: [0x0000000012830000,0x0000000012a30000] byte_map_base: 0x0000000012225000

Marking Bits: (ParMarkBitMap*) 0x0000000056b1f860
 Begin Bits: [0x0000000012f80000, 0x0000000013f28000)
 End Bits:   [0x0000000013f28000, 0x0000000014ed0000)

Polling page: 0x0000000002ca0000

CodeCache: size=245760Kb used=8039Kb max_used=8054Kb free=237720Kb
 bounds [0x0000000003470000, 0x0000000003c60000, 0x0000000012470000]
 total_blobs=2408 nmethods=2031 adapters=289
 compilation: enabled

Compilation events (10 events):
Event: 4.148 Thread 0x0000000016e96000 2027       1       org.aspectj.weaver.ResolvedMemberImpl::getExceptions (5 bytes)
Event: 4.148 Thread 0x0000000016e96000 nmethod 2027 0x0000000003c49bd0 code [0x0000000003c49d20, 0x0000000003c49e30]
Event: 4.148 Thread 0x0000000016e96000 2028       1       org.aspectj.util.FuzzyBoolean$YesFuzzyBoolean::alwaysTrue (2 bytes)
Event: 4.148 Thread 0x0000000016e96000 nmethod 2028 0x0000000003c49e90 code [0x0000000003c49fe0, 0x0000000003c4a0f0]
Event: 4.148 Thread 0x0000000016e96000 2025       1       org.aspectj.weaver.reflect.ReflectionShadow::getIWorld (5 bytes)
Event: 4.148 Thread 0x0000000016e96000 nmethod 2025 0x0000000003c4a150 code [0x0000000003c4a2a0, 0x0000000003c4a3b0]
Event: 4.151 Thread 0x0000000016e3c000 2030   !   4       java.util.concurrent.ConcurrentHashMap::putVal (362 bytes)
Event: 4.158 Thread 0x0000000016e96000 2031       3       java.io.DataInputStream::readUTF (501 bytes)
Event: 4.160 Thread 0x0000000016e96000 nmethod 2031 0x0000000003c4a610 code [0x0000000003c4a9e0, 0x0000000003c4cc68]
Event: 4.172 Thread 0x0000000016e3c000 nmethod 2030 0x0000000003c51d50 code [0x0000000003c51f20, 0x0000000003c52ec0]

GC Heap History (10 events):
Event: 1.289 GC heap after
Heap after GC invocations=3 (full 0):
 PSYoungGen      total 18944K, used 2536K [0x00000000eb200000, 0x00000000ed700000, 0x0000000100000000)
  eden space 16384K, 0% used [0x00000000eb200000,0x00000000eb200000,0x00000000ec200000)
  from space 2560K, 99% used [0x00000000ec200000,0x00000000ec47a050,0x00000000ec480000)
  to   space 2560K, 0% used [0x00000000ed480000,0x00000000ed480000,0x00000000ed700000)
 ParOldGen       total 44032K, used 2815K [0x00000000c1600000, 0x00000000c4100000, 0x00000000eb200000)
  object space 44032K, 6% used [0x00000000c1600000,0x00000000c18bfcf0,0x00000000c4100000)
 Metaspace       used 11690K, capacity 11890K, committed 11904K, reserved 1060864K
  class space    used 1349K, capacity 1398K, committed 1408K, reserved 1048576K
}
Event: 1.964 GC heap before
{Heap before GC invocations=4 (full 0):
 PSYoungGen      total 18944K, used 18920K [0x00000000eb200000, 0x00000000ed700000, 0x0000000100000000)
  eden space 16384K, 100% used [0x00000000eb200000,0x00000000ec200000,0x00000000ec200000)
  from space 2560K, 99% used [0x00000000ec200000,0x00000000ec47a050,0x00000000ec480000)
  to   space 2560K, 0% used [0x00000000ed480000,0x00000000ed480000,0x00000000ed700000)
 ParOldGen       total 44032K, used 2815K [0x00000000c1600000, 0x00000000c4100000, 0x00000000eb200000)
  object space 44032K, 6% used [0x00000000c1600000,0x00000000c18bfcf0,0x00000000c4100000)
 Metaspace       used 14341K, capacity 14552K, committed 14848K, reserved 1062912K
  class space    used 1636K, capacity 1687K, committed 1792K, reserved 1048576K
Event: 1.969 GC heap after
Heap after GC invocations=4 (full 0):
 PSYoungGen      total 35328K, used 2552K [0x00000000eb200000, 0x00000000ed700000, 0x0000000100000000)
  eden space 32768K, 0% used [0x00000000eb200000,0x00000000eb200000,0x00000000ed200000)
  from space 2560K, 99% used [0x00000000ed480000,0x00000000ed6fe030,0x00000000ed700000)
  to   space 2560K, 0% used [0x00000000ed200000,0x00000000ed200000,0x00000000ed480000)
 ParOldGen       total 44032K, used 4936K [0x00000000c1600000, 0x00000000c4100000, 0x00000000eb200000)
  object space 44032K, 11% used [0x00000000c1600000,0x00000000c1ad2110,0x00000000c4100000)
 Metaspace       used 14341K, capacity 14552K, committed 14848K, reserved 1062912K
  class space    used 1636K, capacity 1687K, committed 1792K, reserved 1048576K
}
Event: 2.963 GC heap before
{Heap before GC invocations=5 (full 0):
 PSYoungGen      total 35328K, used 35320K [0x00000000eb200000, 0x00000000ed700000, 0x0000000100000000)
  eden space 32768K, 100% used [0x00000000eb200000,0x00000000ed200000,0x00000000ed200000)
  from space 2560K, 99% used [0x00000000ed480000,0x00000000ed6fe030,0x00000000ed700000)
  to   space 2560K, 0% used [0x00000000ed200000,0x00000000ed200000,0x00000000ed480000)
 ParOldGen       total 44032K, used 4936K [0x00000000c1600000, 0x00000000c4100000, 0x00000000eb200000)
  object space 44032K, 11% used [0x00000000c1600000,0x00000000c1ad2110,0x00000000c4100000)
 Metaspace       used 16114K, capacity 16254K, committed 16512K, reserved 1064960K
  class space    used 1870K, capacity 1912K, committed 1920K, reserved 1048576K
Event: 2.974 GC heap after
Heap after GC invocations=5 (full 0):
 PSYoungGen      total 35328K, used 2552K [0x00000000eb200000, 0x00000000efe00000, 0x0000000100000000)
  eden space 32768K, 0% used [0x00000000eb200000,0x00000000eb200000,0x00000000ed200000)
  from space 2560K, 99% used [0x00000000ed200000,0x00000000ed47e050,0x00000000ed480000)
  to   space 6144K, 0% used [0x00000000ef800000,0x00000000ef800000,0x00000000efe00000)
 ParOldGen       total 44032K, used 7589K [0x00000000c1600000, 0x00000000c4100000, 0x00000000eb200000)
  object space 44032K, 17% used [0x00000000c1600000,0x00000000c1d69600,0x00000000c4100000)
 Metaspace       used 16114K, capacity 16254K, committed 16512K, reserved 1064960K
  class space    used 1870K, capacity 1912K, committed 1920K, reserved 1048576K
}
Event: 4.035 GC heap before
{Heap before GC invocations=6 (full 0):
 PSYoungGen      total 35328K, used 35320K [0x00000000eb200000, 0x00000000efe00000, 0x0000000100000000)
  eden space 32768K, 100% used [0x00000000eb200000,0x00000000ed200000,0x00000000ed200000)
  from space 2560K, 99% used [0x00000000ed200000,0x00000000ed47e050,0x00000000ed480000)
  to   space 6144K, 0% used [0x00000000ef800000,0x00000000ef800000,0x00000000efe00000)
 ParOldGen       total 44032K, used 7589K [0x00000000c1600000, 0x00000000c4100000, 0x00000000eb200000)
  object space 44032K, 17% used [0x00000000c1600000,0x00000000c1d69600,0x00000000c4100000)
 Metaspace       used 20093K, capacity 20290K, committed 20608K, reserved 1067008K
  class space    used 2361K, capacity 2398K, committed 2432K, reserved 1048576K
Event: 4.050 GC heap after
Heap after GC invocations=6 (full 0):
 PSYoungGen      total 70656K, used 6112K [0x00000000eb200000, 0x00000000f0000000, 0x0000000100000000)
  eden space 64512K, 0% used [0x00000000eb200000,0x00000000eb200000,0x00000000ef100000)
  from space 6144K, 99% used [0x00000000ef800000,0x00000000efdf8178,0x00000000efe00000)
  to   space 7168K, 0% used [0x00000000ef100000,0x00000000ef100000,0x00000000ef800000)
 ParOldGen       total 44032K, used 7782K [0x00000000c1600000, 0x00000000c4100000, 0x00000000eb200000)
  object space 44032K, 17% used [0x00000000c1600000,0x00000000c1d99ba0,0x00000000c4100000)
 Metaspace       used 20093K, capacity 20290K, committed 20608K, reserved 1067008K
  class space    used 2361K, capacity 2398K, committed 2432K, reserved 1048576K
}
Event: 4.174 GC heap before
{Heap before GC invocations=7 (full 0):
 PSYoungGen      total 70656K, used 12591K [0x00000000eb200000, 0x00000000f0000000, 0x0000000100000000)
  eden space 64512K, 10% used [0x00000000eb200000,0x00000000eb853dc8,0x00000000ef100000)
  from space 6144K, 99% used [0x00000000ef800000,0x00000000efdf8178,0x00000000efe00000)
  to   space 7168K, 0% used [0x00000000ef100000,0x00000000ef100000,0x00000000ef800000)
 ParOldGen       total 44032K, used 7782K [0x00000000c1600000, 0x00000000c4100000, 0x00000000eb200000)
  object space 44032K, 17% used [0x00000000c1600000,0x00000000c1d99ba0,0x00000000c4100000)
 Metaspace       used 20866K, capacity 21012K, committed 21248K, reserved 1069056K
  class space    used 2451K, capacity 2465K, committed 2560K, reserved 1048576K
Event: 4.180 GC heap after
Heap after GC invocations=7 (full 0):
 PSYoungGen      total 71680K, used 4004K [0x00000000eb200000, 0x00000000f3d00000, 0x0000000100000000)
  eden space 64512K, 0% used [0x00000000eb200000,0x00000000eb200000,0x00000000ef100000)
  from space 7168K, 55% used [0x00000000ef100000,0x00000000ef4e90f8,0x00000000ef800000)
  to   space 6656K, 0% used [0x00000000f3680000,0x00000000f3680000,0x00000000f3d00000)
 ParOldGen       total 44032K, used 8786K [0x00000000c1600000, 0x00000000c4100000, 0x00000000eb200000)
  object space 44032K, 19% used [0x00000000c1600000,0x00000000c1e94a28,0x00000000c4100000)
 Metaspace       used 20866K, capacity 21012K, committed 21248K, reserved 1069056K
  class space    used 2451K, capacity 2465K, committed 2560K, reserved 1048576K
}
Event: 4.180 GC heap before
{Heap before GC invocations=8 (full 1):
 PSYoungGen      total 71680K, used 4004K [0x00000000eb200000, 0x00000000f3d00000, 0x0000000100000000)
  eden space 64512K, 0% used [0x00000000eb200000,0x00000000eb200000,0x00000000ef100000)
  from space 7168K, 55% used [0x00000000ef100000,0x00000000ef4e90f8,0x00000000ef800000)
  to   space 6656K, 0% used [0x00000000f3680000,0x00000000f3680000,0x00000000f3d00000)
 ParOldGen       total 44032K, used 8786K [0x00000000c1600000, 0x00000000c4100000, 0x00000000eb200000)
  object space 44032K, 19% used [0x00000000c1600000,0x00000000c1e94a28,0x00000000c4100000)
 Metaspace       used 20866K, capacity 21012K, committed 21248K, reserved 1069056K
  class space    used 2451K, capacity 2465K, committed 2560K, reserved 1048576K

Deoptimization events (10 events):
Event: 3.124 Thread 0x0000000003376800 Uncommon trap: reason=unstable_if action=reinterpret pc=0x0000000003afad38 method=org.springframework.util.ConcurrentReferenceHashMap$Segment.restructureIfNecessary(Z)V @ 15
Event: 3.128 Thread 0x0000000003376800 Uncommon trap: reason=unstable_if action=reinterpret pc=0x0000000003820834 method=java.lang.String.indexOf([CII[CIII)I @ 3
Event: 3.266 Thread 0x0000000003376800 Uncommon trap: reason=unstable_if action=reinterpret pc=0x0000000003a96a9c method=sun.reflect.annotation.AnnotationInvocationHandler.invoke(Ljava/lang/Object;Ljava/lang/reflect/Method;[Ljava/lang/Object;)Ljava/lang/Object; @ 19
Event: 3.404 Thread 0x0000000003376800 Uncommon trap: reason=unstable_if action=reinterpret pc=0x0000000003b51200 method=java.lang.reflect.Method.equals(Ljava/lang/Object;)Z @ 1
Event: 4.021 Thread 0x0000000003376800 Uncommon trap: reason=unstable_if action=reinterpret pc=0x0000000003c0e744 method=java.lang.StringBuffer.toString()Ljava/lang/String; @ 4
Event: 4.113 Thread 0x0000000003376800 Uncommon trap: reason=unstable_if action=reinterpret pc=0x0000000003ab1004 method=java.util.concurrent.ConcurrentHashMap.get(Ljava/lang/Object;)Ljava/lang/Object; @ 76
Event: 4.113 Thread 0x0000000003376800 Uncommon trap: reason=class_check action=maybe_recompile pc=0x0000000003a2e02c method=java.util.concurrent.ConcurrentHashMap.putVal(Ljava/lang/Object;Ljava/lang/Object;Z)Ljava/lang/Object; @ 192
Event: 4.130 Thread 0x0000000003376800 Uncommon trap: reason=class_check action=maybe_recompile pc=0x0000000003a2e02c method=java.util.concurrent.ConcurrentHashMap.putVal(Ljava/lang/Object;Ljava/lang/Object;Z)Ljava/lang/Object; @ 192
Event: 4.130 Thread 0x0000000003376800 Uncommon trap: reason=class_check action=maybe_recompile pc=0x0000000003a2e02c method=java.util.concurrent.ConcurrentHashMap.putVal(Ljava/lang/Object;Ljava/lang/Object;Z)Ljava/lang/Object; @ 192
Event: 4.132 Thread 0x0000000003376800 Uncommon trap: reason=class_check action=maybe_recompile pc=0x0000000003a2e02c method=java.util.concurrent.ConcurrentHashMap.putVal(Ljava/lang/Object;Ljava/lang/Object;Z)Ljava/lang/Object; @ 192

Classes redefined (0 events):
No events

Internal exceptions (10 events):
Event: 3.409 Thread 0x0000000003376800 Exception <a 'java/lang/ClassNotFoundException': org/mybatis/spring/SqlSessionFactoryBeanBeanInfo> (0x00000000ec5fca70) thrown at [C:\re\workspace\8-2-build-windows-amd64-cygwin\jdk8u161\10277\hotspot\src\share\vm\classfile\systemDictionary.cpp, line 210]
Event: 3.409 Thread 0x0000000003376800 Exception <a 'java/lang/ClassNotFoundException': org/mybatis/spring/SqlSessionFactoryBeanCustomizer> (0x00000000ec610050) thrown at [C:\re\workspace\8-2-build-windows-amd64-cygwin\jdk8u161\10277\hotspot\src\share\vm\classfile\systemDictionary.cpp, line 21
Event: 3.662 Thread 0x0000000003376800 Exception <a 'java/lang/ClassNotFoundException': org/apache/commons/dbcp/BasicDataSourceBeanInfo> (0x00000000ec9f2ac8) thrown at [C:\re\workspace\8-2-build-windows-amd64-cygwin\jdk8u161\10277\hotspot\src\share\vm\classfile\systemDictionary.cpp, line 210]
Event: 3.662 Thread 0x0000000003376800 Exception <a 'java/lang/ClassNotFoundException': org/apache/commons/dbcp/BasicDataSourceCustomizer> (0x00000000eca064a0) thrown at [C:\re\workspace\8-2-build-windows-amd64-cygwin\jdk8u161\10277\hotspot\src\share\vm\classfile\systemDictionary.cpp, line 210
Event: 4.067 Thread 0x0000000003376800 Exception <a 'java/lang/ArrayIndexOutOfBoundsException': 18> (0x00000000eb263670) thrown at [C:\re\workspace\8-2-build-windows-amd64-cygwin\jdk8u161\10277\hotspot\src\share\vm\interpreter\interpreterRuntime.cpp, line 366]
Event: 4.067 Thread 0x0000000003376800 Exception <a 'java/lang/ArrayIndexOutOfBoundsException': 18> (0x00000000eb263eb8) thrown at [C:\re\workspace\8-2-build-windows-amd64-cygwin\jdk8u161\10277\hotspot\src\share\vm\interpreter\interpreterRuntime.cpp, line 366]
Event: 4.131 Thread 0x0000000003376800 Exception <a 'java/lang/ArrayIndexOutOfBoundsException': 18> (0x00000000eb51c440) thrown at [C:\re\workspace\8-2-build-windows-amd64-cygwin\jdk8u161\10277\hotspot\src\share\vm\interpreter\interpreterRuntime.cpp, line 366]
Event: 4.131 Thread 0x0000000003376800 Exception <a 'java/lang/ArrayIndexOutOfBoundsException': 18> (0x00000000eb51cc30) thrown at [C:\re\workspace\8-2-build-windows-amd64-cygwin\jdk8u161\10277\hotspot\src\share\vm\interpreter\interpreterRuntime.cpp, line 366]
Event: 4.145 Thread 0x0000000003376800 Exception <a 'java/lang/ArrayIndexOutOfBoundsException': 5> (0x00000000eb5b2088) thrown at [C:\re\workspace\8-2-build-windows-amd64-cygwin\jdk8u161\10277\hotspot\src\share\vm\interpreter\interpreterRuntime.cpp, line 366]
Event: 4.145 Thread 0x0000000003376800 Exception <a 'java/lang/ArrayIndexOutOfBoundsException': 5> (0x00000000eb5b2878) thrown at [C:\re\workspace\8-2-build-windows-amd64-cygwin\jdk8u161\10277\hotspot\src\share\vm\interpreter\interpreterRuntime.cpp, line 366]

Events (10 events):
Event: 4.172 loading class org/aspectj/apache/bcel/classfile/annotation/RuntimeVisTypeAnnos done
Event: 4.172 loading class org/aspectj/apache/bcel/classfile/annotation/RuntimeTypeAnnos
Event: 4.172 loading class org/aspectj/apache/bcel/classfile/annotation/RuntimeTypeAnnos done
Event: 4.173 loading class org/aspectj/apache/bcel/classfile/annotation/RuntimeInvisTypeAnnos
Event: 4.173 loading class org/aspectj/apache/bcel/classfile/annotation/RuntimeInvisTypeAnnos done
Event: 4.173 loading class org/aspectj/apache/bcel/classfile/MethodParameters
Event: 4.173 loading class org/aspectj/apache/bcel/classfile/MethodParameters done
Event: 4.173 loading class org/aspectj/apache/bcel/Constants
Event: 4.173 loading class org/aspectj/apache/bcel/Constants done
Event: 4.174 Executing VM operation: CollectForMetadataAllocation


Dynamic libraries:
0x00007ff688dc0000 - 0x00007ff688df7000 	C:\Program Files\Java\jdk1.8.0_161\bin\java.exe
0x00007ffa91a40000 - 0x00007ffa91c11000 	C:\WINDOWS\SYSTEM32\ntdll.dll
0x00007ffa90f60000 - 0x00007ffa9100b000 	C:\WINDOWS\System32\KERNEL32.DLL
0x00007ffa8e2a0000 - 0x00007ffa8e4bd000 	C:\WINDOWS\System32\KERNELBASE.dll
0x00007ffa91910000 - 0x00007ffa919b2000 	C:\WINDOWS\System32\ADVAPI32.dll
0x00007ffa8f280000 - 0x00007ffa8f31e000 	C:\WINDOWS\System32\msvcrt.dll
0x00007ffa918a0000 - 0x00007ffa918f9000 	C:\WINDOWS\System32\sechost.dll
0x00007ffa911b0000 - 0x00007ffa912d1000 	C:\WINDOWS\System32\RPCRT4.dll
0x00007ffa8f7e0000 - 0x00007ffa8f945000 	C:\WINDOWS\System32\USER32.dll
0x00007ffa8e4c0000 - 0x00007ffa8e4de000 	C:\WINDOWS\System32\win32u.dll
0x00007ffa8f230000 - 0x00007ffa8f264000 	C:\WINDOWS\System32\GDI32.dll
0x00007ffa8edf0000 - 0x00007ffa8ef72000 	C:\WINDOWS\System32\gdi32full.dll
0x00007ffa814e0000 - 0x00007ffa81759000 	C:\WINDOWS\WinSxS\amd64_microsoft.windows.common-controls_6595b64144ccf1df_6.0.14393.447_none_42191651c6827bb3\COMCTL32.dll
0x00007ffa8f4b0000 - 0x00007ffa8f778000 	C:\WINDOWS\System32\combase.dll
0x00007ffa8e040000 - 0x00007ffa8e135000 	C:\WINDOWS\System32\ucrtbase.dll
0x00007ffa8dfd0000 - 0x00007ffa8e03a000 	C:\WINDOWS\System32\bcryptPrimitives.dll
0x00007ffa8f320000 - 0x00007ffa8f34e000 	C:\WINDOWS\System32\IMM32.DLL
0x0000000057940000 - 0x0000000057a12000 	C:\Program Files\Java\jdk1.8.0_161\jre\bin\msvcr100.dll
0x0000000056300000 - 0x0000000056b9f000 	C:\Program Files\Java\jdk1.8.0_161\jre\bin\server\jvm.dll
0x00007ffa91900000 - 0x00007ffa91908000 	C:\WINDOWS\System32\PSAPI.DLL
0x00007ffa8b930000 - 0x00007ffa8b939000 	C:\WINDOWS\SYSTEM32\WSOCK32.dll
0x00007ffa8b8c0000 - 0x00007ffa8b8e3000 	C:\WINDOWS\SYSTEM32\WINMM.dll
0x00007ffa8d620000 - 0x00007ffa8d62a000 	C:\WINDOWS\SYSTEM32\VERSION.dll
0x00007ffa919d0000 - 0x00007ffa91a3a000 	C:\WINDOWS\System32\WS2_32.dll
0x0000000002cb0000 - 0x0000000002cdb000 	C:\WINDOWS\SYSTEM32\WINMMBASE.dll
0x00007ffa8ef80000 - 0x00007ffa8efc2000 	C:\WINDOWS\System32\cfgmgr32.dll
0x0000000058140000 - 0x000000005814f000 	C:\Program Files\Java\jdk1.8.0_161\jre\bin\verify.dll
0x0000000058110000 - 0x0000000058139000 	C:\Program Files\Java\jdk1.8.0_161\jre\bin\java.dll
0x00000000580e0000 - 0x0000000058103000 	C:\Program Files\Java\jdk1.8.0_161\jre\bin\instrument.dll
0x00000000580c0000 - 0x00000000580d6000 	C:\Program Files\Java\jdk1.8.0_161\jre\bin\zip.dll
0x00007ffa8f950000 - 0x00007ffa90e59000 	C:\WINDOWS\System32\SHELL32.dll
0x00007ffa8e6b0000 - 0x00007ffa8ed8a000 	C:\WINDOWS\System32\windows.storage.dll
0x00007ffa8ded0000 - 0x00007ffa8df1c000 	C:\WINDOWS\System32\powrprof.dll
0x00007ffa90f00000 - 0x00007ffa90f52000 	C:\WINDOWS\System32\shlwapi.dll
0x00007ffa8df20000 - 0x00007ffa8df2f000 	C:\WINDOWS\System32\kernel.appcore.dll
0x00007ffa8e140000 - 0x00007ffa8e1e9000 	C:\WINDOWS\System32\shcore.dll
0x00007ffa8dea0000 - 0x00007ffa8deb4000 	C:\WINDOWS\System32\profapi.dll
0x00007ffa847c0000 - 0x00007ffa847da000 	C:\Program Files\Jetbrains\IntelliJ IDEA 2018.1.5\bin\breakgen64.dll
0x0000000057920000 - 0x000000005793a000 	C:\Program Files\Java\jdk1.8.0_161\jre\bin\net.dll
0x00007ffa8d3f0000 - 0x00007ffa8d44c000 	C:\WINDOWS\system32\mswsock.dll
0x00000000580b0000 - 0x00000000580bd000 	C:\Program Files\Java\jdk1.8.0_161\jre\bin\management.dll
0x0000000057900000 - 0x0000000057911000 	C:\Program Files\Java\jdk1.8.0_161\jre\bin\nio.dll
0x00007ffa8d950000 - 0x00007ffa8dae2000 	C:\WINDOWS\SYSTEM32\dbghelp.dll

VM Arguments:
jvm_args: -ea -Didea.test.cyclic.buffer.size=1048576 -javaagent:C:\Program Files\Jetbrains\IntelliJ IDEA 2018.1.5\lib\idea_rt.jar=1812:C:\Program Files\Jetbrains\IntelliJ IDEA 2018.1.5\bin -Dfile.encoding=UTF-8 
java_command: com.intellij.rt.execution.junit.JUnitStarter -ideVersion5 -junit4 test.scau.zxck.web.admin.UserInfoActionTest,testUpdateUserDeliveryAddress
java_class_path (initial): C:\Program Files\Jetbrains\IntelliJ IDEA 2018.1.5\lib\idea_rt.jar;C:\Program Files\Jetbrains\IntelliJ IDEA 2018.1.5\plugins\junit\lib\junit-rt.jar;C:\Program Files\Jetbrains\IntelliJ IDEA 2018.1.5\plugins\junit\lib\junit5-rt.jar;C:\Program Files\Java\jdk1.8.0_161\jre\lib\charsets.jar;C:\Program Files\Java\jdk1.8.0_161\jre\lib\deploy.jar;C:\Program Files\Java\jdk1.8.0_161\jre\lib\ext\access-bridge-64.jar;C:\Program Files\Java\jdk1.8.0_161\jre\lib\ext\cldrdata.jar;C:\Program Files\Java\jdk1.8.0_161\jre\lib\ext\dnsns.jar;C:\Program Files\Java\jdk1.8.0_161\jre\lib\ext\jaccess.jar;C:\Program Files\Java\jdk1.8.0_161\jre\lib\ext\jfxrt.jar;C:\Program Files\Java\jdk1.8.0_161\jre\lib\ext\localedata.jar;C:\Program Files\Java\jdk1.8.0_161\jre\lib\ext\nashorn.jar;C:\Program Files\Java\jdk1.8.0_161\jre\lib\ext\sunec.jar;C:\Program Files\Java\jdk1.8.0_161\jre\lib\ext\sunjce_provider.jar;C:\Program Files\Java\jdk1.8.0_161\jre\lib\ext\sunmscapi.jar;C:\Program Files\Java\jdk1.8.0_161\jre\lib\ext\sunpkcs11.jar;C:\Program Files\Java\jdk1.8.0_161\jre\lib\ext\zipfs.jar;C:\Program Files\Java\jdk1.8.0_161\jre\lib\javaws.jar;C:\Program Files\Java\jdk1.8.0_161\jre\lib\jce.jar;C:\Program Files\Java\jdk1.8.0_161\jre\lib\jfr.jar;C:\Program Files\Java\jdk1.8.0_161\jre\lib\jfxswt.jar;C:\Program Files\Java\jdk1.8.0_161\jre\lib\jsse.jar;C:\Program Files\Java\jdk1.8.0_161\jre\lib\management-agent.jar;C:\Program Files\Java\jdk1.8.0_161\jre\lib\plugin.jar;C:\Program Files\Java\jdk1.8.0_161\jre\lib\resources.jar;C:\Program Files\Java\jdk1.8.0_161\jre\lib\rt.jar;C:\Users\Administrator\Desktop\agencyOfFarmers\target\test-classes;C:\Users\Administrator\Desktop\agencyOfFarmers\target\classes;D:\apache-maven-3.5.4-bin\apache-maven-3.5.4\repository\scau\zxck\ssm-base\1.5\ssm-base-1.5.jar;D:\apache-maven-3.5.4-bin\apache-maven-3.5.4\repository\org\springframework\spring-core\4.1.6.RELEASE\spring-core-4.1.6.RELEASE.jar;D:\apache-maven-3.5.4-bin\apache-maven-3.5.4\repository\org\spr
Launcher Type: SUN_STANDARD

Environment Variables:
JAVA_HOME=C:\Program Files\Java\jdk1.8.0_161
JRE_HOME=C:\Program Files\Java\jre1.8.0_161
CLASSPATH=.;C:\Program Files\Java\jdk1.8.0_161\lib\dt.jar;C:\Program Files\Java\jdk1.8.0_161\lib\tools.jar;C:\Users\Administrator\Desktop\work\apache-tomcat-8.0.50\lib;
PATH=C:\Program Files\Java\jdk1.8.0_161\bin;C:\ProgramData\Oracle\Java\javapath;C:\WINDOWS\system32;C:\WINDOWS;C:\WINDOWS\System32\Wbem;D:\MATLAB7\bin\win32;C:\MATLAB7\bin\win32;C:\Program Files\Java\jdk1.8.0_161;H:\Program Files\Git\cmd;C:\Program Files\Microsoft SQL Server\Client SDK\ODBC\130\Tools\Binn\;C:\Program Files (x86)\Microsoft SQL Server\140\Tools\Binn\;C:\Program Files\Microsoft SQL Server\140\Tools\Binn\;C:\Program Files\Microsoft SQL Server\140\DTS\Binn\;C:\Program Files (x86)\Microsoft SQL Server\Client SDK\ODBC\130\Tools\Binn\;C:\Program Files (x86)\Microsoft SQL Server\140\DTS\Binn\;C:\Program Files (x86)\Microsoft SQL Server\140\Tools\Binn\ManagementStudio\;C:\Program Files (x86)\Xoreax\IncrediBuild;C:\Program Files\Java\jdk1.8.0_161\jre\bin;C:\Program Files\Java\jre1.8.0_161;e:\quartus\bin;C:\Program Files\Git\cmd;C:\Program Files\TortoiseGit\bin;D:\apache-maven-3.5.4-bin\apache-maven-3.5.4\bin;D:\bin;C:\Program Files\MySQL\MySQL Server 5.5\bin;C:\Program Files\MySQL\MySQL Server 5.5\lib;D:\Èí¼þ\Scripts\;D:\Èí¼þ\;C:\Users\Administrator\AppData\Local\Microsoft\WindowsApps
USERNAME=Administrator
OS=Windows_NT
PROCESSOR_IDENTIFIER=Intel64 Family 6 Model 78 Stepping 3, GenuineIntel



---------------  S Y S T E M  ---------------

OS: Windows 10.0 , 64 bit Build 14393 (10.0.14393.0)

CPU:total 4 (initial active 4) (2 cores per cpu, 2 threads per core) family 6 model 78 stepping 3, cmov, cx8, fxsr, mmx, sse, sse2, sse3, ssse3, sse4.1, sse4.2, popcnt, avx, avx2, aes, clmul, erms, 3dnowpref, lzcnt, ht, tsc, tscinvbit, bmi1, bmi2, adx

Memory: 4k page, physical 4097960k(291328k free), swap 11626016k(422868k free)

vm_info: Java HotSpot(TM) 64-Bit Server VM (25.161-b12) for windows-amd64 JRE (1.8.0_161-b12), built on Dec 19 2017 17:52:25 by "java_re" with MS VC++ 10.0 (VS2010)

time: Fri Jul 20 16:45:18 2018
elapsed time: 4 seconds (0d 0h 0m 4s)

