#
# A fatal error has been detected by the Java Runtime Environment:
#
#  EXCEPTION_ACCESS_VIOLATION (0xc0000005) at pc=0x00000000566ff95f, pid=6460, tid=0x00000000000030f4
#
# JRE version: Java(TM) SE Runtime Environment (8.0_161-b12) (build 1.8.0_161-b12)
# Java VM: Java HotSpot(TM) 64-Bit Server VM (25.161-b12 mixed mode windows-amd64 compressed oops)
# Problematic frame:
# V  [jvm.dll+0x3ff95f]
#
# Failed to write core dump. Minidumps are not enabled by default on client versions of Windows
#
# If you would like to submit a bug report, please visit:
#   http://bugreport.java.com/bugreport/crash.jsp
#

---------------  T H R E A D  ---------------

Current thread (0x00000000028fd800):  GCTaskThread [stack: 0x00000000121f0000,0x00000000122f0000] [id=12532]

siginfo: ExceptionCode=0xc0000005, reading address 0x00000007dc23bce0

Registers:
RAX=0x00000000c1601af0, RBX=0x00000000122ef338, RCX=0x0000000000000003, RDX=0x0000000000129ce0
RSP=0x00000000122ef290, RBP=0x0000000000030000, RSI=0x000000000002aad1, RDI=0x00000000000053d8
R8 =0x00000000c1601af0, R9 =0x00000007dc23bcd8, R10=0x0000212121212121, R11=0x00000000c1601af0
R12=0x0000000056b1f860, R13=0x0000000000000002, R14=0x00000000c1780000, R15=0x00000000122ef338
RIP=0x00000000566ff95f, EFLAGS=0x0000000000010206

Top of Stack: (sp=0x00000000122ef290)
0x00000000122ef290:   00000000122ef338 0000000000010000
0x00000000122ef2a0:   0000000000005d45 000000005640423f
0x00000000122ef2b0:   0000000000030000 00000000566f51cd
0x00000000122ef2c0:   00000000000256fa 000000005640423f
0x00000000122ef2d0:   0000000000000000 00000000566ff701
0x00000000122ef2e0:   00000000c1eb16d0 00000000c1780000
0x00000000122ef2f0:   0000000000000002 0000000000000000
0x00000000122ef300:   0000000000780000 0000000056700c74
0x00000000122ef310:   0000000000000000 00000000122ef378
0x00000000122ef320:   0000000000000000 00000000122ef378
0x00000000122ef330:   0000000000780000 0000000056956e98
0x00000000122ef340:   0000000056b1f860 00000000029d04b0
0x00000000122ef350:   000000000000fca2 00000000c172b7d0
0x00000000122ef360:   00000000028f73c0 00000000c1601af0
0x00000000122ef370:   0000000000000000 00000000028fdf90
0x00000000122ef380:   00000000028fdf80 0000000000000000 

Instructions: (pc=0x00000000566ff95f)
0x00000000566ff93f:   4c 8b 43 30 74 16 45 8b 48 08 8b 0d 59 3e 3a 00
0x00000000566ff94f:   49 d3 e1 4c 03 0d 47 3e 3a 00 eb 04 4d 8b 48 08
0x00000000566ff95f:   41 81 79 08 00 00 00 c0 73 10 49 8b 01 48 8b 53
0x00000000566ff96f:   10 49 8b c9 ff 90 28 01 00 00 48 29 7b 18 48 8d 


Register to memory mapping:

RAX=
[error occurred during error reporting (printing register info), id 0xc0000005]

Stack: [0x00000000121f0000,0x00000000122f0000],  sp=0x00000000122ef290,  free space=1020k
Native frames: (J=compiled Java code, j=interpreted, Vv=VM code, C=native code)
V  [jvm.dll+0x3ff95f]
V  [jvm.dll+0x3f51cd]
V  [jvm.dll+0x400c74]
V  [jvm.dll+0x3f876a]
V  [jvm.dll+0x3f6176]
V  [jvm.dll+0x3f380e]
V  [jvm.dll+0x29cc4a]
C  [msvcr100.dll+0x21d9f]
C  [msvcr100.dll+0x21e3b]
C  [KERNEL32.DLL+0x8364]
C  [ntdll.dll+0x670d1]


---------------  P R O C E S S  ---------------

Java Threads: ( => current thread )
  0x000000001827a000 JavaThread "Abandoned connection cleanup thread" daemon [_thread_blocked, id=11600, stack(0x0000000018ea0000,0x0000000018fa0000)]
  0x0000000016408000 JavaThread "Service Thread" daemon [_thread_blocked, id=5704, stack(0x0000000016d30000,0x0000000016e30000)]
  0x00000000163e7800 JavaThread "C1 CompilerThread2" daemon [_thread_blocked, id=10700, stack(0x0000000016c30000,0x0000000016d30000)]
  0x000000001638f800 JavaThread "C2 CompilerThread1" daemon [_thread_blocked, id=1860, stack(0x0000000016b30000,0x0000000016c30000)]
  0x000000001638c000 JavaThread "C2 CompilerThread0" daemon [_thread_blocked, id=960, stack(0x0000000016a30000,0x0000000016b30000)]
  0x000000001638a800 JavaThread "Monitor Ctrl-Break" daemon [_thread_in_native, id=12744, stack(0x0000000016930000,0x0000000016a30000)]
  0x0000000016373800 JavaThread "Attach Listener" daemon [_thread_blocked, id=11096, stack(0x0000000016830000,0x0000000016930000)]
  0x0000000014ff5000 JavaThread "Signal Dispatcher" daemon [_thread_blocked, id=8604, stack(0x0000000016730000,0x0000000016830000)]
  0x0000000014fcf000 JavaThread "Finalizer" daemon [_thread_blocked, id=5984, stack(0x0000000016230000,0x0000000016330000)]
  0x00000000029d6000 JavaThread "Reference Handler" daemon [_thread_blocked, id=1928, stack(0x0000000016130000,0x0000000016230000)]
  0x00000000028e6800 JavaThread "main" [_thread_blocked, id=7404, stack(0x0000000002350000,0x0000000002450000)]

Other Threads:
  0x0000000014fa7800 VMThread [stack: 0x0000000016030000,0x0000000016130000] [id=6136]
  0x0000000016458000 WatcherThread [stack: 0x0000000016e30000,0x0000000016f30000] [id=11936]

=>0x00000000028fd800 (exited) GCTaskThread [stack: 0x00000000121f0000,0x00000000122f0000] [id=12532]

VM state:at safepoint (normal execution)

VM Mutex/Monitor currently owned by a thread:  ([mutex/lock_event])
[0x00000000028e3b60] Threads_lock - owner thread: 0x0000000014fa7800
[0x00000000028e4260] Heap_lock - owner thread: 0x00000000028e6800

Heap:
 PSYoungGen      total 37888K, used 2836K [0x00000000eb200000, 0x00000000eef80000, 0x0000000100000000)
  eden space 32256K, 0% used [0x00000000eb200000,0x00000000eb200000,0x00000000ed180000)
  from space 5632K, 50% used [0x00000000ed180000,0x00000000ed4453b0,0x00000000ed700000)
  to   space 5632K, 0% used [0x00000000eea00000,0x00000000eea00000,0x00000000eef80000)
 ParOldGen       total 44032K, used 8901K [0x00000000c1600000, 0x00000000c4100000, 0x00000000eb200000)
  object space 44032K, 20% used [0x00000000c1600000,0x00000000c1eb16d0,0x00000000c4100000)
 Metaspace       used 20845K, capacity 21006K, committed 21248K, reserved 1069056K
  class space    used 2441K, capacity 2464K, committed 2560K, reserved 1048576K

Card table byte_map: [0x0000000011da0000,0x0000000011fa0000] byte_map_base: 0x0000000011795000

Marking Bits: (ParMarkBitMap*) 0x0000000056b1f860
 Begin Bits: [0x00000000124f0000, 0x0000000013498000)
 End Bits:   [0x0000000013498000, 0x0000000014440000)

Polling page: 0x0000000000720000

CodeCache: size=245760Kb used=8195Kb max_used=8212Kb free=237564Kb
 bounds [0x00000000029e0000, 0x00000000031f0000, 0x00000000119e0000]
 total_blobs=2445 nmethods=2064 adapters=293
 compilation: enabled

Compilation events (10 events):
Event: 4.040 Thread 0x00000000163e7800 2067   !   3       org.springframework.core.io.DefaultResourceLoader::getResource (76 bytes)
Event: 4.041 Thread 0x00000000163e7800 nmethod 2067 0x00000000031d1ad0 code [0x00000000031d1d80, 0x00000000031d2ff8]
Event: 4.046 Thread 0x00000000163e7800 2068       3       org.springframework.util.StringUtils::delimitedListToStringArray (167 bytes)
Event: 4.048 Thread 0x00000000163e7800 nmethod 2068 0x00000000031e04d0 code [0x00000000031e0860, 0x00000000031e2b78]
Event: 4.048 Thread 0x00000000163e7800 2069       3       org.springframework.util.StringUtils::collectionToDelimitedString (84 bytes)
Event: 4.049 Thread 0x00000000163e7800 nmethod 2069 0x00000000031cfe90 code [0x00000000031d0120, 0x00000000031d12e8]
Event: 4.049 Thread 0x00000000163e7800 2070       3       java.lang.Class::copyFields (36 bytes)
Event: 4.050 Thread 0x00000000163e7800 nmethod 2070 0x00000000031e3d90 code [0x00000000031e3f80, 0x00000000031e4978]
Event: 4.057 Thread 0x000000001638f800 nmethod 2011 0x00000000031e9250 code [0x00000000031e9440, 0x00000000031eab90]
Event: 4.057 Thread 0x000000001638f800 2022       4       org.aspectj.apache.bcel.classfile.Constant::readConstant (242 bytes)

GC Heap History (10 events):
Event: 2.513 GC heap after
Heap after GC invocations=5 (full 0):
 PSYoungGen      total 18944K, used 2552K [0x00000000eb200000, 0x00000000ed500000, 0x0000000100000000)
  eden space 16384K, 0% used [0x00000000eb200000,0x00000000eb200000,0x00000000ec200000)
  from space 2560K, 99% used [0x00000000ec200000,0x00000000ec47e050,0x00000000ec480000)
  to   space 5120K, 0% used [0x00000000ed000000,0x00000000ed000000,0x00000000ed500000)
 ParOldGen       total 44032K, used 6103K [0x00000000c1600000, 0x00000000c4100000, 0x00000000eb200000)
  object space 44032K, 13% used [0x00000000c1600000,0x00000000c1bf5cb0,0x00000000c4100000)
 Metaspace       used 15093K, capacity 15262K, committed 15360K, reserved 1062912K
  class space    used 1733K, capacity 1752K, committed 1792K, reserved 1048576K
}
Event: 2.891 GC heap before
{Heap before GC invocations=6 (full 0):
 PSYoungGen      total 18944K, used 18936K [0x00000000eb200000, 0x00000000ed500000, 0x0000000100000000)
  eden space 16384K, 100% used [0x00000000eb200000,0x00000000ec200000,0x00000000ec200000)
  from space 2560K, 99% used [0x00000000ec200000,0x00000000ec47e050,0x00000000ec480000)
  to   space 5120K, 0% used [0x00000000ed000000,0x00000000ed000000,0x00000000ed500000)
 ParOldGen       total 44032K, used 6103K [0x00000000c1600000, 0x00000000c4100000, 0x00000000eb200000)
  object space 44032K, 13% used [0x00000000c1600000,0x00000000c1bf5cb0,0x00000000c4100000)
 Metaspace       used 15907K, capacity 16094K, committed 16256K, reserved 1062912K
  class space    used 1832K, capacity 1880K, committed 1920K, reserved 1048576K
Event: 2.895 GC heap after
Heap after GC invocations=6 (full 0):
 PSYoungGen      total 20480K, used 3611K [0x00000000eb200000, 0x00000000ed400000, 0x0000000100000000)
  eden space 16384K, 0% used [0x00000000eb200000,0x00000000eb200000,0x00000000ec200000)
  from space 4096K, 88% used [0x00000000ed000000,0x00000000ed386eb8,0x00000000ed400000)
  to   space 5120K, 0% used [0x00000000eca00000,0x00000000eca00000,0x00000000ecf00000)
 ParOldGen       total 44032K, used 6111K [0x00000000c1600000, 0x00000000c4100000, 0x00000000eb200000)
  object space 44032K, 13% used [0x00000000c1600000,0x00000000c1bf7cb0,0x00000000c4100000)
 Metaspace       used 15907K, capacity 16094K, committed 16256K, reserved 1062912K
  class space    used 1832K, capacity 1880K, committed 1920K, reserved 1048576K
}
Event: 3.276 GC heap before
{Heap before GC invocations=7 (full 0):
 PSYoungGen      total 20480K, used 19995K [0x00000000eb200000, 0x00000000ed400000, 0x0000000100000000)
  eden space 16384K, 100% used [0x00000000eb200000,0x00000000ec200000,0x00000000ec200000)
  from space 4096K, 88% used [0x00000000ed000000,0x00000000ed386eb8,0x00000000ed400000)
  to   space 5120K, 0% used [0x00000000eca00000,0x00000000eca00000,0x00000000ecf00000)
 ParOldGen       total 44032K, used 6111K [0x00000000c1600000, 0x00000000c4100000, 0x00000000eb200000)
  object space 44032K, 13% used [0x00000000c1600000,0x00000000c1bf7cb0,0x00000000c4100000)
 Metaspace       used 17116K, capacity 17314K, committed 17408K, reserved 1064960K
  class space    used 1996K, capacity 2046K, committed 2048K, reserved 1048576K
Event: 3.288 GC heap after
Heap after GC invocations=7 (full 0):
 PSYoungGen      total 29696K, used 2934K [0x00000000eb200000, 0x00000000edc00000, 0x0000000100000000)
  eden space 24576K, 0% used [0x00000000eb200000,0x00000000eb200000,0x00000000eca00000)
  from space 5120K, 57% used [0x00000000eca00000,0x00000000eccddaf0,0x00000000ecf00000)
  to   space 5120K, 0% used [0x00000000ed700000,0x00000000ed700000,0x00000000edc00000)
 ParOldGen       total 44032K, used 7382K [0x00000000c1600000, 0x00000000c4100000, 0x00000000eb200000)
  object space 44032K, 16% used [0x00000000c1600000,0x00000000c1d35b28,0x00000000c4100000)
 Metaspace       used 17116K, capacity 17314K, committed 17408K, reserved 1064960K
  class space    used 1996K, capacity 2046K, committed 2048K, reserved 1048576K
}
Event: 3.944 GC heap before
{Heap before GC invocations=8 (full 0):
 PSYoungGen      total 29696K, used 27510K [0x00000000eb200000, 0x00000000edc00000, 0x0000000100000000)
  eden space 24576K, 100% used [0x00000000eb200000,0x00000000eca00000,0x00000000eca00000)
  from space 5120K, 57% used [0x00000000eca00000,0x00000000eccddaf0,0x00000000ecf00000)
  to   space 5120K, 0% used [0x00000000ed700000,0x00000000ed700000,0x00000000edc00000)
 ParOldGen       total 44032K, used 7382K [0x00000000c1600000, 0x00000000c4100000, 0x00000000eb200000)
  object space 44032K, 16% used [0x00000000c1600000,0x00000000c1d35b28,0x00000000c4100000)
 Metaspace       used 20781K, capacity 21006K, committed 21248K, reserved 1069056K
  class space    used 2436K, capacity 2464K, committed 2560K, reserved 1048576K
Event: 3.951 GC heap after
Heap after GC invocations=8 (full 0):
 PSYoungGen      total 37376K, used 5088K [0x00000000eb200000, 0x00000000eed00000, 0x0000000100000000)
  eden space 32256K, 0% used [0x00000000eb200000,0x00000000eb200000,0x00000000ed180000)
  from space 5120K, 99% used [0x00000000ed700000,0x00000000edbf8280,0x00000000edc00000)
  to   space 5632K, 0% used [0x00000000ed180000,0x00000000ed180000,0x00000000ed700000)
 ParOldGen       total 44032K, used 8222K [0x00000000c1600000, 0x00000000c4100000, 0x00000000eb200000)
  object space 44032K, 18% used [0x00000000c1600000,0x00000000c1e07b48,0x00000000c4100000)
 Metaspace       used 20781K, capacity 21006K, committed 21248K, reserved 1069056K
  class space    used 2436K, capacity 2464K, committed 2560K, reserved 1048576K
}
Event: 4.063 GC heap before
{Heap before GC invocations=9 (full 0):
 PSYoungGen      total 37376K, used 13477K [0x00000000eb200000, 0x00000000eed00000, 0x0000000100000000)
  eden space 32256K, 26% used [0x00000000eb200000,0x00000000eba312d0,0x00000000ed180000)
  from space 5120K, 99% used [0x00000000ed700000,0x00000000edbf8280,0x00000000edc00000)
  to   space 5632K, 0% used [0x00000000ed180000,0x00000000ed180000,0x00000000ed700000)
 ParOldGen       total 44032K, used 8222K [0x00000000c1600000, 0x00000000c4100000, 0x00000000eb200000)
  object space 44032K, 18% used [0x00000000c1600000,0x00000000c1e07b48,0x00000000c4100000)
 Metaspace       used 20845K, capacity 21006K, committed 21248K, reserved 1069056K
  class space    used 2441K, capacity 2464K, committed 2560K, reserved 1048576K
Event: 4.068 GC heap after
Heap after GC invocations=9 (full 0):
 PSYoungGen      total 37888K, used 2836K [0x00000000eb200000, 0x00000000eef80000, 0x0000000100000000)
  eden space 32256K, 0% used [0x00000000eb200000,0x00000000eb200000,0x00000000ed180000)
  from space 5632K, 50% used [0x00000000ed180000,0x00000000ed4453b0,0x00000000ed700000)
  to   space 5632K, 0% used [0x00000000eea00000,0x00000000eea00000,0x00000000eef80000)
 ParOldGen       total 44032K, used 8901K [0x00000000c1600000, 0x00000000c4100000, 0x00000000eb200000)
  object space 44032K, 20% used [0x00000000c1600000,0x00000000c1eb16d0,0x00000000c4100000)
 Metaspace       used 20845K, capacity 21006K, committed 21248K, reserved 1069056K
  class space    used 2441K, capacity 2464K, committed 2560K, reserved 1048576K
}
Event: 4.068 GC heap before
{Heap before GC invocations=10 (full 1):
 PSYoungGen      total 37888K, used 2836K [0x00000000eb200000, 0x00000000eef80000, 0x0000000100000000)
  eden space 32256K, 0% used [0x00000000eb200000,0x00000000eb200000,0x00000000ed180000)
  from space 5632K, 50% used [0x00000000ed180000,0x00000000ed4453b0,0x00000000ed700000)
  to   space 5632K, 0% used [0x00000000eea00000,0x00000000eea00000,0x00000000eef80000)
 ParOldGen       total 44032K, used 8901K [0x00000000c1600000, 0x00000000c4100000, 0x00000000eb200000)
  object space 44032K, 20% used [0x00000000c1600000,0x00000000c1eb16d0,0x00000000c4100000)
 Metaspace       used 20845K, capacity 21006K, committed 21248K, reserved 1069056K
  class space    used 2441K, capacity 2464K, committed 2560K, reserved 1048576K

Deoptimization events (10 events):
Event: 2.975 Thread 0x00000000028e6800 Uncommon trap: reason=class_check action=maybe_recompile pc=0x00000000030248f8 method=java.util.regex.Pattern$Slice.match(Ljava/util/regex/Matcher;ILjava/lang/CharSequence;)Z @ 75
Event: 2.976 Thread 0x00000000028e6800 Uncommon trap: reason=unstable_if action=reinterpret pc=0x00000000030453f8 method=org.springframework.util.ConcurrentReferenceHashMap$Segment.restructureIfNecessary(Z)V @ 15
Event: 3.062 Thread 0x00000000028e6800 Uncommon trap: reason=unstable_if action=reinterpret pc=0x000000000303b3cc method=sun.reflect.annotation.AnnotationInvocationHandler.invoke(Ljava/lang/Object;Ljava/lang/reflect/Method;[Ljava/lang/Object;)Ljava/lang/Object; @ 19
Event: 3.349 Thread 0x00000000028e6800 Uncommon trap: reason=unstable_if action=reinterpret pc=0x00000000030deab0 method=java.lang.reflect.Method.equals(Ljava/lang/Object;)Z @ 1
Event: 3.678 Thread 0x00000000028e6800 Uncommon trap: reason=unstable_if action=reinterpret pc=0x0000000003150c04 method=java.lang.StringBuffer.toString()Ljava/lang/String; @ 4
Event: 3.780 Thread 0x00000000028e6800 Uncommon trap: reason=unstable_if action=reinterpret pc=0x000000000300f9c8 method=java.util.concurrent.ConcurrentHashMap.get(Ljava/lang/Object;)Ljava/lang/Object; @ 76
Event: 3.781 Thread 0x00000000028e6800 Uncommon trap: reason=class_check action=maybe_recompile pc=0x0000000002f95dac method=java.util.concurrent.ConcurrentHashMap.putVal(Ljava/lang/Object;Ljava/lang/Object;Z)Ljava/lang/Object; @ 192
Event: 3.801 Thread 0x00000000028e6800 Uncommon trap: reason=class_check action=maybe_recompile pc=0x0000000002f95dac method=java.util.concurrent.ConcurrentHashMap.putVal(Ljava/lang/Object;Ljava/lang/Object;Z)Ljava/lang/Object; @ 192
Event: 3.801 Thread 0x00000000028e6800 Uncommon trap: reason=class_check action=maybe_recompile pc=0x0000000002f95dac method=java.util.concurrent.ConcurrentHashMap.putVal(Ljava/lang/Object;Ljava/lang/Object;Z)Ljava/lang/Object; @ 192
Event: 3.806 Thread 0x00000000028e6800 Uncommon trap: reason=class_check action=maybe_recompile pc=0x0000000002f95dac method=java.util.concurrent.ConcurrentHashMap.putVal(Ljava/lang/Object;Ljava/lang/Object;Z)Ljava/lang/Object; @ 192

Classes redefined (0 events):
No events

Internal exceptions (10 events):
Event: 3.358 Thread 0x00000000028e6800 Exception <a 'java/lang/ClassNotFoundException': org/mybatis/spring/SqlSessionFactoryBeanBeanInfo> (0x00000000eb3b3b50) thrown at [C:\re\workspace\8-2-build-windows-amd64-cygwin\jdk8u161\10277\hotspot\src\share\vm\classfile\systemDictionary.cpp, line 210]
Event: 3.359 Thread 0x00000000028e6800 Exception <a 'java/lang/ClassNotFoundException': org/mybatis/spring/SqlSessionFactoryBeanCustomizer> (0x00000000eb3c6b78) thrown at [C:\re\workspace\8-2-build-windows-amd64-cygwin\jdk8u161\10277\hotspot\src\share\vm\classfile\systemDictionary.cpp, line 21
Event: 3.508 Thread 0x00000000028e6800 Exception <a 'java/lang/ClassNotFoundException': org/apache/commons/dbcp/BasicDataSourceBeanInfo> (0x00000000eb7a6c28) thrown at [C:\re\workspace\8-2-build-windows-amd64-cygwin\jdk8u161\10277\hotspot\src\share\vm\classfile\systemDictionary.cpp, line 210]
Event: 3.509 Thread 0x00000000028e6800 Exception <a 'java/lang/ClassNotFoundException': org/apache/commons/dbcp/BasicDataSourceCustomizer> (0x00000000eb7b9c78) thrown at [C:\re\workspace\8-2-build-windows-amd64-cygwin\jdk8u161\10277\hotspot\src\share\vm\classfile\systemDictionary.cpp, line 210
Event: 3.708 Thread 0x00000000028e6800 Exception <a 'java/lang/ArrayIndexOutOfBoundsException': 18> (0x00000000ec012b90) thrown at [C:\re\workspace\8-2-build-windows-amd64-cygwin\jdk8u161\10277\hotspot\src\share\vm\interpreter\interpreterRuntime.cpp, line 366]
Event: 3.708 Thread 0x00000000028e6800 Exception <a 'java/lang/ArrayIndexOutOfBoundsException': 18> (0x00000000ec0131f0) thrown at [C:\re\workspace\8-2-build-windows-amd64-cygwin\jdk8u161\10277\hotspot\src\share\vm\interpreter\interpreterRuntime.cpp, line 366]
Event: 3.802 Thread 0x00000000028e6800 Exception <a 'java/lang/ArrayIndexOutOfBoundsException': 18> (0x00000000ec2ca938) thrown at [C:\re\workspace\8-2-build-windows-amd64-cygwin\jdk8u161\10277\hotspot\src\share\vm\interpreter\interpreterRuntime.cpp, line 366]
Event: 3.802 Thread 0x00000000028e6800 Exception <a 'java/lang/ArrayIndexOutOfBoundsException': 18> (0x00000000ec2caf40) thrown at [C:\re\workspace\8-2-build-windows-amd64-cygwin\jdk8u161\10277\hotspot\src\share\vm\interpreter\interpreterRuntime.cpp, line 366]
Event: 3.832 Thread 0x00000000028e6800 Exception <a 'java/lang/ArrayIndexOutOfBoundsException': 5> (0x00000000ec35fff0) thrown at [C:\re\workspace\8-2-build-windows-amd64-cygwin\jdk8u161\10277\hotspot\src\share\vm\interpreter\interpreterRuntime.cpp, line 366]
Event: 3.832 Thread 0x00000000028e6800 Exception <a 'java/lang/ArrayIndexOutOfBoundsException': 5> (0x00000000ec3605f8) thrown at [C:\re\workspace\8-2-build-windows-amd64-cygwin\jdk8u161\10277\hotspot\src\share\vm\interpreter\interpreterRuntime.cpp, line 366]

Events (10 events):
Event: 4.047 loading class org/springframework/jdbc/datasource/TransactionAwareDataSourceProxy done
Event: 4.048 loading class org/springframework/jdbc/datasource/DelegatingDataSource
Event: 4.048 loading class org/springframework/jdbc/datasource/DelegatingDataSource done
Event: 4.049 loading class org/apache/ibatis/session/Configuration
Event: 4.049 loading class org/apache/ibatis/session/Configuration done
Event: 4.052 loading class org/apache/ibatis/executor/loader/ProxyFactory
Event: 4.052 loading class org/apache/ibatis/executor/loader/ProxyFactory done
Event: 4.062 loading class org/apache/ibatis/executor/Executor
Event: 4.062 loading class org/apache/ibatis/executor/Executor done
Event: 4.063 Executing VM operation: CollectForMetadataAllocation


Dynamic libraries:
0x00007ff688dc0000 - 0x00007ff688df7000 	C:\Program Files\Java\jdk1.8.0_161\bin\java.exe
0x00007ffa91a40000 - 0x00007ffa91c11000 	C:\WINDOWS\SYSTEM32\ntdll.dll
0x00007ffa90f60000 - 0x00007ffa9100b000 	C:\WINDOWS\System32\KERNEL32.DLL
0x00007ffa8e2a0000 - 0x00007ffa8e4bd000 	C:\WINDOWS\System32\KERNELBASE.dll
0x00007ffa91910000 - 0x00007ffa919b2000 	C:\WINDOWS\System32\ADVAPI32.dll
0x00007ffa8f280000 - 0x00007ffa8f31e000 	C:\WINDOWS\System32\msvcrt.dll
0x00007ffa918a0000 - 0x00007ffa918f9000 	C:\WINDOWS\System32\sechost.dll
0x00007ffa911b0000 - 0x00007ffa912d1000 	C:\WINDOWS\System32\RPCRT4.dll
0x00007ffa8f7e0000 - 0x00007ffa8f945000 	C:\WINDOWS\System32\USER32.dll
0x00007ffa8e4c0000 - 0x00007ffa8e4de000 	C:\WINDOWS\System32\win32u.dll
0x00007ffa8f230000 - 0x00007ffa8f264000 	C:\WINDOWS\System32\GDI32.dll
0x00007ffa8edf0000 - 0x00007ffa8ef72000 	C:\WINDOWS\System32\gdi32full.dll
0x00007ffa814e0000 - 0x00007ffa81759000 	C:\WINDOWS\WinSxS\amd64_microsoft.windows.common-controls_6595b64144ccf1df_6.0.14393.447_none_42191651c6827bb3\COMCTL32.dll
0x00007ffa8f4b0000 - 0x00007ffa8f778000 	C:\WINDOWS\System32\combase.dll
0x00007ffa8e040000 - 0x00007ffa8e135000 	C:\WINDOWS\System32\ucrtbase.dll
0x00007ffa8dfd0000 - 0x00007ffa8e03a000 	C:\WINDOWS\System32\bcryptPrimitives.dll
0x00007ffa8f320000 - 0x00007ffa8f34e000 	C:\WINDOWS\System32\IMM32.DLL
0x0000000057940000 - 0x0000000057a12000 	C:\Program Files\Java\jdk1.8.0_161\jre\bin\msvcr100.dll
0x0000000056300000 - 0x0000000056b9f000 	C:\Program Files\Java\jdk1.8.0_161\jre\bin\server\jvm.dll
0x00007ffa91900000 - 0x00007ffa91908000 	C:\WINDOWS\System32\PSAPI.DLL
0x00007ffa8b8c0000 - 0x00007ffa8b8e3000 	C:\WINDOWS\SYSTEM32\WINMM.dll
0x00007ffa8d620000 - 0x00007ffa8d62a000 	C:\WINDOWS\SYSTEM32\VERSION.dll
0x00000000006d0000 - 0x00000000006fb000 	C:\WINDOWS\SYSTEM32\WINMMBASE.dll
0x00007ffa8ef80000 - 0x00007ffa8efc2000 	C:\WINDOWS\System32\cfgmgr32.dll
0x00007ffa8b930000 - 0x00007ffa8b939000 	C:\WINDOWS\SYSTEM32\WSOCK32.dll
0x00007ffa919d0000 - 0x00007ffa91a3a000 	C:\WINDOWS\System32\WS2_32.dll
0x0000000058140000 - 0x000000005814f000 	C:\Program Files\Java\jdk1.8.0_161\jre\bin\verify.dll
0x0000000058110000 - 0x0000000058139000 	C:\Program Files\Java\jdk1.8.0_161\jre\bin\java.dll
0x00000000580c0000 - 0x00000000580e3000 	C:\Program Files\Java\jdk1.8.0_161\jre\bin\instrument.dll
0x00000000580f0000 - 0x0000000058106000 	C:\Program Files\Java\jdk1.8.0_161\jre\bin\zip.dll
0x00007ffa8f950000 - 0x00007ffa90e59000 	C:\WINDOWS\System32\SHELL32.dll
0x00007ffa8e6b0000 - 0x00007ffa8ed8a000 	C:\WINDOWS\System32\windows.storage.dll
0x00007ffa8ded0000 - 0x00007ffa8df1c000 	C:\WINDOWS\System32\powrprof.dll
0x00007ffa90f00000 - 0x00007ffa90f52000 	C:\WINDOWS\System32\shlwapi.dll
0x00007ffa8df20000 - 0x00007ffa8df2f000 	C:\WINDOWS\System32\kernel.appcore.dll
0x00007ffa8e140000 - 0x00007ffa8e1e9000 	C:\WINDOWS\System32\shcore.dll
0x00007ffa8dea0000 - 0x00007ffa8deb4000 	C:\WINDOWS\System32\profapi.dll
0x00007ffa81210000 - 0x00007ffa8122a000 	C:\Program Files\Jetbrains\IntelliJ IDEA 2018.1.5\bin\breakgen64.dll
0x0000000057920000 - 0x000000005793a000 	C:\Program Files\Java\jdk1.8.0_161\jre\bin\net.dll
0x00007ffa8d3f0000 - 0x00007ffa8d44c000 	C:\WINDOWS\system32\mswsock.dll
0x00000000580b0000 - 0x00000000580bd000 	C:\Program Files\Java\jdk1.8.0_161\jre\bin\management.dll
0x0000000057900000 - 0x0000000057911000 	C:\Program Files\Java\jdk1.8.0_161\jre\bin\nio.dll
0x00007ffa8d950000 - 0x00007ffa8dae2000 	C:\WINDOWS\SYSTEM32\dbghelp.dll

VM Arguments:
jvm_args: -ea -Didea.test.cyclic.buffer.size=1048576 -javaagent:C:\Program Files\Jetbrains\IntelliJ IDEA 2018.1.5\lib\idea_rt.jar=7320:C:\Program Files\Jetbrains\IntelliJ IDEA 2018.1.5\bin -Dfile.encoding=UTF-8 
java_command: com.intellij.rt.execution.junit.JUnitStarter -ideVersion5 -junit4 test.scau.zxck.web.admin.CartInfoActionTest,testAlterCart
java_class_path (initial): C:\Program Files\Jetbrains\IntelliJ IDEA 2018.1.5\lib\idea_rt.jar;C:\Program Files\Jetbrains\IntelliJ IDEA 2018.1.5\plugins\junit\lib\junit-rt.jar;C:\Program Files\Jetbrains\IntelliJ IDEA 2018.1.5\plugins\junit\lib\junit5-rt.jar;C:\Program Files\Java\jdk1.8.0_161\jre\lib\charsets.jar;C:\Program Files\Java\jdk1.8.0_161\jre\lib\deploy.jar;C:\Program Files\Java\jdk1.8.0_161\jre\lib\ext\access-bridge-64.jar;C:\Program Files\Java\jdk1.8.0_161\jre\lib\ext\cldrdata.jar;C:\Program Files\Java\jdk1.8.0_161\jre\lib\ext\dnsns.jar;C:\Program Files\Java\jdk1.8.0_161\jre\lib\ext\jaccess.jar;C:\Program Files\Java\jdk1.8.0_161\jre\lib\ext\jfxrt.jar;C:\Program Files\Java\jdk1.8.0_161\jre\lib\ext\localedata.jar;C:\Program Files\Java\jdk1.8.0_161\jre\lib\ext\nashorn.jar;C:\Program Files\Java\jdk1.8.0_161\jre\lib\ext\sunec.jar;C:\Program Files\Java\jdk1.8.0_161\jre\lib\ext\sunjce_provider.jar;C:\Program Files\Java\jdk1.8.0_161\jre\lib\ext\sunmscapi.jar;C:\Program Files\Java\jdk1.8.0_161\jre\lib\ext\sunpkcs11.jar;C:\Program Files\Java\jdk1.8.0_161\jre\lib\ext\zipfs.jar;C:\Program Files\Java\jdk1.8.0_161\jre\lib\javaws.jar;C:\Program Files\Java\jdk1.8.0_161\jre\lib\jce.jar;C:\Program Files\Java\jdk1.8.0_161\jre\lib\jfr.jar;C:\Program Files\Java\jdk1.8.0_161\jre\lib\jfxswt.jar;C:\Program Files\Java\jdk1.8.0_161\jre\lib\jsse.jar;C:\Program Files\Java\jdk1.8.0_161\jre\lib\management-agent.jar;C:\Program Files\Java\jdk1.8.0_161\jre\lib\plugin.jar;C:\Program Files\Java\jdk1.8.0_161\jre\lib\resources.jar;C:\Program Files\Java\jdk1.8.0_161\jre\lib\rt.jar;C:\Users\Administrator\Desktop\agencyOfFarmers\target\test-classes;C:\Users\Administrator\Desktop\agencyOfFarmers\target\classes;D:\apache-maven-3.5.4-bin\apache-maven-3.5.4\repository\scau\zxck\ssm-base\1.5\ssm-base-1.5.jar;D:\apache-maven-3.5.4-bin\apache-maven-3.5.4\repository\org\springframework\spring-core\4.1.6.RELEASE\spring-core-4.1.6.RELEASE.jar;D:\apache-maven-3.5.4-bin\apache-maven-3.5.4\repository\org\spr
Launcher Type: SUN_STANDARD

Environment Variables:
JAVA_HOME=C:\Program Files\Java\jdk1.8.0_161
JRE_HOME=C:\Program Files\Java\jre1.8.0_161
CLASSPATH=.;C:\Program Files\Java\jdk1.8.0_161\lib\dt.jar;C:\Program Files\Java\jdk1.8.0_161\lib\tools.jar;C:\Users\Administrator\Desktop\work\apache-tomcat-8.0.50\lib;
PATH=C:\Program Files\Java\jdk1.8.0_161\bin;C:\ProgramData\Oracle\Java\javapath;C:\WINDOWS\system32;C:\WINDOWS;C:\WINDOWS\System32\Wbem;D:\MATLAB7\bin\win32;C:\MATLAB7\bin\win32;C:\Program Files\Java\jdk1.8.0_161;H:\Program Files\Git\cmd;C:\Program Files\Microsoft SQL Server\Client SDK\ODBC\130\Tools\Binn\;C:\Program Files (x86)\Microsoft SQL Server\140\Tools\Binn\;C:\Program Files\Microsoft SQL Server\140\Tools\Binn\;C:\Program Files\Microsoft SQL Server\140\DTS\Binn\;C:\Program Files (x86)\Microsoft SQL Server\Client SDK\ODBC\130\Tools\Binn\;C:\Program Files (x86)\Microsoft SQL Server\140\DTS\Binn\;C:\Program Files (x86)\Microsoft SQL Server\140\Tools\Binn\ManagementStudio\;C:\Program Files (x86)\Xoreax\IncrediBuild;C:\Program Files\Java\jdk1.8.0_161\jre\bin;C:\Program Files\Java\jre1.8.0_161;e:\quartus\bin;C:\Program Files\Git\cmd;C:\Program Files\TortoiseGit\bin;D:\apache-maven-3.5.4-bin\apache-maven-3.5.4\bin;D:\bin;C:\Program Files\MySQL\MySQL Server 5.5\bin;C:\Program Files\MySQL\MySQL Server 5.5\lib;D:\Èí¼þ\Scripts\;D:\Èí¼þ\;C:\Users\Administrator\AppData\Local\Microsoft\WindowsApps
USERNAME=Administrator
OS=Windows_NT
PROCESSOR_IDENTIFIER=Intel64 Family 6 Model 78 Stepping 3, GenuineIntel



---------------  S Y S T E M  ---------------

OS: Windows 10.0 , 64 bit Build 14393 (10.0.14393.0)

CPU:total 4 (initial active 4) (2 cores per cpu, 2 threads per core) family 6 model 78 stepping 3, cmov, cx8, fxsr, mmx, sse, sse2, sse3, ssse3, sse4.1, sse4.2, popcnt, avx, avx2, aes, clmul, erms, 3dnowpref, lzcnt, ht, tsc, tscinvbit, bmi1, bmi2, adx

Memory: 4k page, physical 4097960k(252788k free), swap 11626016k(878380k free)

vm_info: Java HotSpot(TM) 64-Bit Server VM (25.161-b12) for windows-amd64 JRE (1.8.0_161-b12), built on Dec 19 2017 17:52:25 by "java_re" with MS VC++ 10.0 (VS2010)

time: Fri Jul 20 15:19:19 2018
elapsed time: 4 seconds (0d 0h 0m 4s)

