#
# A fatal error has been detected by the Java Runtime Environment:
#
#  EXCEPTION_ACCESS_VIOLATION (0xc0000005) at pc=0x00000000543083d5, pid=6436, tid=0x0000000000002714
#
# JRE version: Java(TM) SE Runtime Environment (8.0_161-b12) (build 1.8.0_161-b12)
# Java VM: Java HotSpot(TM) 64-Bit Server VM (25.161-b12 mixed mode windows-amd64 compressed oops)
# Problematic frame:
# V  [jvm.dll+0x4f83d5]
#
# Failed to write core dump. Minidumps are not enabled by default on client versions of Windows
#
# If you would like to submit a bug report, please visit:
#   http://bugreport.java.com/bugreport/crash.jsp
#

---------------  T H R E A D  ---------------

Current thread (0x00000000170c1000):  JavaThread "C2 CompilerThread1" daemon [_thread_in_native, id=10004, stack(0x0000000017880000,0x0000000017980000)]

siginfo: ExceptionCode=0xc0000005, reading address 0xffffffffffffffff

Registers:
RAX=0x0000000018b0c828, RBX=0x0400000000000000, RCX=0x000000000000034c, RDX=0x000000000000034c
RSP=0x000000001797c0c0, RBP=0x00000000000003f0, RSI=0x0000000019033e48, RDI=0x0000000018b0c7f8
R8 =0x0000000000527650, R9 =0x0000000018b0b880, R10=0x0000000018755258, R11=0x0000000000000030
R12=0x000000000000007e, R13=0x000000001797e6b0, R14=0x0000000000000001, R15=0x000000001797c430
RIP=0x00000000543083d5, EFLAGS=0x0000000000010206

Top of Stack: (sp=0x000000001797c0c0)
0x000000001797c0c0:   0000000018755280 0000000054261787
0x000000001797c0d0:   0000000018b0c388 000000001797c148
0x000000001797c0e0:   0000000019033e48 0000000019036548
0x000000001797c0f0:   0000000019033e48 00000000542f8df5
0x000000001797c100:   0000000000000000 000000001797c148
0x000000001797c110:   fffffffffffffff8 0000000000000000
0x000000001797c120:   000000001b89d5e0 000000001b940d90
0x000000001797c130:   000000001b8935d0 000000001709e960
0x000000001797c140:   0000000000000001 000000001797e878
0x000000001797c150:   0000000000000004 0000000000002b5f
0x000000001797c160:   000000001797c1c0 00000000542f984d
0x000000001797c170:   000000001797e6b0 000000001797c430
0x000000001797c180:   000000001797c430 0000000000000000
0x000000001797c190:   0000000000100000 0000000000000000
0x000000001797c1a0:   0000000000000000 0000000000000000
0x000000001797c1b0:   0000000000000000 00000000542f3b4c 

Instructions: (pc=0x00000000543083d5)
0x00000000543083b5:   66 66 66 0f 1f 84 00 00 00 00 00 48 8b 46 08 48
0x00000000543083c5:   8b 1c 28 48 8b 47 08 48 89 1c 28 48 85 db 74 25
0x00000000543083d5:   48 83 7b 10 00 74 1e 8b 53 20 3b 53 24 75 08 48
0x00000000543083e5:   8b cb e8 d4 f4 ff ff 8b 4b 20 48 8b 43 10 48 89 


Register to memory mapping:

RAX=0x0000000018b0c828 is an unknown value
RBX=0x0400000000000000 is an unknown value
RCX=0x000000000000034c is an unknown value
RDX=0x000000000000034c is an unknown value
RSP=0x000000001797c0c0 is pointing into the stack for thread: 0x00000000170c1000
RBP=0x00000000000003f0 is an unknown value
RSI=0x0000000019033e48 is an unknown value
RDI=0x0000000018b0c7f8 is an unknown value
R8 =0x0000000000527650 is an unknown value
R9 =0x0000000018b0b880 is an unknown value
R10=0x0000000018755258 is an unknown value
R11=0x0000000000000030 is an unknown value
R12=0x000000000000007e is an unknown value
R13=0x000000001797e6b0 is pointing into the stack for thread: 0x00000000170c1000
R14=0x0000000000000001 is an unknown value
R15=0x000000001797c430 is pointing into the stack for thread: 0x00000000170c1000


Stack: [0x0000000017880000,0x0000000017980000],  sp=0x000000001797c0c0,  free space=1008k
Native frames: (J=compiled Java code, j=interpreted, Vv=VM code, C=native code)
V  [jvm.dll+0x4f83d5]
V  [jvm.dll+0x4e8df5]
V  [jvm.dll+0x4e984d]
V  [jvm.dll+0x474e71]
V  [jvm.dll+0x477967]
V  [jvm.dll+0x45a172]
V  [jvm.dll+0xa6052]
V  [jvm.dll+0xa699f]
V  [jvm.dll+0x24533f]
V  [jvm.dll+0x29cc4a]
C  [msvcr100.dll+0x21d9f]
C  [msvcr100.dll+0x21e3b]
C  [KERNEL32.DLL+0x8364]
C  [ntdll.dll+0x670d1]


Current CompileTask:
C2:   5068 3096       4       java.net.URLClassLoader$1::run (5 bytes)


---------------  P R O C E S S  ---------------

Java Threads: ( => current thread )
  0x0000000017173800 JavaThread "Service Thread" daemon [_thread_blocked, id=11884, stack(0x0000000017a80000,0x0000000017b80000)]
  0x00000000170c3800 JavaThread "C1 CompilerThread2" daemon [_thread_in_native, id=10808, stack(0x0000000017980000,0x0000000017a80000)]
=>0x00000000170c1000 JavaThread "C2 CompilerThread1" daemon [_thread_in_native, id=10004, stack(0x0000000017880000,0x0000000017980000)]
  0x00000000170be800 JavaThread "C2 CompilerThread0" daemon [_thread_in_native, id=8240, stack(0x0000000017780000,0x0000000017880000)]
  0x00000000170ac000 JavaThread "Monitor Ctrl-Break" daemon [_thread_in_native, id=2476, stack(0x0000000017680000,0x0000000017780000)]
  0x0000000015d1a000 JavaThread "Attach Listener" daemon [_thread_blocked, id=4324, stack(0x0000000017580000,0x0000000017680000)]
  0x0000000017088800 JavaThread "Signal Dispatcher" daemon [_thread_blocked, id=444, stack(0x0000000017480000,0x0000000017580000)]
  0x000000000371e000 JavaThread "Finalizer" daemon [_thread_blocked, id=7936, stack(0x0000000016f80000,0x0000000017080000)]
  0x0000000003715000 JavaThread "Reference Handler" daemon [_thread_blocked, id=7640, stack(0x0000000016e80000,0x0000000016f80000)]
  0x0000000003623800 JavaThread "main" [_thread_in_native, id=10628, stack(0x00000000033b0000,0x00000000034b0000)]

Other Threads:
  0x0000000015ce8000 VMThread [stack: 0x0000000016d80000,0x0000000016e80000] [id=4556]
  0x00000000171ba000 WatcherThread [stack: 0x0000000017b80000,0x0000000017c80000] [id=4308]

VM state:not at safepoint (normal execution)

VM Mutex/Monitor currently owned by a thread: None

Heap:
 PSYoungGen      total 139776K, used 2686K [0x00000000eb200000, 0x00000000f4500000, 0x0000000100000000)
  eden space 130560K, 2% used [0x00000000eb200000,0x00000000eb49fb68,0x00000000f3180000)
  from space 9216K, 0% used [0x00000000f3b00000,0x00000000f3b00000,0x00000000f4400000)
  to   space 9728K, 0% used [0x00000000f3180000,0x00000000f3180000,0x00000000f3b00000)
 ParOldGen       total 38912K, used 10928K [0x00000000c1600000, 0x00000000c3c00000, 0x00000000eb200000)
  object space 38912K, 28% used [0x00000000c1600000,0x00000000c20ac058,0x00000000c3c00000)
 Metaspace       used 20982K, capacity 21484K, committed 21808K, reserved 1069056K
  class space    used 2540K, capacity 2686K, committed 2688K, reserved 1048576K

Card table byte_map: [0x0000000012ae0000,0x0000000012ce0000] byte_map_base: 0x00000000124d5000

Marking Bits: (ParMarkBitMap*) 0x000000005462f860
 Begin Bits: [0x0000000013230000, 0x00000000141d8000)
 End Bits:   [0x00000000141d8000, 0x0000000015180000)

Polling page: 0x0000000001270000

CodeCache: size=245760Kb used=10856Kb max_used=10856Kb free=234903Kb
 bounds [0x0000000003720000, 0x00000000041d0000, 0x0000000012720000]
 total_blobs=3527 nmethods=3128 adapters=311
 compilation: enabled

Compilation events (10 events):
Event: 4.923 Thread 0x00000000170c3800 3124       3       com.sun.tools.javac.util.SharedNameTable$NameImpl::<init> (6 bytes)
Event: 4.923 Thread 0x00000000170c3800 nmethod 3124 0x00000000041b4150 code [0x00000000041b42c0, 0x00000000041b44f0]
Event: 4.923 Thread 0x00000000170c3800 3125       3       com.sun.tools.javac.util.Context::checkState (13 bytes)
Event: 4.923 Thread 0x00000000170c3800 nmethod 3125 0x00000000041b45d0 code [0x00000000041b4740, 0x00000000041b4968]
Event: 5.025 Thread 0x00000000170c3800 3127       3       com.sun.tools.javac.util.SharedNameTable::fromChars (187 bytes)
Event: 5.026 Thread 0x00000000170c3800 nmethod 3127 0x00000000041b4a50 code [0x00000000041b4c60, 0x00000000041b5758]
Event: 5.026 Thread 0x00000000170c3800 3128       1       com.sun.tools.javac.util.SharedNameTable$NameImpl::getIndex (5 bytes)
Event: 5.026 Thread 0x00000000170c3800 nmethod 3128 0x00000000041b5dd0 code [0x00000000041b5f20, 0x00000000041b6030]
Event: 5.026 Thread 0x00000000170c3800 3129       3       com.sun.tools.javac.util.Context::uncheckedCast (2 bytes)
Event: 5.026 Thread 0x00000000170c3800 nmethod 3129 0x00000000041b6090 code [0x00000000041b61e0, 0x00000000041b6310]

GC Heap History (10 events):
Event: 2.104 GC heap before
{Heap before GC invocations=5 (full 0):
 PSYoungGen      total 35328K, used 35320K [0x00000000eb200000, 0x00000000ed700000, 0x0000000100000000)
  eden space 32768K, 100% used [0x00000000eb200000,0x00000000ed200000,0x00000000ed200000)
  from space 2560K, 99% used [0x00000000ed480000,0x00000000ed6fe010,0x00000000ed700000)
  to   space 2560K, 0% used [0x00000000ed200000,0x00000000ed200000,0x00000000ed480000)
 ParOldGen       total 44032K, used 5981K [0x00000000c1600000, 0x00000000c4100000, 0x00000000eb200000)
  object space 44032K, 13% used [0x00000000c1600000,0x00000000c1bd7538,0x00000000c4100000)
 Metaspace       used 15536K, capacity 15842K, committed 16128K, reserved 1062912K
  class space    used 1908K, capacity 2005K, committed 2048K, reserved 1048576K
Event: 2.117 GC heap after
Heap after GC invocations=5 (full 0):
 PSYoungGen      total 35328K, used 2536K [0x00000000eb200000, 0x00000000f0000000, 0x0000000100000000)
  eden space 32768K, 0% used [0x00000000eb200000,0x00000000eb200000,0x00000000ed200000)
  from space 2560K, 99% used [0x00000000ed200000,0x00000000ed47a020,0x00000000ed480000)
  to   space 7168K, 0% used [0x00000000ef900000,0x00000000ef900000,0x00000000f0000000)
 ParOldGen       total 44032K, used 10447K [0x00000000c1600000, 0x00000000c4100000, 0x00000000eb200000)
  object space 44032K, 23% used [0x00000000c1600000,0x00000000c2033d68,0x00000000c4100000)
 Metaspace       used 15536K, capacity 15842K, committed 16128K, reserved 1062912K
  class space    used 1908K, capacity 2005K, committed 2048K, reserved 1048576K
}
Event: 2.667 GC heap before
{Heap before GC invocations=6 (full 0):
 PSYoungGen      total 35328K, used 35304K [0x00000000eb200000, 0x00000000f0000000, 0x0000000100000000)
  eden space 32768K, 100% used [0x00000000eb200000,0x00000000ed200000,0x00000000ed200000)
  from space 2560K, 99% used [0x00000000ed200000,0x00000000ed47a020,0x00000000ed480000)
  to   space 7168K, 0% used [0x00000000ef900000,0x00000000ef900000,0x00000000f0000000)
 ParOldGen       total 44032K, used 10447K [0x00000000c1600000, 0x00000000c4100000, 0x00000000eb200000)
  object space 44032K, 23% used [0x00000000c1600000,0x00000000c2033d68,0x00000000c4100000)
 Metaspace       used 15922K, capacity 16262K, committed 16384K, reserved 1062912K
  class space    used 1927K, capacity 2011K, committed 2048K, reserved 1048576K
Event: 2.676 GC heap after
Heap after GC invocations=6 (full 0):
 PSYoungGen      total 72704K, used 5568K [0x00000000eb200000, 0x00000000f0000000, 0x0000000100000000)
  eden space 65536K, 0% used [0x00000000eb200000,0x00000000eb200000,0x00000000ef200000)
  from space 7168K, 77% used [0x00000000ef900000,0x00000000efe701c8,0x00000000f0000000)
  to   space 7168K, 0% used [0x00000000ef200000,0x00000000ef200000,0x00000000ef900000)
 ParOldGen       total 44032K, used 10455K [0x00000000c1600000, 0x00000000c4100000, 0x00000000eb200000)
  object space 44032K, 23% used [0x00000000c1600000,0x00000000c2035d68,0x00000000c4100000)
 Metaspace       used 15922K, capacity 16262K, committed 16384K, reserved 1062912K
  class space    used 1927K, capacity 2011K, committed 2048K, reserved 1048576K
}
Event: 4.583 GC heap before
{Heap before GC invocations=7 (full 0):
 PSYoungGen      total 72704K, used 71104K [0x00000000eb200000, 0x00000000f0000000, 0x0000000100000000)
  eden space 65536K, 100% used [0x00000000eb200000,0x00000000ef200000,0x00000000ef200000)
  from space 7168K, 77% used [0x00000000ef900000,0x00000000efe701c8,0x00000000f0000000)
  to   space 7168K, 0% used [0x00000000ef200000,0x00000000ef200000,0x00000000ef900000)
 ParOldGen       total 44032K, used 10455K [0x00000000c1600000, 0x00000000c4100000, 0x00000000eb200000)
  object space 44032K, 23% used [0x00000000c1600000,0x00000000c2035d68,0x00000000c4100000)
 Metaspace       used 17531K, capacity 17976K, committed 18176K, reserved 1064960K
  class space    used 2073K, capacity 2198K, committed 2304K, reserved 1048576K
Event: 4.594 GC heap after
Heap after GC invocations=7 (full 0):
 PSYoungGen      total 72704K, used 7152K [0x00000000eb200000, 0x00000000f4400000, 0x0000000100000000)
  eden space 65536K, 0% used [0x00000000eb200000,0x00000000eb200000,0x00000000ef200000)
  from space 7168K, 99% used [0x00000000ef200000,0x00000000ef8fc010,0x00000000ef900000)
  to   space 9216K, 0% used [0x00000000f3b00000,0x00000000f3b00000,0x00000000f4400000)
 ParOldGen       total 44032K, used 12405K [0x00000000c1600000, 0x00000000c4100000, 0x00000000eb200000)
  object space 44032K, 28% used [0x00000000c1600000,0x00000000c221d4b0,0x00000000c4100000)
 Metaspace       used 17531K, capacity 17976K, committed 18176K, reserved 1064960K
  class space    used 2073K, capacity 2198K, committed 2304K, reserved 1048576K
}
Event: 4.939 GC heap before
{Heap before GC invocations=8 (full 0):
 PSYoungGen      total 72704K, used 30770K [0x00000000eb200000, 0x00000000f4400000, 0x0000000100000000)
  eden space 65536K, 36% used [0x00000000eb200000,0x00000000ec910af8,0x00000000ef200000)
  from space 7168K, 99% used [0x00000000ef200000,0x00000000ef8fc010,0x00000000ef900000)
  to   space 9216K, 0% used [0x00000000f3b00000,0x00000000f3b00000,0x00000000f4400000)
 ParOldGen       total 44032K, used 12405K [0x00000000c1600000, 0x00000000c4100000, 0x00000000eb200000)
  object space 44032K, 28% used [0x00000000c1600000,0x00000000c221d4b0,0x00000000c4100000)
 Metaspace       used 20654K, capacity 21164K, committed 21296K, reserved 1069056K
  class space    used 2515K, capacity 2686K, committed 2688K, reserved 1048576K
Event: 4.952 GC heap after
Heap after GC invocations=8 (full 0):
 PSYoungGen      total 139776K, used 7742K [0x00000000eb200000, 0x00000000f4500000, 0x0000000100000000)
  eden space 130560K, 0% used [0x00000000eb200000,0x00000000eb200000,0x00000000f3180000)
  from space 9216K, 84% used [0x00000000f3b00000,0x00000000f428f8d0,0x00000000f4400000)
  to   space 9728K, 0% used [0x00000000f3180000,0x00000000f3180000,0x00000000f3b00000)
 ParOldGen       total 44032K, used 12973K [0x00000000c1600000, 0x00000000c4100000, 0x00000000eb200000)
  object space 44032K, 29% used [0x00000000c1600000,0x00000000c22ab4b0,0x00000000c4100000)
 Metaspace       used 20654K, capacity 21164K, committed 21296K, reserved 1069056K
  class space    used 2515K, capacity 2686K, committed 2688K, reserved 1048576K
}
Event: 4.952 GC heap before
{Heap before GC invocations=9 (full 1):
 PSYoungGen      total 139776K, used 7742K [0x00000000eb200000, 0x00000000f4500000, 0x0000000100000000)
  eden space 130560K, 0% used [0x00000000eb200000,0x00000000eb200000,0x00000000f3180000)
  from space 9216K, 84% used [0x00000000f3b00000,0x00000000f428f8d0,0x00000000f4400000)
  to   space 9728K, 0% used [0x00000000f3180000,0x00000000f3180000,0x00000000f3b00000)
 ParOldGen       total 44032K, used 12973K [0x00000000c1600000, 0x00000000c4100000, 0x00000000eb200000)
  object space 44032K, 29% used [0x00000000c1600000,0x00000000c22ab4b0,0x00000000c4100000)
 Metaspace       used 20654K, capacity 21164K, committed 21296K, reserved 1069056K
  class space    used 2515K, capacity 2686K, committed 2688K, reserved 1048576K
Event: 5.022 GC heap after
Heap after GC invocations=9 (full 1):
 PSYoungGen      total 139776K, used 0K [0x00000000eb200000, 0x00000000f4500000, 0x0000000100000000)
  eden space 130560K, 0% used [0x00000000eb200000,0x00000000eb200000,0x00000000f3180000)
  from space 9216K, 0% used [0x00000000f3b00000,0x00000000f3b00000,0x00000000f4400000)
  to   space 9728K, 0% used [0x00000000f3180000,0x00000000f3180000,0x00000000f3b00000)
 ParOldGen       total 38912K, used 10928K [0x00000000c1600000, 0x00000000c3c00000, 0x00000000eb200000)
  object space 38912K, 28% used [0x00000000c1600000,0x00000000c20ac058,0x00000000c3c00000)
 Metaspace       used 20654K, capacity 21164K, committed 21296K, reserved 1069056K
  class space    used 2515K, capacity 2686K, committed 2688K, reserved 1048576K
}

Deoptimization events (10 events):
Event: 3.915 Thread 0x0000000003623800 Uncommon trap: reason=unstable_if action=reinterpret pc=0x0000000003a30a00 method=java.io.Reader.read()I @ 12
Event: 3.943 Thread 0x0000000003623800 Uncommon trap: reason=bimorphic action=maybe_recompile pc=0x0000000003cfeca4 method=java.util.regex.Pattern$CharProperty.match(Ljava/util/regex/Matcher;ILjava/lang/CharSequence;)Z @ 37
Event: 4.159 Thread 0x0000000003623800 Uncommon trap: reason=unstable_if action=reinterpret pc=0x0000000003fe5604 method=org.apache.maven.model.ConfigurationContainer.clone()Lorg/apache/maven/model/ConfigurationContainer; @ 37
Event: 4.161 Thread 0x0000000003623800 Uncommon trap: reason=bimorphic action=maybe_recompile pc=0x0000000003d681a4 method=java.util.concurrent.ConcurrentHashMap.get(Ljava/lang/Object;)Ljava/lang/Object; @ 149
Event: 4.187 Thread 0x0000000003623800 Uncommon trap: reason=bimorphic action=maybe_recompile pc=0x0000000003d681a4 method=java.util.concurrent.ConcurrentHashMap.get(Ljava/lang/Object;)Ljava/lang/Object; @ 149
Event: 4.192 Thread 0x0000000003623800 Uncommon trap: reason=bimorphic action=maybe_recompile pc=0x0000000003d681a4 method=java.util.concurrent.ConcurrentHashMap.get(Ljava/lang/Object;)Ljava/lang/Object; @ 149
Event: 4.197 Thread 0x0000000003623800 Uncommon trap: reason=bimorphic action=maybe_recompile pc=0x0000000003d681a4 method=java.util.concurrent.ConcurrentHashMap.get(Ljava/lang/Object;)Ljava/lang/Object; @ 149
Event: 4.509 Thread 0x0000000003623800 Uncommon trap: reason=bimorphic action=maybe_recompile pc=0x0000000003cfeca4 method=java.util.regex.Pattern$CharProperty.match(Ljava/util/regex/Matcher;ILjava/lang/CharSequence;)Z @ 37
Event: 4.700 Thread 0x0000000003623800 Uncommon trap: reason=unstable_if action=reinterpret pc=0x000000000384b988 method=java.net.URI.match(CJJ)Z @ 19
Event: 4.702 Thread 0x0000000003623800 Uncommon trap: reason=predicate action=maybe_recompile pc=0x0000000003d816cc method=sun.misc.Resource.getBytes()[B @ 53

Classes redefined (0 events):
No events

Internal exceptions (10 events):
Event: 0.810 Thread 0x0000000003623800 Exception <a 'java/lang/ArrayIndexOutOfBoundsException': 40> (0x00000000ebb76c30) thrown at [C:\re\workspace\8-2-build-windows-amd64-cygwin\jdk8u161\10277\hotspot\src\share\vm\interpreter\interpreterRuntime.cpp, line 366]
Event: 1.273 Thread 0x0000000003623800 Exception <a 'java/lang/NoClassDefFoundError': com/google/inject/servlet/ServletModuleTargetVisitor> (0x00000000ec133f80) thrown at [C:\re\workspace\8-2-build-windows-amd64-cygwin\jdk8u161\10277\hotspot\src\share\vm\classfile\systemDictionary.cpp, line 19
Event: 1.273 Thread 0x0000000003623800 Exception <a 'java/lang/NoClassDefFoundError'> (0x00000000ec133f80) thrown at [C:\re\workspace\8-2-build-windows-amd64-cygwin\jdk8u161\10277\hotspot\src\share\vm\prims\jvm.cpp, line 1394]
Event: 1.273 Thread 0x0000000003623800 Exception <a 'java/lang/NoClassDefFoundError': javax/annotation/Priority> (0x00000000ec138c20) thrown at [C:\re\workspace\8-2-build-windows-amd64-cygwin\jdk8u161\10277\hotspot\src\share\vm\classfile\systemDictionary.cpp, line 199]
Event: 1.366 Thread 0x0000000003623800 Implicit null exception at 0x000000000382ef95 to 0x000000000382f159
Event: 2.121 Thread 0x0000000003623800 Implicit null exception at 0x0000000003ade455 to 0x0000000003ade651
Event: 2.122 Thread 0x0000000003623800 Implicit null exception at 0x0000000003a5116f to 0x0000000003a511d9
Event: 2.241 Thread 0x0000000003623800 Implicit null exception at 0x0000000003d6c36e to 0x0000000003d6d57d
Event: 3.728 Thread 0x0000000003623800 Implicit null exception at 0x0000000003fa3df6 to 0x0000000003fa3eb1
Event: 4.700 Thread 0x0000000003623800 Exception <a 'java/lang/ClassNotFoundException': com/sun/tools/javac/api/JavacTool> (0x00000000ebb51070) thrown at [C:\re\workspace\8-2-build-windows-amd64-cygwin\jdk8u161\10277\hotspot\src\share\vm\classfile\systemDictionary.cpp, line 210]

Events (10 events):
Event: 5.030 loading class com/sun/tools/javac/jvm/Gen$2
Event: 5.030 loading class com/sun/tools/javac/jvm/Gen$2 done
Event: 5.031 loading class com/sun/tools/javac/jvm/Gen$CodeSizeOverflow
Event: 5.031 loading class com/sun/tools/javac/jvm/Gen$CodeSizeOverflow done
Event: 5.032 loading class com/sun/tools/javac/jvm/UninitializedType
Event: 5.032 loading class com/sun/tools/javac/jvm/UninitializedType done
Event: 5.033 loading class com/sun/tools/javac/comp/Lower
Event: 5.033 loading class com/sun/tools/javac/comp/Lower done
Event: 5.035 loading class com/sun/tools/javac/comp/Lower$1
Event: 5.035 loading class com/sun/tools/javac/comp/Lower$1 done


Dynamic libraries:
0x00007ff66b860000 - 0x00007ff66b897000 	C:\Program Files\Java\jdk1.8.0_161\bin\java.exe
0x00007ffdf2a30000 - 0x00007ffdf2c01000 	C:\WINDOWS\SYSTEM32\ntdll.dll
0x00007ffdf0df0000 - 0x00007ffdf0e9b000 	C:\WINDOWS\System32\KERNEL32.DLL
0x00007ffdef060000 - 0x00007ffdef27d000 	C:\WINDOWS\System32\KERNELBASE.dll
0x00007ffdf2980000 - 0x00007ffdf2a22000 	C:\WINDOWS\System32\ADVAPI32.dll
0x00007ffdf28e0000 - 0x00007ffdf297e000 	C:\WINDOWS\System32\msvcrt.dll
0x00007ffdf1100000 - 0x00007ffdf1159000 	C:\WINDOWS\System32\sechost.dll
0x00007ffdf0200000 - 0x00007ffdf0321000 	C:\WINDOWS\System32\RPCRT4.dll
0x00007ffdf0ea0000 - 0x00007ffdf1005000 	C:\WINDOWS\System32\USER32.dll
0x00007ffdef040000 - 0x00007ffdef05e000 	C:\WINDOWS\System32\win32u.dll
0x00007ffdeffc0000 - 0x00007ffdefff4000 	C:\WINDOWS\System32\GDI32.dll
0x00007ffdef280000 - 0x00007ffdef402000 	C:\WINDOWS\System32\gdi32full.dll
0x00007ffde2f80000 - 0x00007ffde31f9000 	C:\WINDOWS\WinSxS\amd64_microsoft.windows.common-controls_6595b64144ccf1df_6.0.14393.447_none_42191651c6827bb3\COMCTL32.dll
0x00007ffdf08b0000 - 0x00007ffdf0b78000 	C:\WINDOWS\System32\combase.dll
0x00007ffdefcc0000 - 0x00007ffdefdb5000 	C:\WINDOWS\System32\ucrtbase.dll
0x00007ffdeefd0000 - 0x00007ffdef03a000 	C:\WINDOWS\System32\bcryptPrimitives.dll
0x00007ffdf0100000 - 0x00007ffdf012e000 	C:\WINDOWS\System32\IMM32.DLL
0x00000000546b0000 - 0x0000000054782000 	C:\Program Files\Java\jdk1.8.0_161\jre\bin\msvcr100.dll
0x0000000053e10000 - 0x00000000546af000 	C:\Program Files\Java\jdk1.8.0_161\jre\bin\server\jvm.dll
0x00007ffdf0d40000 - 0x00007ffdf0d48000 	C:\WINDOWS\System32\PSAPI.DLL
0x00007ffdec3f0000 - 0x00007ffdec3f9000 	C:\WINDOWS\SYSTEM32\WSOCK32.dll
0x00007ffded2f0000 - 0x00007ffded313000 	C:\WINDOWS\SYSTEM32\WINMM.dll
0x00007ffde7e60000 - 0x00007ffde7e6a000 	C:\WINDOWS\SYSTEM32\VERSION.dll
0x00007ffdf1160000 - 0x00007ffdf11ca000 	C:\WINDOWS\System32\WS2_32.dll
0x0000000001770000 - 0x000000000179b000 	C:\WINDOWS\SYSTEM32\WINMMBASE.dll
0x00007ffdeef20000 - 0x00007ffdeef62000 	C:\WINDOWS\System32\cfgmgr32.dll
0x0000000053e00000 - 0x0000000053e0f000 	C:\Program Files\Java\jdk1.8.0_161\jre\bin\verify.dll
0x0000000053dd0000 - 0x0000000053df9000 	C:\Program Files\Java\jdk1.8.0_161\jre\bin\java.dll
0x0000000053da0000 - 0x0000000053dc3000 	C:\Program Files\Java\jdk1.8.0_161\jre\bin\instrument.dll
0x0000000053d80000 - 0x0000000053d96000 	C:\Program Files\Java\jdk1.8.0_161\jre\bin\zip.dll
0x00007ffdf13d0000 - 0x00007ffdf28d9000 	C:\WINDOWS\System32\SHELL32.dll
0x00007ffdef410000 - 0x00007ffdefaea000 	C:\WINDOWS\System32\windows.storage.dll
0x00007ffdeee90000 - 0x00007ffdeeedc000 	C:\WINDOWS\System32\powrprof.dll
0x00007ffdf1370000 - 0x00007ffdf13c2000 	C:\WINDOWS\System32\shlwapi.dll
0x00007ffdeef10000 - 0x00007ffdeef1f000 	C:\WINDOWS\System32\kernel.appcore.dll
0x00007ffdefdc0000 - 0x00007ffdefe69000 	C:\WINDOWS\System32\shcore.dll
0x00007ffdeeee0000 - 0x00007ffdeeef4000 	C:\WINDOWS\System32\profapi.dll
0x00007ffdeb390000 - 0x00007ffdeb3aa000 	C:\Program Files\Jetbrains\IntelliJ IDEA 2018.1.5\bin\breakgen64.dll
0x0000000053c70000 - 0x0000000053c8a000 	C:\Program Files\Java\jdk1.8.0_161\jre\bin\net.dll
0x00007ffdee790000 - 0x00007ffdee7ec000 	C:\WINDOWS\system32\mswsock.dll
0x00007ffdee930000 - 0x00007ffdee947000 	C:\WINDOWS\SYSTEM32\CRYPTSP.dll
0x00007ffdee3a0000 - 0x00007ffdee3d3000 	C:\WINDOWS\system32\rsaenh.dll
0x00007ffdeea40000 - 0x00007ffdeea6b000 	C:\WINDOWS\SYSTEM32\bcrypt.dll
0x00007ffdee610000 - 0x00007ffdee62f000 	C:\WINDOWS\SYSTEM32\USERENV.dll
0x00007ffdee950000 - 0x00007ffdee95b000 	C:\WINDOWS\SYSTEM32\CRYPTBASE.dll
0x00007ffdee520000 - 0x00007ffdee558000 	C:\WINDOWS\SYSTEM32\IPHLPAPI.DLL
0x00007ffdf0130000 - 0x00007ffdf0138000 	C:\WINDOWS\System32\NSI.dll
0x00007ffde81c0000 - 0x00007ffde81d6000 	C:\WINDOWS\SYSTEM32\dhcpcsvc6.DLL
0x00007ffde86f0000 - 0x00007ffde870a000 	C:\WINDOWS\SYSTEM32\dhcpcsvc.DLL
0x0000000053c50000 - 0x0000000053c61000 	C:\Program Files\Java\jdk1.8.0_161\jre\bin\nio.dll
0x00007ffdec460000 - 0x00007ffdec46a000 	C:\Users\Administrator\AppData\Local\Temp\jansi-1.17.1-1590657128100276987.dll
0x00007ffdec310000 - 0x00007ffdec31a000 	C:\Users\Administrator\AppData\Local\Temp\jansi-1.17.1-8378844775432952745.dll
0x00007ffde1920000 - 0x00007ffde1ab2000 	C:\WINDOWS\SYSTEM32\dbghelp.dll

VM Arguments:
jvm_args: -Dmaven.multiModuleProjectDirectory=C:\Users\Administrator\Desktop\agencyOfFarmers -Dmaven.home=D:\apache-maven-3.5.4-bin\apache-maven-3.5.4 -Dclassworlds.conf=D:\apache-maven-3.5.4-bin\apache-maven-3.5.4\bin\m2.conf -javaagent:C:\Program Files\Jetbrains\IntelliJ IDEA 2018.1.5\lib\idea_rt.jar=10376:C:\Program Files\Jetbrains\IntelliJ IDEA 2018.1.5\bin -Dfile.encoding=UTF-8 
java_command: org.codehaus.classworlds.Launcher -Didea.version=2018.1.6 clean package
java_class_path (initial): D:\apache-maven-3.5.4-bin\apache-maven-3.5.4\boot\plexus-classworlds-2.5.2.jar;C:\Program Files\Jetbrains\IntelliJ IDEA 2018.1.5\lib\idea_rt.jar
Launcher Type: SUN_STANDARD

Environment Variables:
JAVA_HOME=C:\Program Files\Java\jdk1.8.0_161
JRE_HOME=C:\Program Files\Java\jre1.8.0_161
CLASSPATH=.;C:\Program Files\Java\jdk1.8.0_161\lib\dt.jar;C:\Program Files\Java\jdk1.8.0_161\lib\tools.jar;C:\Users\Administrator\Desktop\work\apache-tomcat-8.0.50\lib;
PATH=C:\Program Files\Java\jdk1.8.0_161\bin;C:\ProgramData\Oracle\Java\javapath;C:\WINDOWS\system32;C:\WINDOWS;C:\WINDOWS\System32\Wbem;D:\MATLAB7\bin\win32;C:\MATLAB7\bin\win32;C:\Program Files\Java\jdk1.8.0_161;H:\Program Files\Git\cmd;C:\Program Files\Microsoft SQL Server\Client SDK\ODBC\130\Tools\Binn\;C:\Program Files (x86)\Microsoft SQL Server\140\Tools\Binn\;C:\Program Files\Microsoft SQL Server\140\Tools\Binn\;C:\Program Files\Microsoft SQL Server\140\DTS\Binn\;C:\Program Files (x86)\Microsoft SQL Server\Client SDK\ODBC\130\Tools\Binn\;C:\Program Files (x86)\Microsoft SQL Server\140\DTS\Binn\;C:\Program Files (x86)\Microsoft SQL Server\140\Tools\Binn\ManagementStudio\;C:\Program Files (x86)\Xoreax\IncrediBuild;C:\Program Files\Java\jdk1.8.0_161\jre\bin;C:\Program Files\Java\jre1.8.0_161;e:\quartus\bin;C:\Program Files\Git\cmd;C:\Program Files\TortoiseGit\bin;D:\apache-maven-3.5.4-bin\apache-maven-3.5.4\bin;D:\bin;C:\Program Files\MySQL\MySQL Server 5.5\bin;C:\Program Files\MySQL\MySQL Server 5.5\lib;D:\Èí¼þ\Scripts\;D:\Èí¼þ\;C:\Users\Administrator\AppData\Local\Microsoft\WindowsApps
USERNAME=Administrator
OS=Windows_NT
PROCESSOR_IDENTIFIER=Intel64 Family 6 Model 78 Stepping 3, GenuineIntel



---------------  S Y S T E M  ---------------

OS: Windows 10.0 , 64 bit Build 14393 (10.0.14393.0)

CPU:total 4 (initial active 4) (2 cores per cpu, 2 threads per core) family 6 model 78 stepping 3, cmov, cx8, fxsr, mmx, sse, sse2, sse3, ssse3, sse4.1, sse4.2, popcnt, avx, avx2, aes, clmul, erms, 3dnowpref, lzcnt, ht, tsc, tscinvbit, bmi1, bmi2, adx

Memory: 4k page, physical 4097960k(650280k free), swap 9400328k(1792576k free)

vm_info: Java HotSpot(TM) 64-Bit Server VM (25.161-b12) for windows-amd64 JRE (1.8.0_161-b12), built on Dec 19 2017 17:52:25 by "java_re" with MS VC++ 10.0 (VS2010)

time: Tue Jul 24 11:42:40 2018
elapsed time: 5 seconds (0d 0h 0m 5s)

