#
# A fatal error has been detected by the Java Runtime Environment:
#
#  EXCEPTION_ACCESS_VIOLATION (0xc0000005) at pc=0x00000000567a2d60, pid=3524, tid=0x000000000000292c
#
# JRE version: Java(TM) SE Runtime Environment (8.0_161-b12) (build 1.8.0_161-b12)
# Java VM: Java HotSpot(TM) 64-Bit Server VM (25.161-b12 mixed mode windows-amd64 compressed oops)
# Problematic frame:
# V  [jvm.dll+0x4a2d60]
#
# Failed to write core dump. Minidumps are not enabled by default on client versions of Windows
#
# If you would like to submit a bug report, please visit:
#   http://bugreport.java.com/bugreport/crash.jsp
#

---------------  T H R E A D  ---------------

Current thread (0x0000000016590000):  JavaThread "C2 CompilerThread1" daemon [_thread_in_native, id=10540, stack(0x0000000016d30000,0x0000000016e30000)]

siginfo: ExceptionCode=0xc0000005, reading address 0xffffffffffffffff

Registers:
RAX=0x0000000000000000, RBX=0x00000000185afdc0, RCX=0x0400000056b1ffa0, RDX=0x0000000000000000
RSP=0x0000000016e2c1d0, RBP=0x000000000000001d, RSI=0x00000000000000e8, RDI=0x0000000016e2c258
R8 =0x00000000000003af, R9 =0x00000000000003aa, R10=0x0000000056300000, R11=0x0000000000001e87
R12=0x0000000000000000, R13=0x000000001660f430, R14=0x000000001660f808, R15=0x00000000000003d8
RIP=0x00000000567a2d60, EFLAGS=0x0000000000010246

Top of Stack: (sp=0x0000000016e2c1d0)
0x0000000016e2c1d0:   000000001a422550 000000000000170e
0x0000000016e2c1e0:   000000001660f808 000000001660f430
0x0000000016e2c1f0:   0000000000001e87 0000000056766fbe
0x0000000016e2c200:   000000001a4224b0 0000000016e2c6a0
0x0000000016e2c210:   0000000000000000 0000000056300000
0x0000000016e2c220:   000003b400000000 0000000000000008
0x0000000016e2c230:   00000000185aff20 0000000000000021
0x0000000016e2c240:   0000000019290af8 0000000000000021
0x0000000016e2c250:   000000001a422550 000003b400000000
0x0000000016e2c260:   0000000000000006 0400000056b1ffa0
0x0000000016e2c270:   0000000000000004 00000000192909f0
0x0000000016e2c280:   0000000000000021 000000001a4224b0
0x0000000016e2c290:   0000000000000000 0000000000000000
0x0000000016e2c2a0:   0000000000000000 0000000000000000
0x0000000016e2c2b0:   0000000000000000 0000000000000000
0x0000000016e2c2c0:   0000000000000000 0000000000000000 

Instructions: (pc=0x00000000567a2d60)
0x00000000567a2d40:   48 8b 4f 20 48 39 04 0e 0f 84 9d 00 00 00 48 8b
0x00000000567a2d50:   0c 0e 33 d2 33 c0 48 89 4f 10 66 0f 1f 44 00 00
0x00000000567a2d60:   83 3c 08 00 0f 85 36 01 00 00 ff c2 48 83 c0 04
0x00000000567a2d70:   83 fa 08 72 eb 48 8b 47 30 48 89 44 24 30 48 85 


Register to memory mapping:

RAX=0x0000000000000000 is an unknown value
RBX=0x00000000185afdc0 is an unknown value
RCX=0x0400000056b1ffa0 is an unknown value
RDX=0x0000000000000000 is an unknown value
RSP=0x0000000016e2c1d0 is pointing into the stack for thread: 0x0000000016590000
RBP=0x000000000000001d is an unknown value
RSI=0x00000000000000e8 is an unknown value
RDI=0x0000000016e2c258 is pointing into the stack for thread: 0x0000000016590000
R8 =0x00000000000003af is an unknown value
R9 =0x00000000000003aa is an unknown value
R10=0x0000000056300000 is an unknown value
R11=0x0000000000001e87 is an unknown value
R12=0x0000000000000000 is an unknown value
R13=0x000000001660f430 is an unknown value
R14=0x000000001660f808 is an unknown value
R15=0x00000000000003d8 is an unknown value


Stack: [0x0000000016d30000,0x0000000016e30000],  sp=0x0000000016e2c1d0,  free space=1008k
Native frames: (J=compiled Java code, j=interpreted, Vv=VM code, C=native code)
V  [jvm.dll+0x4a2d60]
V  [jvm.dll+0x466fbe]
V  [jvm.dll+0x469ceb]
V  [jvm.dll+0x47505b]
V  [jvm.dll+0x477967]
V  [jvm.dll+0x45a172]
V  [jvm.dll+0xa6052]
V  [jvm.dll+0xa699f]
V  [jvm.dll+0x24533f]
V  [jvm.dll+0x29cc4a]
C  [msvcr100.dll+0x21d9f]
C  [msvcr100.dll+0x21e3b]
C  [KERNEL32.DLL+0x8364]
C  [ntdll.dll+0x670d1]


Current CompileTask:
C2:   3656 1493 %     4       org.springframework.asm.ClassReader::readCode @ 1406 (3343 bytes)


---------------  P R O C E S S  ---------------

Java Threads: ( => current thread )
  0x000000001523e000 JavaThread "Service Thread" daemon [_thread_blocked, id=2224, stack(0x0000000016f30000,0x0000000017030000)]
  0x0000000016599800 JavaThread "C1 CompilerThread2" daemon [_thread_in_native, id=8848, stack(0x0000000016e30000,0x0000000016f30000)]
=>0x0000000016590000 JavaThread "C2 CompilerThread1" daemon [_thread_in_native, id=10540, stack(0x0000000016d30000,0x0000000016e30000)]
  0x000000001658d800 JavaThread "C2 CompilerThread0" daemon [_thread_blocked, id=2992, stack(0x0000000016c30000,0x0000000016d30000)]
  0x0000000016575000 JavaThread "Monitor Ctrl-Break" daemon [_thread_in_native, id=6940, stack(0x0000000016b30000,0x0000000016c30000)]
  0x0000000016573800 JavaThread "Attach Listener" daemon [_thread_blocked, id=6560, stack(0x0000000016a30000,0x0000000016b30000)]
  0x00000000151f5000 JavaThread "Signal Dispatcher" daemon [_thread_blocked, id=12136, stack(0x0000000016930000,0x0000000016a30000)]
  0x00000000151cf000 JavaThread "Finalizer" daemon [_thread_blocked, id=9892, stack(0x0000000016430000,0x0000000016530000)]
  0x0000000002bd6000 JavaThread "Reference Handler" daemon [_thread_blocked, id=5796, stack(0x0000000016330000,0x0000000016430000)]
  0x0000000002ae6800 JavaThread "main" [_thread_in_Java, id=6592, stack(0x0000000002800000,0x0000000002900000)]

Other Threads:
  0x00000000151a7800 VMThread [stack: 0x0000000016230000,0x0000000016330000] [id=12992]
  0x0000000016667800 WatcherThread [stack: 0x0000000017030000,0x0000000017130000] [id=2192]

VM state:not at safepoint (normal execution)

VM Mutex/Monitor currently owned by a thread:  ([mutex/lock_event])
[0x0000000002ae4bf0] Compile_lock - owner thread: 0x0000000016599800

Heap:
 PSYoungGen      total 35328K, used 20821K [0x00000000eb200000, 0x00000000efe00000, 0x0000000100000000)
  eden space 32768K, 55% used [0x00000000eb200000,0x00000000ec3d7458,0x00000000ed200000)
  from space 2560K, 99% used [0x00000000ed200000,0x00000000ed47e030,0x00000000ed480000)
  to   space 6144K, 0% used [0x00000000ef800000,0x00000000ef800000,0x00000000efe00000)
 ParOldGen       total 44032K, used 7204K [0x00000000c1600000, 0x00000000c4100000, 0x00000000eb200000)
  object space 44032K, 16% used [0x00000000c1600000,0x00000000c1d093e0,0x00000000c4100000)
 Metaspace       used 17364K, capacity 17538K, committed 17792K, reserved 1064960K
  class space    used 2028K, capacity 2078K, committed 2176K, reserved 1048576K

Card table byte_map: [0x0000000011fa0000,0x00000000121a0000] byte_map_base: 0x0000000011995000

Marking Bits: (ParMarkBitMap*) 0x0000000056b1f860
 Begin Bits: [0x00000000126f0000, 0x0000000013698000)
 End Bits:   [0x0000000013698000, 0x0000000014640000)

Polling page: 0x0000000000d90000

CodeCache: size=245760Kb used=7456Kb max_used=7457Kb free=238303Kb
 bounds [0x0000000002be0000, 0x0000000003330000, 0x0000000011be0000]
 total_blobs=2154 nmethods=1809 adapters=256
 compilation: enabled

Compilation events (10 events):
Event: 3.597 Thread 0x0000000016599800 nmethod 1778 0x000000000330ec50 code [0x000000000330edc0, 0x000000000330f018]
Event: 3.597 Thread 0x0000000016599800 1779   !   3       org.springframework.core.annotation.AnnotationUtils::getAnnotation (74 bytes)
Event: 3.598 Thread 0x0000000016599800 nmethod 1779 0x0000000003310c90 code [0x0000000003310ea0, 0x00000000033118c8]
Event: 3.598 Thread 0x0000000016599800 1780   !   3       org.springframework.core.annotation.AnnotationUtils::searchOnInterfaces (77 bytes)
Event: 3.599 Thread 0x0000000016599800 nmethod 1780 0x0000000003311f50 code [0x0000000003312120, 0x0000000003312908]
Event: 3.602 Thread 0x000000001658d800 nmethod 1772 0x0000000003316f10 code [0x00000000033170e0, 0x0000000003318630]
Event: 3.606 Thread 0x0000000016599800 1781       3       java.lang.Class::privateGetDeclaredFields (67 bytes)
Event: 3.607 Thread 0x0000000016599800 nmethod 1781 0x0000000003316050 code [0x0000000003316240, 0x0000000003316b68]
Event: 3.608 Thread 0x0000000016599800 1782       3       sun.reflect.DelegatingMethodAccessorImpl::invoke (10 bytes)
Event: 3.608 Thread 0x0000000016599800 nmethod 1782 0x0000000003315bd0 code [0x0000000003315d40, 0x0000000003315f68]

GC Heap History (10 events):
Event: 0.694 GC heap before
{Heap before GC invocations=1 (full 0):
 PSYoungGen      total 18944K, used 16384K [0x00000000eb200000, 0x00000000ec700000, 0x0000000100000000)
  eden space 16384K, 100% used [0x00000000eb200000,0x00000000ec200000,0x00000000ec200000)
  from space 2560K, 0% used [0x00000000ec480000,0x00000000ec480000,0x00000000ec700000)
  to   space 2560K, 0% used [0x00000000ec200000,0x00000000ec200000,0x00000000ec480000)
 ParOldGen       total 44032K, used 0K [0x00000000c1600000, 0x00000000c4100000, 0x00000000eb200000)
  object space 44032K, 0% used [0x00000000c1600000,0x00000000c1600000,0x00000000c4100000)
 Metaspace       used 5931K, capacity 6080K, committed 6144K, reserved 1056768K
  class space    used 692K, capacity 723K, committed 768K, reserved 1048576K
Event: 0.698 GC heap after
Heap after GC invocations=1 (full 0):
 PSYoungGen      total 18944K, used 2551K [0x00000000eb200000, 0x00000000ec700000, 0x0000000100000000)
  eden space 16384K, 0% used [0x00000000eb200000,0x00000000eb200000,0x00000000ec200000)
  from space 2560K, 99% used [0x00000000ec200000,0x00000000ec47deb0,0x00000000ec480000)
  to   space 2560K, 0% used [0x00000000ec480000,0x00000000ec480000,0x00000000ec700000)
 ParOldGen       total 44032K, used 229K [0x00000000c1600000, 0x00000000c4100000, 0x00000000eb200000)
  object space 44032K, 0% used [0x00000000c1600000,0x00000000c16394f0,0x00000000c4100000)
 Metaspace       used 5931K, capacity 6080K, committed 6144K, reserved 1056768K
  class space    used 692K, capacity 723K, committed 768K, reserved 1048576K
}
Event: 0.967 GC heap before
{Heap before GC invocations=2 (full 0):
 PSYoungGen      total 18944K, used 18935K [0x00000000eb200000, 0x00000000ec700000, 0x0000000100000000)
  eden space 16384K, 100% used [0x00000000eb200000,0x00000000ec200000,0x00000000ec200000)
  from space 2560K, 99% used [0x00000000ec200000,0x00000000ec47deb0,0x00000000ec480000)
  to   space 2560K, 0% used [0x00000000ec480000,0x00000000ec480000,0x00000000ec700000)
 ParOldGen       total 44032K, used 229K [0x00000000c1600000, 0x00000000c4100000, 0x00000000eb200000)
  object space 44032K, 0% used [0x00000000c1600000,0x00000000c16394f0,0x00000000c4100000)
 Metaspace       used 8413K, capacity 8550K, committed 8704K, reserved 1056768K
  class space    used 940K, capacity 948K, committed 1024K, reserved 1048576K
Event: 0.970 GC heap after
Heap after GC invocations=2 (full 0):
 PSYoungGen      total 18944K, used 2546K [0x00000000eb200000, 0x00000000ec700000, 0x0000000100000000)
  eden space 16384K, 0% used [0x00000000eb200000,0x00000000eb200000,0x00000000ec200000)
  from space 2560K, 99% used [0x00000000ec480000,0x00000000ec6fc868,0x00000000ec700000)
  to   space 2560K, 0% used [0x00000000ec200000,0x00000000ec200000,0x00000000ec480000)
 ParOldGen       total 44032K, used 1349K [0x00000000c1600000, 0x00000000c4100000, 0x00000000eb200000)
  object space 44032K, 3% used [0x00000000c1600000,0x00000000c17516d0,0x00000000c4100000)
 Metaspace       used 8413K, capacity 8550K, committed 8704K, reserved 1056768K
  class space    used 940K, capacity 948K, committed 1024K, reserved 1048576K
}
Event: 1.302 GC heap before
{Heap before GC invocations=3 (full 0):
 PSYoungGen      total 18944K, used 18930K [0x00000000eb200000, 0x00000000ec700000, 0x0000000100000000)
  eden space 16384K, 100% used [0x00000000eb200000,0x00000000ec200000,0x00000000ec200000)
  from space 2560K, 99% used [0x00000000ec480000,0x00000000ec6fc868,0x00000000ec700000)
  to   space 2560K, 0% used [0x00000000ec200000,0x00000000ec200000,0x00000000ec480000)
 ParOldGen       total 44032K, used 1349K [0x00000000c1600000, 0x00000000c4100000, 0x00000000eb200000)
  object space 44032K, 3% used [0x00000000c1600000,0x00000000c17516d0,0x00000000c4100000)
 Metaspace       used 11690K, capacity 11890K, committed 11904K, reserved 1060864K
  class space    used 1349K, capacity 1398K, committed 1408K, reserved 1048576K
Event: 1.307 GC heap after
Heap after GC invocations=3 (full 0):
 PSYoungGen      total 18944K, used 2553K [0x00000000eb200000, 0x00000000ed700000, 0x0000000100000000)
  eden space 16384K, 0% used [0x00000000eb200000,0x00000000eb200000,0x00000000ec200000)
  from space 2560K, 99% used [0x00000000ec200000,0x00000000ec47e7d0,0x00000000ec480000)
  to   space 2560K, 0% used [0x00000000ed480000,0x00000000ed480000,0x00000000ed700000)
 ParOldGen       total 44032K, used 2672K [0x00000000c1600000, 0x00000000c4100000, 0x00000000eb200000)
  object space 44032K, 6% used [0x00000000c1600000,0x00000000c189c308,0x00000000c4100000)
 Metaspace       used 11690K, capacity 11890K, committed 11904K, reserved 1060864K
  class space    used 1349K, capacity 1398K, committed 1408K, reserved 1048576K
}
Event: 2.148 GC heap before
{Heap before GC invocations=4 (full 0):
 PSYoungGen      total 18944K, used 18937K [0x00000000eb200000, 0x00000000ed700000, 0x0000000100000000)
  eden space 16384K, 100% used [0x00000000eb200000,0x00000000ec200000,0x00000000ec200000)
  from space 2560K, 99% used [0x00000000ec200000,0x00000000ec47e7d0,0x00000000ec480000)
  to   space 2560K, 0% used [0x00000000ed480000,0x00000000ed480000,0x00000000ed700000)
 ParOldGen       total 44032K, used 2672K [0x00000000c1600000, 0x00000000c4100000, 0x00000000eb200000)
  object space 44032K, 6% used [0x00000000c1600000,0x00000000c189c308,0x00000000c4100000)
 Metaspace       used 14094K, capacity 14296K, committed 14464K, reserved 1062912K
  class space    used 1601K, capacity 1623K, committed 1664K, reserved 1048576K
Event: 2.179 GC heap after
Heap after GC invocations=4 (full 0):
 PSYoungGen      total 35328K, used 2536K [0x00000000eb200000, 0x00000000ed700000, 0x0000000100000000)
  eden space 32768K, 0% used [0x00000000eb200000,0x00000000eb200000,0x00000000ed200000)
  from space 2560K, 99% used [0x00000000ed480000,0x00000000ed6fa030,0x00000000ed700000)
  to   space 2560K, 0% used [0x00000000ed200000,0x00000000ed200000,0x00000000ed480000)
 ParOldGen       total 44032K, used 4772K [0x00000000c1600000, 0x00000000c4100000, 0x00000000eb200000)
  object space 44032K, 10% used [0x00000000c1600000,0x00000000c1aa93b8,0x00000000c4100000)
 Metaspace       used 14094K, capacity 14296K, committed 14464K, reserved 1062912K
  class space    used 1601K, capacity 1623K, committed 1664K, reserved 1048576K
}
Event: 3.198 GC heap before
{Heap before GC invocations=5 (full 0):
 PSYoungGen      total 35328K, used 35304K [0x00000000eb200000, 0x00000000ed700000, 0x0000000100000000)
  eden space 32768K, 100% used [0x00000000eb200000,0x00000000ed200000,0x00000000ed200000)
  from space 2560K, 99% used [0x00000000ed480000,0x00000000ed6fa030,0x00000000ed700000)
  to   space 2560K, 0% used [0x00000000ed200000,0x00000000ed200000,0x00000000ed480000)
 ParOldGen       total 44032K, used 4772K [0x00000000c1600000, 0x00000000c4100000, 0x00000000eb200000)
  object space 44032K, 10% used [0x00000000c1600000,0x00000000c1aa93b8,0x00000000c4100000)
 Metaspace       used 16119K, capacity 16318K, committed 16512K, reserved 1064960K
  class space    used 1867K, capacity 1912K, committed 1920K, reserved 1048576K
Event: 3.207 GC heap after
Heap after GC invocations=5 (full 0):
 PSYoungGen      total 35328K, used 2552K [0x00000000eb200000, 0x00000000efe00000, 0x0000000100000000)
  eden space 32768K, 0% used [0x00000000eb200000,0x00000000eb200000,0x00000000ed200000)
  from space 2560K, 99% used [0x00000000ed200000,0x00000000ed47e030,0x00000000ed480000)
  to   space 6144K, 0% used [0x00000000ef800000,0x00000000ef800000,0x00000000efe00000)
 ParOldGen       total 44032K, used 7204K [0x00000000c1600000, 0x00000000c4100000, 0x00000000eb200000)
  object space 44032K, 16% used [0x00000000c1600000,0x00000000c1d093e0,0x00000000c4100000)
 Metaspace       used 16119K, capacity 16318K, committed 16512K, reserved 1064960K
  class space    used 1867K, capacity 1912K, committed 1920K, reserved 1048576K
}

Deoptimization events (10 events):
Event: 2.467 Thread 0x0000000002ae6800 Uncommon trap: reason=unstable_if action=reinterpret pc=0x0000000002fbf9bc method=org.springframework.asm.ClassReader.readUTF(II[C)Ljava/lang/String; @ 77
Event: 2.523 Thread 0x0000000002ae6800 Uncommon trap: reason=unstable_if action=reinterpret pc=0x0000000002fd8e6c method=com.sun.org.apache.xerces.internal.impl.XMLEntityScanner.checkBeforeLoad(Lcom/sun/xml/internal/stream/Entity$ScannedEntity;II)I @ 18
Event: 2.526 Thread 0x0000000002ae6800 Uncommon trap: reason=unstable_if action=reinterpret pc=0x000000000307fa08 method=com.sun.org.apache.xerces.internal.impl.XMLEntityScanner.arrangeCapacity(IZ)Z @ 59
Event: 2.535 Thread 0x0000000002ae6800 Uncommon trap: reason=unstable_if action=reinterpret pc=0x0000000002ff1cf0 method=com.sun.org.apache.xerces.internal.impl.XMLEntityScanner.arrangeCapacity(IZ)Z @ 59
Event: 2.660 Thread 0x0000000002ae6800 Uncommon trap: reason=unstable_if action=reinterpret pc=0x000000000318f09c method=org.springframework.asm.ClassReader.readUTF8(I[C)Ljava/lang/String; @ 7
Event: 3.364 Thread 0x0000000002ae6800 Uncommon trap: reason=class_check action=maybe_recompile pc=0x000000000327bbf8 method=java.util.regex.Pattern$Slice.match(Ljava/util/regex/Matcher;ILjava/lang/CharSequence;)Z @ 75
Event: 3.364 Thread 0x0000000002ae6800 Uncommon trap: reason=class_check action=maybe_recompile pc=0x000000000327bbf8 method=java.util.regex.Pattern$Slice.match(Ljava/util/regex/Matcher;ILjava/lang/CharSequence;)Z @ 75
Event: 3.364 Thread 0x0000000002ae6800 Uncommon trap: reason=class_check action=maybe_recompile pc=0x000000000327bbf8 method=java.util.regex.Pattern$Slice.match(Ljava/util/regex/Matcher;ILjava/lang/CharSequence;)Z @ 75
Event: 3.366 Thread 0x0000000002ae6800 Uncommon trap: reason=unstable_if action=reinterpret pc=0x0000000003297078 method=org.springframework.util.ConcurrentReferenceHashMap$Segment.restructureIfNecessary(Z)V @ 15
Event: 3.513 Thread 0x0000000002ae6800 Uncommon trap: reason=unstable_if action=reinterpret pc=0x00000000032445dc method=sun.reflect.annotation.AnnotationInvocationHandler.invoke(Ljava/lang/Object;Ljava/lang/reflect/Method;[Ljava/lang/Object;)Ljava/lang/Object; @ 19

Classes redefined (0 events):
No events

Internal exceptions (10 events):
Event: 3.523 Thread 0x0000000002ae6800 Exception <a 'java/lang/ClassNotFoundException': org/springframework/aop/support/DefaultBeanFactoryPointcutAdvisorBeanInfo> (0x00000000ebed3f90) thrown at [C:\re\workspace\8-2-build-windows-amd64-cygwin\jdk8u161\10277\hotspot\src\share\vm\classfile\system
Event: 3.524 Thread 0x0000000002ae6800 Exception <a 'java/lang/ClassNotFoundException': org/springframework/aop/support/AbstractBeanFactoryPointcutAdvisorBeanInfo> (0x00000000ebeeca08) thrown at [C:\re\workspace\8-2-build-windows-amd64-cygwin\jdk8u161\10277\hotspot\src\share\vm\classfile\syste
Event: 3.525 Thread 0x0000000002ae6800 Exception <a 'java/lang/ClassNotFoundException': org/springframework/aop/support/AbstractPointcutAdvisorBeanInfo> (0x00000000ebf03148) thrown at [C:\re\workspace\8-2-build-windows-amd64-cygwin\jdk8u161\10277\hotspot\src\share\vm\classfile\systemDictionary
Event: 3.526 Thread 0x0000000002ae6800 Exception <a 'java/lang/ClassNotFoundException': org/springframework/aop/support/AbstractPointcutAdvisorCustomizer> (0x00000000ebf19d68) thrown at [C:\re\workspace\8-2-build-windows-amd64-cygwin\jdk8u161\10277\hotspot\src\share\vm\classfile\systemDictiona
Event: 3.527 Thread 0x0000000002ae6800 Exception <a 'java/lang/ClassNotFoundException': org/springframework/aop/support/AbstractBeanFactoryPointcutAdvisorCustomizer> (0x00000000ebf39250) thrown at [C:\re\workspace\8-2-build-windows-amd64-cygwin\jdk8u161\10277\hotspot\src\share\vm\classfile\sys
Event: 3.529 Thread 0x0000000002ae6800 Exception <a 'java/lang/ClassNotFoundException': org/springframework/aop/support/DefaultBeanFactoryPointcutAdvisorCustomizer> (0x00000000ebf5b538) thrown at [C:\re\workspace\8-2-build-windows-amd64-cygwin\jdk8u161\10277\hotspot\src\share\vm\classfile\syst
Event: 3.535 Thread 0x0000000002ae6800 Exception <a 'java/lang/ClassNotFoundException': org/springframework/aop/aspectj/AspectJExpressionPointcutBeanInfo> (0x00000000ebf99ca8) thrown at [C:\re\workspace\8-2-build-windows-amd64-cygwin\jdk8u161\10277\hotspot\src\share\vm\classfile\systemDictiona
Event: 3.536 Thread 0x0000000002ae6800 Exception <a 'java/lang/ClassNotFoundException': org/springframework/aop/support/AbstractExpressionPointcutBeanInfo> (0x00000000ebfb0940) thrown at [C:\re\workspace\8-2-build-windows-amd64-cygwin\jdk8u161\10277\hotspot\src\share\vm\classfile\systemDiction
Event: 3.536 Thread 0x0000000002ae6800 Exception <a 'java/lang/ClassNotFoundException': org/springframework/aop/support/AbstractExpressionPointcutCustomizer> (0x00000000ebfc83a0) thrown at [C:\re\workspace\8-2-build-windows-amd64-cygwin\jdk8u161\10277\hotspot\src\share\vm\classfile\systemDicti
Event: 3.538 Thread 0x0000000002ae6800 Exception <a 'java/lang/ClassNotFoundException': org/springframework/aop/aspectj/AspectJExpressionPointcutCustomizer> (0x00000000ebfe6310) thrown at [C:\re\workspace\8-2-build-windows-amd64-cygwin\jdk8u161\10277\hotspot\src\share\vm\classfile\systemDictio

Events (10 events):
Event: 3.615 loading class org/aspectj/weaver/tools/UnsupportedPointcutPrimitiveException
Event: 3.615 loading class org/aspectj/weaver/tools/UnsupportedPointcutPrimitiveException done
Event: 3.616 loading class org/aspectj/weaver/patterns/IScope
Event: 3.616 loading class org/aspectj/weaver/patterns/IScope done
Event: 3.616 loading class org/aspectj/weaver/ISourceContext
Event: 3.616 loading class org/aspectj/weaver/ISourceContext done
Event: 3.617 loading class org/aspectj/weaver/tools/PointcutParameter
Event: 3.617 loading class org/aspectj/weaver/tools/PointcutParameter done
Event: 3.619 loading class org/springframework/core/LocalVariableTableParameterNameDiscoverer$LocalVariableTableVisitor
Event: 3.619 loading class org/springframework/core/LocalVariableTableParameterNameDiscoverer$LocalVariableTableVisitor done


Dynamic libraries:
0x00007ff688dc0000 - 0x00007ff688df7000 	C:\Program Files\Java\jdk1.8.0_161\bin\java.exe
0x00007ffa91a40000 - 0x00007ffa91c11000 	C:\WINDOWS\SYSTEM32\ntdll.dll
0x00007ffa90f60000 - 0x00007ffa9100b000 	C:\WINDOWS\System32\KERNEL32.DLL
0x00007ffa8e2a0000 - 0x00007ffa8e4bd000 	C:\WINDOWS\System32\KERNELBASE.dll
0x00007ffa91910000 - 0x00007ffa919b2000 	C:\WINDOWS\System32\ADVAPI32.dll
0x00007ffa8f280000 - 0x00007ffa8f31e000 	C:\WINDOWS\System32\msvcrt.dll
0x00007ffa918a0000 - 0x00007ffa918f9000 	C:\WINDOWS\System32\sechost.dll
0x00007ffa911b0000 - 0x00007ffa912d1000 	C:\WINDOWS\System32\RPCRT4.dll
0x00007ffa8f7e0000 - 0x00007ffa8f945000 	C:\WINDOWS\System32\USER32.dll
0x00007ffa8e4c0000 - 0x00007ffa8e4de000 	C:\WINDOWS\System32\win32u.dll
0x00007ffa8f230000 - 0x00007ffa8f264000 	C:\WINDOWS\System32\GDI32.dll
0x00007ffa8edf0000 - 0x00007ffa8ef72000 	C:\WINDOWS\System32\gdi32full.dll
0x00007ffa814e0000 - 0x00007ffa81759000 	C:\WINDOWS\WinSxS\amd64_microsoft.windows.common-controls_6595b64144ccf1df_6.0.14393.447_none_42191651c6827bb3\COMCTL32.dll
0x00007ffa8f4b0000 - 0x00007ffa8f778000 	C:\WINDOWS\System32\combase.dll
0x00007ffa8e040000 - 0x00007ffa8e135000 	C:\WINDOWS\System32\ucrtbase.dll
0x00007ffa8dfd0000 - 0x00007ffa8e03a000 	C:\WINDOWS\System32\bcryptPrimitives.dll
0x00007ffa8f320000 - 0x00007ffa8f34e000 	C:\WINDOWS\System32\IMM32.DLL
0x0000000057940000 - 0x0000000057a12000 	C:\Program Files\Java\jdk1.8.0_161\jre\bin\msvcr100.dll
0x0000000056300000 - 0x0000000056b9f000 	C:\Program Files\Java\jdk1.8.0_161\jre\bin\server\jvm.dll
0x00007ffa91900000 - 0x00007ffa91908000 	C:\WINDOWS\System32\PSAPI.DLL
0x00007ffa8d620000 - 0x00007ffa8d62a000 	C:\WINDOWS\SYSTEM32\VERSION.dll
0x00007ffa8b8c0000 - 0x00007ffa8b8e3000 	C:\WINDOWS\SYSTEM32\WINMM.dll
0x00007ffa8b930000 - 0x00007ffa8b939000 	C:\WINDOWS\SYSTEM32\WSOCK32.dll
0x0000000002350000 - 0x000000000237b000 	C:\WINDOWS\SYSTEM32\WINMMBASE.dll
0x00007ffa8ef80000 - 0x00007ffa8efc2000 	C:\WINDOWS\System32\cfgmgr32.dll
0x00007ffa919d0000 - 0x00007ffa91a3a000 	C:\WINDOWS\System32\WS2_32.dll
0x0000000058140000 - 0x000000005814f000 	C:\Program Files\Java\jdk1.8.0_161\jre\bin\verify.dll
0x0000000058110000 - 0x0000000058139000 	C:\Program Files\Java\jdk1.8.0_161\jre\bin\java.dll
0x00000000580e0000 - 0x0000000058103000 	C:\Program Files\Java\jdk1.8.0_161\jre\bin\instrument.dll
0x00000000580c0000 - 0x00000000580d6000 	C:\Program Files\Java\jdk1.8.0_161\jre\bin\zip.dll
0x00007ffa8f950000 - 0x00007ffa90e59000 	C:\WINDOWS\System32\SHELL32.dll
0x00007ffa8e6b0000 - 0x00007ffa8ed8a000 	C:\WINDOWS\System32\windows.storage.dll
0x00007ffa8ded0000 - 0x00007ffa8df1c000 	C:\WINDOWS\System32\powrprof.dll
0x00007ffa90f00000 - 0x00007ffa90f52000 	C:\WINDOWS\System32\shlwapi.dll
0x00007ffa8df20000 - 0x00007ffa8df2f000 	C:\WINDOWS\System32\kernel.appcore.dll
0x00007ffa8e140000 - 0x00007ffa8e1e9000 	C:\WINDOWS\System32\shcore.dll
0x00007ffa8dea0000 - 0x00007ffa8deb4000 	C:\WINDOWS\System32\profapi.dll
0x00007ffa81210000 - 0x00007ffa8122a000 	C:\Program Files\Jetbrains\IntelliJ IDEA 2018.1.5\bin\breakgen64.dll
0x0000000057920000 - 0x000000005793a000 	C:\Program Files\Java\jdk1.8.0_161\jre\bin\net.dll
0x00007ffa8d3f0000 - 0x00007ffa8d44c000 	C:\WINDOWS\system32\mswsock.dll
0x00007ffa8d950000 - 0x00007ffa8dae2000 	C:\WINDOWS\SYSTEM32\dbghelp.dll

VM Arguments:
jvm_args: -ea -Didea.test.cyclic.buffer.size=1048576 -javaagent:C:\Program Files\Jetbrains\IntelliJ IDEA 2018.1.5\lib\idea_rt.jar=9484:C:\Program Files\Jetbrains\IntelliJ IDEA 2018.1.5\bin -Dfile.encoding=UTF-8 
java_command: com.intellij.rt.execution.junit.JUnitStarter -ideVersion5 -junit4 test.scau.zxck.web.admin.LoginActionTest,testFindOne
java_class_path (initial): C:\Program Files\Jetbrains\IntelliJ IDEA 2018.1.5\lib\idea_rt.jar;C:\Program Files\Jetbrains\IntelliJ IDEA 2018.1.5\plugins\junit\lib\junit-rt.jar;C:\Program Files\Jetbrains\IntelliJ IDEA 2018.1.5\plugins\junit\lib\junit5-rt.jar;C:\Program Files\Java\jdk1.8.0_161\jre\lib\charsets.jar;C:\Program Files\Java\jdk1.8.0_161\jre\lib\deploy.jar;C:\Program Files\Java\jdk1.8.0_161\jre\lib\ext\access-bridge-64.jar;C:\Program Files\Java\jdk1.8.0_161\jre\lib\ext\cldrdata.jar;C:\Program Files\Java\jdk1.8.0_161\jre\lib\ext\dnsns.jar;C:\Program Files\Java\jdk1.8.0_161\jre\lib\ext\jaccess.jar;C:\Program Files\Java\jdk1.8.0_161\jre\lib\ext\jfxrt.jar;C:\Program Files\Java\jdk1.8.0_161\jre\lib\ext\localedata.jar;C:\Program Files\Java\jdk1.8.0_161\jre\lib\ext\nashorn.jar;C:\Program Files\Java\jdk1.8.0_161\jre\lib\ext\sunec.jar;C:\Program Files\Java\jdk1.8.0_161\jre\lib\ext\sunjce_provider.jar;C:\Program Files\Java\jdk1.8.0_161\jre\lib\ext\sunmscapi.jar;C:\Program Files\Java\jdk1.8.0_161\jre\lib\ext\sunpkcs11.jar;C:\Program Files\Java\jdk1.8.0_161\jre\lib\ext\zipfs.jar;C:\Program Files\Java\jdk1.8.0_161\jre\lib\javaws.jar;C:\Program Files\Java\jdk1.8.0_161\jre\lib\jce.jar;C:\Program Files\Java\jdk1.8.0_161\jre\lib\jfr.jar;C:\Program Files\Java\jdk1.8.0_161\jre\lib\jfxswt.jar;C:\Program Files\Java\jdk1.8.0_161\jre\lib\jsse.jar;C:\Program Files\Java\jdk1.8.0_161\jre\lib\management-agent.jar;C:\Program Files\Java\jdk1.8.0_161\jre\lib\plugin.jar;C:\Program Files\Java\jdk1.8.0_161\jre\lib\resources.jar;C:\Program Files\Java\jdk1.8.0_161\jre\lib\rt.jar;C:\Users\Administrator\Desktop\agencyOfFarmers\target\test-classes;C:\Users\Administrator\Desktop\agencyOfFarmers\target\classes;D:\apache-maven-3.5.4-bin\apache-maven-3.5.4\repository\scau\zxck\ssm-base\1.5\ssm-base-1.5.jar;D:\apache-maven-3.5.4-bin\apache-maven-3.5.4\repository\org\springframework\spring-core\4.1.6.RELEASE\spring-core-4.1.6.RELEASE.jar;D:\apache-maven-3.5.4-bin\apache-maven-3.5.4\repository\org\spr
Launcher Type: SUN_STANDARD

Environment Variables:
JAVA_HOME=C:\Program Files\Java\jdk1.8.0_161
JRE_HOME=C:\Program Files\Java\jre1.8.0_161
CLASSPATH=.;C:\Program Files\Java\jdk1.8.0_161\lib\dt.jar;C:\Program Files\Java\jdk1.8.0_161\lib\tools.jar;C:\Users\Administrator\Desktop\work\apache-tomcat-8.0.50\lib;
PATH=C:\Program Files\Java\jdk1.8.0_161\bin;C:\ProgramData\Oracle\Java\javapath;C:\WINDOWS\system32;C:\WINDOWS;C:\WINDOWS\System32\Wbem;D:\MATLAB7\bin\win32;C:\MATLAB7\bin\win32;C:\Program Files\Java\jdk1.8.0_161;H:\Program Files\Git\cmd;C:\Program Files\Microsoft SQL Server\Client SDK\ODBC\130\Tools\Binn\;C:\Program Files (x86)\Microsoft SQL Server\140\Tools\Binn\;C:\Program Files\Microsoft SQL Server\140\Tools\Binn\;C:\Program Files\Microsoft SQL Server\140\DTS\Binn\;C:\Program Files (x86)\Microsoft SQL Server\Client SDK\ODBC\130\Tools\Binn\;C:\Program Files (x86)\Microsoft SQL Server\140\DTS\Binn\;C:\Program Files (x86)\Microsoft SQL Server\140\Tools\Binn\ManagementStudio\;C:\Program Files (x86)\Xoreax\IncrediBuild;C:\Program Files\Java\jdk1.8.0_161\jre\bin;C:\Program Files\Java\jre1.8.0_161;e:\quartus\bin;C:\Program Files\Git\cmd;C:\Program Files\TortoiseGit\bin;D:\apache-maven-3.5.4-bin\apache-maven-3.5.4\bin;D:\bin;C:\Program Files\MySQL\MySQL Server 5.5\bin;C:\Program Files\MySQL\MySQL Server 5.5\lib;D:\Èí¼þ\Scripts\;D:\Èí¼þ\;C:\Users\Administrator\AppData\Local\Microsoft\WindowsApps
USERNAME=Administrator
OS=Windows_NT
PROCESSOR_IDENTIFIER=Intel64 Family 6 Model 78 Stepping 3, GenuineIntel



---------------  S Y S T E M  ---------------

OS: Windows 10.0 , 64 bit Build 14393 (10.0.14393.0)

CPU:total 4 (initial active 4) (2 cores per cpu, 2 threads per core) family 6 model 78 stepping 3, cmov, cx8, fxsr, mmx, sse, sse2, sse3, ssse3, sse4.1, sse4.2, popcnt, avx, avx2, aes, clmul, erms, 3dnowpref, lzcnt, ht, tsc, tscinvbit, bmi1, bmi2, adx

Memory: 4k page, physical 4097960k(370376k free), swap 11626016k(870020k free)

vm_info: Java HotSpot(TM) 64-Bit Server VM (25.161-b12) for windows-amd64 JRE (1.8.0_161-b12), built on Dec 19 2017 17:52:25 by "java_re" with MS VC++ 10.0 (VS2010)

time: Fri Jul 20 15:41:05 2018
elapsed time: 3 seconds (0d 0h 0m 3s)

