#
# A fatal error has been detected by the Java Runtime Environment:
#
#  EXCEPTION_ACCESS_VIOLATION (0xc0000005) at pc=0x0000000056414b91, pid=8104, tid=0x0000000000000788
#
# JRE version: Java(TM) SE Runtime Environment (8.0_161-b12) (build 1.8.0_161-b12)
# Java VM: Java HotSpot(TM) 64-Bit Server VM (25.161-b12 mixed mode windows-amd64 compressed oops)
# Problematic frame:
# V  [jvm.dll+0x114b91]
#
# Failed to write core dump. Minidumps are not enabled by default on client versions of Windows
#
# If you would like to submit a bug report, please visit:
#   http://bugreport.java.com/bugreport/crash.jsp
#

---------------  T H R E A D  ---------------

Current thread (0x0000000002b0f000):  GCTaskThread [stack: 0x0000000012500000,0x0000000012600000] [id=1928]

siginfo: ExceptionCode=0xc0000005, reading address 0x00000000c59528f8

Registers:
RAX=0x0000000012700000, RBX=0x00000000c59528f0, RCX=0x0000000000000000, RDX=0x0000000000000001
RSP=0x00000000125ff420, RBP=0x00000000ef2af3ec, RSI=0x0000000002be05f0, RDI=0x0000000002be05f0
R8 =0x0000000000021a94, R9 =0x0000000100001ef8, R10=0x000000000000000c, R11=0x00000000569045b8
R12=0x00000000ef2af3f4, R13=0x0000000100002178, R14=0x0000000100002180, R15=0x00000000ef2af3b0
RIP=0x0000000056414b91, EFLAGS=0x0000000000010202

Top of Stack: (sp=0x00000000125ff420)
0x00000000125ff420:   0000000100001ef8 00000000ef2af454
0x00000000125ff430:   0000000000000002 0000000056414799
0x00000000125ff440:   0000000000000000 0000000002b0f870
0x00000000125ff450:   0000000002b02a10 0000000002be05f0
0x00000000125ff460:   00000000ef2af3b0 000000005641a735
0x00000000125ff470:   00000000ef2af418 0000000002be05f0
0x00000000125ff480:   0000000002be05f0 0000000056956dc8
0x00000000125ff490:   00000000125ff5b9 00000000566f8990
0x00000000125ff4a0:   0000000002be05f0 0000000002be05f0
0x00000000125ff4b0:   0000000056956dc8 000000000000080f
0x00000000125ff4c0:   00000000159c00e8 00000000125ff570
0x00000000125ff4d0:   0000000002be3af0 000000000000000c
0x00000000125ff4e0:   0000000002be05f0 0000000056413222
0x00000000125ff4f0:   00000000c1da7d88 0000000000000000
0x00000000125ff500:   0000000000000000 0000000002b02a10
0x00000000125ff510:   0000000002b0f880 0000000002b0f870 

Instructions: (pc=0x0000000056414b91)
0x0000000056414b71:   48 8b 05 18 ad 70 00 4a 8b 0c c0 48 0f a3 d1 0f
0x0000000056414b81:   82 59 01 00 00 0f b6 15 54 b9 6f 00 84 d2 74 16
0x0000000056414b91:   44 8b 43 08 8b 0d 0d ec 68 00 49 d3 e0 4c 03 05
0x0000000056414ba1:   fb eb 68 00 eb 04 4c 8b 43 08 45 8b 48 08 45 85 


Register to memory mapping:

RAX=0x0000000012700000 is an unknown value
RBX=0x00000000c59528f0 is an unallocated location in the heap
RCX=0x0000000000000000 is an unknown value
RDX=0x0000000000000001 is an unknown value
RSP=0x00000000125ff420 is an unknown value
RBP=0x00000000ef2af3ec is an unknown value
RSI=0x0000000002be05f0 is an unknown value
RDI=0x0000000002be05f0 is an unknown value
R8 =0x0000000000021a94 is an unknown value
R9 =0x0000000100001ef8 is pointing into metadata
R10=0x000000000000000c is an unknown value
R11=0x00000000569045b8 is an unknown value
R12=0x00000000ef2af3f4 is an unknown value
R13=0x0000000100002178 is pointing into metadata
R14=0x0000000100002180 is pointing into metadata
R15=0x00000000ef2af3b0 is an oop
java.lang.Class 
 - klass: 'java/lang/Class'


Stack: [0x0000000012500000,0x0000000012600000],  sp=0x00000000125ff420,  free space=1021k
Native frames: (J=compiled Java code, j=interpreted, Vv=VM code, C=native code)
V  [jvm.dll+0x114b91]
V  [jvm.dll+0x11a735]
V  [jvm.dll+0x3f8990]
V  [jvm.dll+0x3f5be0]
V  [jvm.dll+0x3f380e]
V  [jvm.dll+0x29cc4a]
C  [msvcr100.dll+0x21d9f]
C  [msvcr100.dll+0x21e3b]
C  [KERNEL32.DLL+0x8364]
C  [ntdll.dll+0x670d1]


---------------  P R O C E S S  ---------------

Java Threads: ( => current thread )
  0x0000000018858800 JavaThread "Abandoned connection cleanup thread" daemon [_thread_blocked, id=1860, stack(0x00000000190c0000,0x00000000191c0000)]
  0x0000000016635800 JavaThread "Service Thread" daemon [_thread_blocked, id=11096, stack(0x0000000016f50000,0x0000000017050000)]
  0x0000000016607800 JavaThread "C1 CompilerThread2" daemon [_thread_blocked, id=8604, stack(0x0000000016e50000,0x0000000016f50000)]
  0x00000000165b0000 JavaThread "C2 CompilerThread1" daemon [_thread_blocked, id=8472, stack(0x0000000016d50000,0x0000000016e50000)]
  0x00000000165ac800 JavaThread "C2 CompilerThread0" daemon [_thread_blocked, id=5860, stack(0x0000000016c50000,0x0000000016d50000)]
  0x00000000165ab000 JavaThread "Monitor Ctrl-Break" daemon [_thread_in_native, id=12744, stack(0x0000000016b50000,0x0000000016c50000)]
  0x000000001521a000 JavaThread "Attach Listener" daemon [_thread_blocked, id=8368, stack(0x0000000016a50000,0x0000000016b50000)]
  0x0000000015205000 JavaThread "Signal Dispatcher" daemon [_thread_blocked, id=380, stack(0x0000000016950000,0x0000000016a50000)]
  0x00000000151df000 JavaThread "Finalizer" daemon [_thread_blocked, id=9680, stack(0x0000000016450000,0x0000000016550000)]
  0x0000000002be6000 JavaThread "Reference Handler" daemon [_thread_blocked, id=3644, stack(0x0000000016350000,0x0000000016450000)]
  0x0000000002af6800 JavaThread "main" [_thread_blocked, id=12920, stack(0x00000000027b0000,0x00000000028b0000)]

Other Threads:
  0x00000000151b7800 VMThread [stack: 0x0000000016250000,0x0000000016350000] [id=2172]
  0x00000000166b8000 WatcherThread [stack: 0x0000000017050000,0x0000000017150000] [id=960]

=>0x0000000002b0f000 (exited) GCTaskThread [stack: 0x0000000012500000,0x0000000012600000] [id=1928]

VM state:at safepoint (normal execution)

VM Mutex/Monitor currently owned by a thread:  ([mutex/lock_event])
[0x0000000002af3b60] Threads_lock - owner thread: 0x00000000151b7800
[0x0000000002af3fe0] Heap_lock - owner thread: 0x0000000002af6800

Heap:
 PSYoungGen      total 71168K, used 5004K [0x00000000eb200000, 0x00000000f3d00000, 0x0000000100000000)
  eden space 64000K, 0% used [0x00000000eb200000,0x00000000eb200000,0x00000000ef080000)
  from space 7168K, 69% used [0x00000000ef080000,0x00000000ef563170,0x00000000ef780000)
  to   space 7168K, 0% used [0x00000000f3600000,0x00000000f3600000,0x00000000f3d00000)
 ParOldGen       total 44032K, used 9116K [0x00000000c1600000, 0x00000000c4100000, 0x00000000eb200000)
  object space 44032K, 20% used [0x00000000c1600000,0x00000000c1ee7240,0x00000000c4100000)
 Metaspace       used 20877K, capacity 21006K, committed 21248K, reserved 1069056K
  class space    used 2439K, capacity 2464K, committed 2560K, reserved 1048576K

Card table byte_map: [0x0000000011fb0000,0x00000000121b0000] byte_map_base: 0x00000000119a5000

Marking Bits: (ParMarkBitMap*) 0x0000000056b1f860
 Begin Bits: [0x0000000012700000, 0x00000000136a8000)
 End Bits:   [0x00000000136a8000, 0x0000000014650000)

Polling page: 0x00000000028b0000

CodeCache: size=245760Kb used=8354Kb max_used=8368Kb free=237405Kb
 bounds [0x0000000002bf0000, 0x0000000003430000, 0x0000000011bf0000]
 total_blobs=2464 nmethods=2082 adapters=293
 compilation: enabled

Compilation events (10 events):
Event: 6.926 Thread 0x0000000016607800 2087   !   3       org.springframework.core.io.DefaultResourceLoader::getResource (76 bytes)
Event: 6.927 Thread 0x0000000016607800 nmethod 2087 0x0000000003415410 code [0x00000000034156c0, 0x0000000003416938]
Event: 6.936 Thread 0x0000000016607800 2088       3       org.springframework.util.StringUtils::collectionToDelimitedString (84 bytes)
Event: 6.937 Thread 0x0000000016607800 nmethod 2088 0x000000000341be50 code [0x000000000341c0e0, 0x000000000341d2a8]
Event: 6.937 Thread 0x0000000016607800 2089       3       java.lang.Class::copyFields (36 bytes)
Event: 6.937 Thread 0x00000000165b0000 nmethod 2044 0x000000000341da90 code [0x000000000341dc80, 0x000000000341fd10]
Event: 6.937 Thread 0x00000000165b0000 2072   !   4       org.aspectj.apache.bcel.classfile.AttributeUtils::readAttributes (72 bytes)
Event: 6.937 Thread 0x0000000016607800 nmethod 2089 0x000000000341ad50 code [0x000000000341af40, 0x000000000341b938]
Event: 6.941 Thread 0x00000000165b0000 nmethod 2072 0x0000000003417990 code [0x0000000003417b00, 0x0000000003417d58]
Event: 6.941 Thread 0x00000000165b0000 2032  s    4       java.io.BufferedInputStream::read (113 bytes)

GC Heap History (10 events):
Event: 1.506 GC heap after
Heap after GC invocations=3 (full 0):
 PSYoungGen      total 18944K, used 2552K [0x00000000eb200000, 0x00000000ed700000, 0x0000000100000000)
  eden space 16384K, 0% used [0x00000000eb200000,0x00000000eb200000,0x00000000ec200000)
  from space 2560K, 99% used [0x00000000ec200000,0x00000000ec47e060,0x00000000ec480000)
  to   space 2560K, 0% used [0x00000000ed480000,0x00000000ed480000,0x00000000ed700000)
 ParOldGen       total 44032K, used 2697K [0x00000000c1600000, 0x00000000c4100000, 0x00000000eb200000)
  object space 44032K, 6% used [0x00000000c1600000,0x00000000c18a2710,0x00000000c4100000)
 Metaspace       used 12105K, capacity 12274K, committed 12416K, reserved 1060864K
  class space    used 1378K, capacity 1398K, committed 1408K, reserved 1048576K
}
Event: 2.581 GC heap before
{Heap before GC invocations=4 (full 0):
 PSYoungGen      total 18944K, used 18936K [0x00000000eb200000, 0x00000000ed700000, 0x0000000100000000)
  eden space 16384K, 100% used [0x00000000eb200000,0x00000000ec200000,0x00000000ec200000)
  from space 2560K, 99% used [0x00000000ec200000,0x00000000ec47e060,0x00000000ec480000)
  to   space 2560K, 0% used [0x00000000ed480000,0x00000000ed480000,0x00000000ed700000)
 ParOldGen       total 44032K, used 2697K [0x00000000c1600000, 0x00000000c4100000, 0x00000000eb200000)
  object space 44032K, 6% used [0x00000000c1600000,0x00000000c18a2710,0x00000000c4100000)
 Metaspace       used 13976K, capacity 14104K, committed 14208K, reserved 1062912K
  class space    used 1586K, capacity 1623K, committed 1664K, reserved 1048576K
Event: 2.589 GC heap after
Heap after GC invocations=4 (full 0):
 PSYoungGen      total 35328K, used 2536K [0x00000000eb200000, 0x00000000ed700000, 0x0000000100000000)
  eden space 32768K, 0% used [0x00000000eb200000,0x00000000eb200000,0x00000000ed200000)
  from space 2560K, 99% used [0x00000000ed480000,0x00000000ed6fa040,0x00000000ed700000)
  to   space 2560K, 0% used [0x00000000ed200000,0x00000000ed200000,0x00000000ed480000)
 ParOldGen       total 44032K, used 4846K [0x00000000c1600000, 0x00000000c4100000, 0x00000000eb200000)
  object space 44032K, 11% used [0x00000000c1600000,0x00000000c1abba38,0x00000000c4100000)
 Metaspace       used 13976K, capacity 14104K, committed 14208K, reserved 1062912K
  class space    used 1586K, capacity 1623K, committed 1664K, reserved 1048576K
}
Event: 4.327 GC heap before
{Heap before GC invocations=5 (full 0):
 PSYoungGen      total 35328K, used 35304K [0x00000000eb200000, 0x00000000ed700000, 0x0000000100000000)
  eden space 32768K, 100% used [0x00000000eb200000,0x00000000ed200000,0x00000000ed200000)
  from space 2560K, 99% used [0x00000000ed480000,0x00000000ed6fa040,0x00000000ed700000)
  to   space 2560K, 0% used [0x00000000ed200000,0x00000000ed200000,0x00000000ed480000)
 ParOldGen       total 44032K, used 4846K [0x00000000c1600000, 0x00000000c4100000, 0x00000000eb200000)
  object space 44032K, 11% used [0x00000000c1600000,0x00000000c1abba38,0x00000000c4100000)
 Metaspace       used 15965K, capacity 16158K, committed 16256K, reserved 1062912K
  class space    used 1832K, capacity 1880K, committed 1920K, reserved 1048576K
Event: 4.356 GC heap after
Heap after GC invocations=5 (full 0):
 PSYoungGen      total 35328K, used 2536K [0x00000000eb200000, 0x00000000efd00000, 0x0000000100000000)
  eden space 32768K, 0% used [0x00000000eb200000,0x00000000eb200000,0x00000000ed200000)
  from space 2560K, 99% used [0x00000000ed200000,0x00000000ed47a040,0x00000000ed480000)
  to   space 5632K, 0% used [0x00000000ef780000,0x00000000ef780000,0x00000000efd00000)
 ParOldGen       total 44032K, used 6874K [0x00000000c1600000, 0x00000000c4100000, 0x00000000eb200000)
  object space 44032K, 15% used [0x00000000c1600000,0x00000000c1cb6950,0x00000000c4100000)
 Metaspace       used 15965K, capacity 16158K, committed 16256K, reserved 1062912K
  class space    used 1832K, capacity 1880K, committed 1920K, reserved 1048576K
}
Event: 6.720 GC heap before
{Heap before GC invocations=6 (full 0):
 PSYoungGen      total 35328K, used 35304K [0x00000000eb200000, 0x00000000efd00000, 0x0000000100000000)
  eden space 32768K, 100% used [0x00000000eb200000,0x00000000ed200000,0x00000000ed200000)
  from space 2560K, 99% used [0x00000000ed200000,0x00000000ed47a040,0x00000000ed480000)
  to   space 5632K, 0% used [0x00000000ef780000,0x00000000ef780000,0x00000000efd00000)
 ParOldGen       total 44032K, used 6874K [0x00000000c1600000, 0x00000000c4100000, 0x00000000eb200000)
  object space 44032K, 15% used [0x00000000c1600000,0x00000000c1cb6950,0x00000000c4100000)
 Metaspace       used 20213K, capacity 20418K, committed 20608K, reserved 1067008K
  class space    used 2366K, capacity 2398K, committed 2432K, reserved 1048576K
Event: 6.726 GC heap after
Heap after GC invocations=6 (full 0):
 PSYoungGen      total 69632K, used 5609K [0x00000000eb200000, 0x00000000f0000000, 0x0000000100000000)
  eden space 64000K, 0% used [0x00000000eb200000,0x00000000eb200000,0x00000000ef080000)
  from space 5632K, 99% used [0x00000000ef780000,0x00000000efcfa590,0x00000000efd00000)
  to   space 7168K, 0% used [0x00000000ef080000,0x00000000ef080000,0x00000000ef780000)
 ParOldGen       total 44032K, used 7836K [0x00000000c1600000, 0x00000000c4100000, 0x00000000eb200000)
  object space 44032K, 17% used [0x00000000c1600000,0x00000000c1da73c8,0x00000000c4100000)
 Metaspace       used 20213K, capacity 20418K, committed 20608K, reserved 1067008K
  class space    used 2366K, capacity 2398K, committed 2432K, reserved 1048576K
}
Event: 6.947 GC heap before
{Heap before GC invocations=7 (full 0):
 PSYoungGen      total 69632K, used 22224K [0x00000000eb200000, 0x00000000f0000000, 0x0000000100000000)
  eden space 64000K, 25% used [0x00000000eb200000,0x00000000ec239bd0,0x00000000ef080000)
  from space 5632K, 99% used [0x00000000ef780000,0x00000000efcfa590,0x00000000efd00000)
  to   space 7168K, 0% used [0x00000000ef080000,0x00000000ef080000,0x00000000ef780000)
 ParOldGen       total 44032K, used 7836K [0x00000000c1600000, 0x00000000c4100000, 0x00000000eb200000)
  object space 44032K, 17% used [0x00000000c1600000,0x00000000c1da73c8,0x00000000c4100000)
 Metaspace       used 20877K, capacity 21006K, committed 21248K, reserved 1069056K
  class space    used 2439K, capacity 2464K, committed 2560K, reserved 1048576K
Event: 6.956 GC heap after
Heap after GC invocations=7 (full 0):
 PSYoungGen      total 71168K, used 5004K [0x00000000eb200000, 0x00000000f3d00000, 0x0000000100000000)
  eden space 64000K, 0% used [0x00000000eb200000,0x00000000eb200000,0x00000000ef080000)
  from space 7168K, 69% used [0x00000000ef080000,0x00000000ef563170,0x00000000ef780000)
  to   space 7168K, 0% used [0x00000000f3600000,0x00000000f3600000,0x00000000f3d00000)
 ParOldGen       total 44032K, used 9116K [0x00000000c1600000, 0x00000000c4100000, 0x00000000eb200000)
  object space 44032K, 20% used [0x00000000c1600000,0x00000000c1ee7240,0x00000000c4100000)
 Metaspace       used 20877K, capacity 21006K, committed 21248K, reserved 1069056K
  class space    used 2439K, capacity 2464K, committed 2560K, reserved 1048576K
}
Event: 6.956 GC heap before
{Heap before GC invocations=8 (full 1):
 PSYoungGen      total 71168K, used 5004K [0x00000000eb200000, 0x00000000f3d00000, 0x0000000100000000)
  eden space 64000K, 0% used [0x00000000eb200000,0x00000000eb200000,0x00000000ef080000)
  from space 7168K, 69% used [0x00000000ef080000,0x00000000ef563170,0x00000000ef780000)
  to   space 7168K, 0% used [0x00000000f3600000,0x00000000f3600000,0x00000000f3d00000)
 ParOldGen       total 44032K, used 9116K [0x00000000c1600000, 0x00000000c4100000, 0x00000000eb200000)
  object space 44032K, 20% used [0x00000000c1600000,0x00000000c1ee7240,0x00000000c4100000)
 Metaspace       used 20877K, capacity 21006K, committed 21248K, reserved 1069056K
  class space    used 2439K, capacity 2464K, committed 2560K, reserved 1048576K

Deoptimization events (10 events):
Event: 6.233 Thread 0x0000000002af6800 Uncommon trap: reason=class_check action=maybe_recompile pc=0x0000000003299878 method=java.util.regex.Pattern$Slice.match(Ljava/util/regex/Matcher;ILjava/lang/CharSequence;)Z @ 75
Event: 6.234 Thread 0x0000000002af6800 Uncommon trap: reason=class_check action=maybe_recompile pc=0x0000000003299878 method=java.util.regex.Pattern$Slice.match(Ljava/util/regex/Matcher;ILjava/lang/CharSequence;)Z @ 75
Event: 6.234 Thread 0x0000000002af6800 Uncommon trap: reason=unstable_if action=reinterpret pc=0x00000000032a8cb8 method=org.springframework.util.ConcurrentReferenceHashMap$Segment.restructureIfNecessary(Z)V @ 15
Event: 6.322 Thread 0x0000000002af6800 Uncommon trap: reason=unstable_if action=reinterpret pc=0x00000000032a7f4c method=sun.reflect.annotation.AnnotationInvocationHandler.invoke(Ljava/lang/Object;Ljava/lang/reflect/Method;[Ljava/lang/Object;)Ljava/lang/Object; @ 19
Event: 6.430 Thread 0x0000000002af6800 Uncommon trap: reason=unstable_if action=reinterpret pc=0x00000000032f6138 method=java.lang.reflect.Method.equals(Ljava/lang/Object;)Z @ 1
Event: 6.733 Thread 0x0000000002af6800 Uncommon trap: reason=unstable_if action=reinterpret pc=0x000000000325c4c0 method=java.util.concurrent.ConcurrentHashMap.get(Ljava/lang/Object;)Ljava/lang/Object; @ 76
Event: 6.734 Thread 0x0000000002af6800 Uncommon trap: reason=class_check action=maybe_recompile pc=0x00000000031e29b0 method=java.util.concurrent.ConcurrentHashMap.putVal(Ljava/lang/Object;Ljava/lang/Object;Z)Ljava/lang/Object; @ 192
Event: 6.746 Thread 0x0000000002af6800 Uncommon trap: reason=class_check action=maybe_recompile pc=0x00000000031e29b0 method=java.util.concurrent.ConcurrentHashMap.putVal(Ljava/lang/Object;Ljava/lang/Object;Z)Ljava/lang/Object; @ 192
Event: 6.746 Thread 0x0000000002af6800 Uncommon trap: reason=class_check action=maybe_recompile pc=0x00000000031e29b0 method=java.util.concurrent.ConcurrentHashMap.putVal(Ljava/lang/Object;Ljava/lang/Object;Z)Ljava/lang/Object; @ 192
Event: 6.748 Thread 0x0000000002af6800 Uncommon trap: reason=class_check action=maybe_recompile pc=0x00000000031e29b0 method=java.util.concurrent.ConcurrentHashMap.putVal(Ljava/lang/Object;Ljava/lang/Object;Z)Ljava/lang/Object; @ 192

Classes redefined (0 events):
No events

Internal exceptions (10 events):
Event: 6.432 Thread 0x0000000002af6800 Exception <a 'java/lang/ClassNotFoundException': org/mybatis/spring/SqlSessionFactoryBeanBeanInfo> (0x00000000ec3df940) thrown at [C:\re\workspace\8-2-build-windows-amd64-cygwin\jdk8u161\10277\hotspot\src\share\vm\classfile\systemDictionary.cpp, line 210]
Event: 6.433 Thread 0x0000000002af6800 Exception <a 'java/lang/ClassNotFoundException': org/mybatis/spring/SqlSessionFactoryBeanCustomizer> (0x00000000ec3f2968) thrown at [C:\re\workspace\8-2-build-windows-amd64-cygwin\jdk8u161\10277\hotspot\src\share\vm\classfile\systemDictionary.cpp, line 21
Event: 6.562 Thread 0x0000000002af6800 Exception <a 'java/lang/ClassNotFoundException': org/apache/commons/dbcp/BasicDataSourceBeanInfo> (0x00000000ec7d12f0) thrown at [C:\re\workspace\8-2-build-windows-amd64-cygwin\jdk8u161\10277\hotspot\src\share\vm\classfile\systemDictionary.cpp, line 210]
Event: 6.563 Thread 0x0000000002af6800 Exception <a 'java/lang/ClassNotFoundException': org/apache/commons/dbcp/BasicDataSourceCustomizer> (0x00000000ec7e4340) thrown at [C:\re\workspace\8-2-build-windows-amd64-cygwin\jdk8u161\10277\hotspot\src\share\vm\classfile\systemDictionary.cpp, line 210
Event: 6.694 Thread 0x0000000002af6800 Exception <a 'java/lang/ArrayIndexOutOfBoundsException': 18> (0x00000000ed03f088) thrown at [C:\re\workspace\8-2-build-windows-amd64-cygwin\jdk8u161\10277\hotspot\src\share\vm\interpreter\interpreterRuntime.cpp, line 366]
Event: 6.694 Thread 0x0000000002af6800 Exception <a 'java/lang/ArrayIndexOutOfBoundsException': 18> (0x00000000ed03f6e8) thrown at [C:\re\workspace\8-2-build-windows-amd64-cygwin\jdk8u161\10277\hotspot\src\share\vm\interpreter\interpreterRuntime.cpp, line 366]
Event: 6.747 Thread 0x0000000002af6800 Exception <a 'java/lang/ArrayIndexOutOfBoundsException': 18> (0x00000000eb2f6730) thrown at [C:\re\workspace\8-2-build-windows-amd64-cygwin\jdk8u161\10277\hotspot\src\share\vm\interpreter\interpreterRuntime.cpp, line 366]
Event: 6.747 Thread 0x0000000002af6800 Exception <a 'java/lang/ArrayIndexOutOfBoundsException': 18> (0x00000000eb2f6d38) thrown at [C:\re\workspace\8-2-build-windows-amd64-cygwin\jdk8u161\10277\hotspot\src\share\vm\interpreter\interpreterRuntime.cpp, line 366]
Event: 6.760 Thread 0x0000000002af6800 Exception <a 'java/lang/ArrayIndexOutOfBoundsException': 5> (0x00000000eb39e9d8) thrown at [C:\re\workspace\8-2-build-windows-amd64-cygwin\jdk8u161\10277\hotspot\src\share\vm\interpreter\interpreterRuntime.cpp, line 366]
Event: 6.760 Thread 0x0000000002af6800 Exception <a 'java/lang/ArrayIndexOutOfBoundsException': 5> (0x00000000eb39efe0) thrown at [C:\re\workspace\8-2-build-windows-amd64-cygwin\jdk8u161\10277\hotspot\src\share\vm\interpreter\interpreterRuntime.cpp, line 366]

Events (10 events):
Event: 6.923 loading class org/springframework/beans/factory/support/BeanDefinitionValueResolver$KeyedArgName done
Event: 6.936 loading class scau/zxck/base/dao/entity/SQLAdapter
Event: 6.936 loading class scau/zxck/base/dao/entity/SQLAdapter done
Event: 6.937 loading class org/springframework/jdbc/datasource/TransactionAwareDataSourceProxy
Event: 6.937 loading class org/springframework/jdbc/datasource/TransactionAwareDataSourceProxy done
Event: 6.943 loading class org/springframework/jdbc/datasource/DelegatingDataSource
Event: 6.943 loading class org/springframework/jdbc/datasource/DelegatingDataSource done
Event: 6.944 loading class org/apache/ibatis/session/Configuration
Event: 6.944 loading class org/apache/ibatis/session/Configuration done
Event: 6.947 Executing VM operation: CollectForMetadataAllocation


Dynamic libraries:
0x00007ff688dc0000 - 0x00007ff688df7000 	C:\Program Files\Java\jdk1.8.0_161\bin\java.exe
0x00007ffa91a40000 - 0x00007ffa91c11000 	C:\WINDOWS\SYSTEM32\ntdll.dll
0x00007ffa90f60000 - 0x00007ffa9100b000 	C:\WINDOWS\System32\KERNEL32.DLL
0x00007ffa8e2a0000 - 0x00007ffa8e4bd000 	C:\WINDOWS\System32\KERNELBASE.dll
0x00007ffa91910000 - 0x00007ffa919b2000 	C:\WINDOWS\System32\ADVAPI32.dll
0x00007ffa8f280000 - 0x00007ffa8f31e000 	C:\WINDOWS\System32\msvcrt.dll
0x00007ffa918a0000 - 0x00007ffa918f9000 	C:\WINDOWS\System32\sechost.dll
0x00007ffa911b0000 - 0x00007ffa912d1000 	C:\WINDOWS\System32\RPCRT4.dll
0x00007ffa8f7e0000 - 0x00007ffa8f945000 	C:\WINDOWS\System32\USER32.dll
0x00007ffa8e4c0000 - 0x00007ffa8e4de000 	C:\WINDOWS\System32\win32u.dll
0x00007ffa8f230000 - 0x00007ffa8f264000 	C:\WINDOWS\System32\GDI32.dll
0x00007ffa8edf0000 - 0x00007ffa8ef72000 	C:\WINDOWS\System32\gdi32full.dll
0x00007ffa814e0000 - 0x00007ffa81759000 	C:\WINDOWS\WinSxS\amd64_microsoft.windows.common-controls_6595b64144ccf1df_6.0.14393.447_none_42191651c6827bb3\COMCTL32.dll
0x00007ffa8f4b0000 - 0x00007ffa8f778000 	C:\WINDOWS\System32\combase.dll
0x00007ffa8e040000 - 0x00007ffa8e135000 	C:\WINDOWS\System32\ucrtbase.dll
0x00007ffa8dfd0000 - 0x00007ffa8e03a000 	C:\WINDOWS\System32\bcryptPrimitives.dll
0x00007ffa8f320000 - 0x00007ffa8f34e000 	C:\WINDOWS\System32\IMM32.DLL
0x0000000057940000 - 0x0000000057a12000 	C:\Program Files\Java\jdk1.8.0_161\jre\bin\msvcr100.dll
0x0000000056300000 - 0x0000000056b9f000 	C:\Program Files\Java\jdk1.8.0_161\jre\bin\server\jvm.dll
0x00007ffa91900000 - 0x00007ffa91908000 	C:\WINDOWS\System32\PSAPI.DLL
0x00007ffa8b930000 - 0x00007ffa8b939000 	C:\WINDOWS\SYSTEM32\WSOCK32.dll
0x00007ffa8b8c0000 - 0x00007ffa8b8e3000 	C:\WINDOWS\SYSTEM32\WINMM.dll
0x00007ffa919d0000 - 0x00007ffa91a3a000 	C:\WINDOWS\System32\WS2_32.dll
0x0000000002410000 - 0x000000000243b000 	C:\WINDOWS\SYSTEM32\WINMMBASE.dll
0x00007ffa8ef80000 - 0x00007ffa8efc2000 	C:\WINDOWS\System32\cfgmgr32.dll
0x00007ffa8d620000 - 0x00007ffa8d62a000 	C:\WINDOWS\SYSTEM32\VERSION.dll
0x0000000058140000 - 0x000000005814f000 	C:\Program Files\Java\jdk1.8.0_161\jre\bin\verify.dll
0x0000000058110000 - 0x0000000058139000 	C:\Program Files\Java\jdk1.8.0_161\jre\bin\java.dll
0x00000000580c0000 - 0x00000000580e3000 	C:\Program Files\Java\jdk1.8.0_161\jre\bin\instrument.dll
0x00000000580f0000 - 0x0000000058106000 	C:\Program Files\Java\jdk1.8.0_161\jre\bin\zip.dll
0x00007ffa8f950000 - 0x00007ffa90e59000 	C:\WINDOWS\System32\SHELL32.dll
0x00007ffa8e6b0000 - 0x00007ffa8ed8a000 	C:\WINDOWS\System32\windows.storage.dll
0x00007ffa8ded0000 - 0x00007ffa8df1c000 	C:\WINDOWS\System32\powrprof.dll
0x00007ffa90f00000 - 0x00007ffa90f52000 	C:\WINDOWS\System32\shlwapi.dll
0x00007ffa8df20000 - 0x00007ffa8df2f000 	C:\WINDOWS\System32\kernel.appcore.dll
0x00007ffa8e140000 - 0x00007ffa8e1e9000 	C:\WINDOWS\System32\shcore.dll
0x00007ffa8dea0000 - 0x00007ffa8deb4000 	C:\WINDOWS\System32\profapi.dll
0x00007ffa753d0000 - 0x00007ffa753ea000 	C:\Program Files\Jetbrains\IntelliJ IDEA 2018.1.5\bin\breakgen64.dll
0x0000000057920000 - 0x000000005793a000 	C:\Program Files\Java\jdk1.8.0_161\jre\bin\net.dll
0x00007ffa8d3f0000 - 0x00007ffa8d44c000 	C:\WINDOWS\system32\mswsock.dll
0x00000000580b0000 - 0x00000000580bd000 	C:\Program Files\Java\jdk1.8.0_161\jre\bin\management.dll
0x0000000057900000 - 0x0000000057911000 	C:\Program Files\Java\jdk1.8.0_161\jre\bin\nio.dll
0x00007ffa8d950000 - 0x00007ffa8dae2000 	C:\WINDOWS\SYSTEM32\dbghelp.dll

VM Arguments:
jvm_args: -ea -Didea.test.cyclic.buffer.size=1048576 -javaagent:C:\Program Files\Jetbrains\IntelliJ IDEA 2018.1.5\lib\idea_rt.jar=6759:C:\Program Files\Jetbrains\IntelliJ IDEA 2018.1.5\bin -Dfile.encoding=UTF-8 
java_command: com.intellij.rt.execution.junit.JUnitStarter -ideVersion5 -junit4 test.scau.zxck.web.admin.CartInfoActionTest,testAlterCart
java_class_path (initial): C:\Program Files\Jetbrains\IntelliJ IDEA 2018.1.5\lib\idea_rt.jar;C:\Program Files\Jetbrains\IntelliJ IDEA 2018.1.5\plugins\junit\lib\junit-rt.jar;C:\Program Files\Jetbrains\IntelliJ IDEA 2018.1.5\plugins\junit\lib\junit5-rt.jar;C:\Program Files\Java\jdk1.8.0_161\jre\lib\charsets.jar;C:\Program Files\Java\jdk1.8.0_161\jre\lib\deploy.jar;C:\Program Files\Java\jdk1.8.0_161\jre\lib\ext\access-bridge-64.jar;C:\Program Files\Java\jdk1.8.0_161\jre\lib\ext\cldrdata.jar;C:\Program Files\Java\jdk1.8.0_161\jre\lib\ext\dnsns.jar;C:\Program Files\Java\jdk1.8.0_161\jre\lib\ext\jaccess.jar;C:\Program Files\Java\jdk1.8.0_161\jre\lib\ext\jfxrt.jar;C:\Program Files\Java\jdk1.8.0_161\jre\lib\ext\localedata.jar;C:\Program Files\Java\jdk1.8.0_161\jre\lib\ext\nashorn.jar;C:\Program Files\Java\jdk1.8.0_161\jre\lib\ext\sunec.jar;C:\Program Files\Java\jdk1.8.0_161\jre\lib\ext\sunjce_provider.jar;C:\Program Files\Java\jdk1.8.0_161\jre\lib\ext\sunmscapi.jar;C:\Program Files\Java\jdk1.8.0_161\jre\lib\ext\sunpkcs11.jar;C:\Program Files\Java\jdk1.8.0_161\jre\lib\ext\zipfs.jar;C:\Program Files\Java\jdk1.8.0_161\jre\lib\javaws.jar;C:\Program Files\Java\jdk1.8.0_161\jre\lib\jce.jar;C:\Program Files\Java\jdk1.8.0_161\jre\lib\jfr.jar;C:\Program Files\Java\jdk1.8.0_161\jre\lib\jfxswt.jar;C:\Program Files\Java\jdk1.8.0_161\jre\lib\jsse.jar;C:\Program Files\Java\jdk1.8.0_161\jre\lib\management-agent.jar;C:\Program Files\Java\jdk1.8.0_161\jre\lib\plugin.jar;C:\Program Files\Java\jdk1.8.0_161\jre\lib\resources.jar;C:\Program Files\Java\jdk1.8.0_161\jre\lib\rt.jar;C:\Users\Administrator\Desktop\agencyOfFarmers\target\test-classes;C:\Users\Administrator\Desktop\agencyOfFarmers\target\classes;D:\apache-maven-3.5.4-bin\apache-maven-3.5.4\repository\scau\zxck\ssm-base\1.5\ssm-base-1.5.jar;D:\apache-maven-3.5.4-bin\apache-maven-3.5.4\repository\org\springframework\spring-core\4.1.6.RELEASE\spring-core-4.1.6.RELEASE.jar;D:\apache-maven-3.5.4-bin\apache-maven-3.5.4\repository\org\spr
Launcher Type: SUN_STANDARD

Environment Variables:
JAVA_HOME=C:\Program Files\Java\jdk1.8.0_161
JRE_HOME=C:\Program Files\Java\jre1.8.0_161
CLASSPATH=.;C:\Program Files\Java\jdk1.8.0_161\lib\dt.jar;C:\Program Files\Java\jdk1.8.0_161\lib\tools.jar;C:\Users\Administrator\Desktop\work\apache-tomcat-8.0.50\lib;
PATH=C:\Program Files\Java\jdk1.8.0_161\bin;C:\ProgramData\Oracle\Java\javapath;C:\WINDOWS\system32;C:\WINDOWS;C:\WINDOWS\System32\Wbem;D:\MATLAB7\bin\win32;C:\MATLAB7\bin\win32;C:\Program Files\Java\jdk1.8.0_161;H:\Program Files\Git\cmd;C:\Program Files\Microsoft SQL Server\Client SDK\ODBC\130\Tools\Binn\;C:\Program Files (x86)\Microsoft SQL Server\140\Tools\Binn\;C:\Program Files\Microsoft SQL Server\140\Tools\Binn\;C:\Program Files\Microsoft SQL Server\140\DTS\Binn\;C:\Program Files (x86)\Microsoft SQL Server\Client SDK\ODBC\130\Tools\Binn\;C:\Program Files (x86)\Microsoft SQL Server\140\DTS\Binn\;C:\Program Files (x86)\Microsoft SQL Server\140\Tools\Binn\ManagementStudio\;C:\Program Files (x86)\Xoreax\IncrediBuild;C:\Program Files\Java\jdk1.8.0_161\jre\bin;C:\Program Files\Java\jre1.8.0_161;e:\quartus\bin;C:\Program Files\Git\cmd;C:\Program Files\TortoiseGit\bin;D:\apache-maven-3.5.4-bin\apache-maven-3.5.4\bin;D:\bin;C:\Program Files\MySQL\MySQL Server 5.5\bin;C:\Program Files\MySQL\MySQL Server 5.5\lib;D:\Èí¼þ\Scripts\;D:\Èí¼þ\;C:\Users\Administrator\AppData\Local\Microsoft\WindowsApps
USERNAME=Administrator
OS=Windows_NT
PROCESSOR_IDENTIFIER=Intel64 Family 6 Model 78 Stepping 3, GenuineIntel



---------------  S Y S T E M  ---------------

OS: Windows 10.0 , 64 bit Build 14393 (10.0.14393.0)

CPU:total 4 (initial active 4) (2 cores per cpu, 2 threads per core) family 6 model 78 stepping 3, cmov, cx8, fxsr, mmx, sse, sse2, sse3, ssse3, sse4.1, sse4.2, popcnt, avx, avx2, aes, clmul, erms, 3dnowpref, lzcnt, ht, tsc, tscinvbit, bmi1, bmi2, adx

Memory: 4k page, physical 4097960k(179472k free), swap 11598436k(821728k free)

vm_info: Java HotSpot(TM) 64-Bit Server VM (25.161-b12) for windows-amd64 JRE (1.8.0_161-b12), built on Dec 19 2017 17:52:25 by "java_re" with MS VC++ 10.0 (VS2010)

time: Fri Jul 20 15:13:44 2018
elapsed time: 6 seconds (0d 0h 0m 6s)

